
                                                     Date: 2010/ 4/28  15:22
        **********************************************************
        *                                                        *
        *     BBBBBBB     AAAA     SSSSSS   EEEEEE   SSSSSS      *
        *     BB    BB   AA  AA   SS    SS  EE      SS    SS     *
        *     BB    BB  AA    AA  SS        EE      SS           *
        *     BBBBBBB   AAAAAAAA   SSSSSS   EEEEEE   SSSSSS      *
        *     BB    BB  AA    AA        SS  EE            SS     *
        *     BB    BB  AA    AA  SS    SS  EE      SS    SS     *
        *     BBBB BB   AA    AA   SSSSSS   EEEEEE   SSSSSS      *
        *                                                        *
        *                   BASES Version 5.1                    *
        *           coded by S.Kawabata KEK, March 1994          *
        **********************************************************


     <<   Parameters for BASES    >>

      (1) Dimensions of integration etc.
          # of dimensions :    Ndim    =        3   ( 50 at max.)
          # of Wilds      :    Nwild   =        3   ( 15 at max.)
          # of sample points : Ncall   =     9826(real)    10000(given)
          # of subregions    : Ng      =       34 / variable
          # of regions       : Nregion =       17 / variable
          # of Hypercubes    : Ncube   =     4913

      (2) About the integration variables
          ------+---------------+---------------+-------+-------
              i       XL(i)           XU(i)       IG(i)   Wild
          ------+---------------+---------------+-------+-------
              1   -9.210340E+00   -3.566750E-01     1      yes
              2    6.931472E-01    3.688879E+00     1      yes
              3   -1.000000E+00    0.000000E+00     1      yes
          ------+---------------+---------------+-------+-------

      (3) Parameters for the grid optimization step
          Max.# of iterations: ITMX1 =       10
          Expected accuracy  : Acc1  =   0.0500 %

      (4) Parameters for the integration step
          Max.# of iterations: ITMX2 =       10
          Expected accuracy  : Acc2  =   0.0100 %


     <<   Computing Time Information   >>

               (1) For BASES              H: M:  Sec
                   Overhead           :   0: 0: 0.00
                   Grid Optim. Step   :   0: 6:37.07
                   Integration Step   :   0: 6:50.87
                   Go time for all    :   0:13:27.95

               (2) Expected event generation time
                   Expected time for 1000 events :      5.97 Sec

                                                     Date: 2010/ 4/28  15:22
               Convergency Behavior for the Grid Optimization Step
 ------------------------------------------------------------------------------
 <- Result of  each iteration ->  <-     Cumulative Result     -> < CPU  time >
  IT Eff R_Neg   Estimate  Acc %  Estimate(+- Error )order  Acc % ( H: M: Sec )
 ------------------------------------------------------------------------------
   1  48  0.00  7.053E-02  0.869  7.052889(+-0.061293)E-02  0.869   0: 0:25.44
   2  75  0.00  7.012E-02  0.297  7.015910(+-0.019738)E-02  0.281   0: 1: 4.52
   3  80  0.00  7.068E-02  0.481  7.028921(+-0.017071)E-02  0.243   0: 1:46.34
   4  79  0.00  7.053E-02  0.380  7.035897(+-0.014399)E-02  0.205   0: 2:27.66
   5  80  0.00  7.025E-02  0.409  7.033767(+-0.012873)E-02  0.183   0: 3: 9.11
   6  80  0.00  7.016E-02  0.368  7.030127(+-0.011519)E-02  0.164   0: 3:50.52
   7  80  0.00  6.986E-02  0.396  7.023649(+-0.010632)E-02  0.151   0: 4:32.05
   8  81  0.00  7.058E-02  0.430  7.027438(+-0.010034)E-02  0.143   0: 5:13.92
   9  79  0.00  6.998E-02  0.330  7.022792(+-0.009203)E-02  0.131   0: 5:55.23
  10  81  0.00  7.062E-02  0.446  7.025908(+-0.008835)E-02  0.126   0: 6:37.07
 ------------------------------------------------------------------------------

                                                     Date: 2010/ 4/28  15:22
               Convergency Behavior for the Integration Step      
 ------------------------------------------------------------------------------
 <- Result of  each iteration ->  <-     Cumulative Result     -> < CPU  time >
  IT Eff R_Neg   Estimate  Acc %  Estimate(+- Error )order  Acc % ( H: M: Sec )
 ------------------------------------------------------------------------------
   1  79  0.00  7.067E-02  0.370  7.066643(+-0.026157)E-02  0.370   0: 7:18.19
   2  79  0.00  7.034E-02  0.360  7.049851(+-0.018190)E-02  0.258   0: 7:59.32
   3  79  0.00  7.030E-02  0.356  7.043004(+-0.014716)E-02  0.209   0: 8:40.40
   4  79  0.00  7.013E-02  0.344  7.034939(+-0.012561)E-02  0.179   0: 9:21.38
   5  79  0.00  7.021E-02  0.359  7.032194(+-0.011241)E-02  0.160   0:10: 2.47
   6  79  0.00  7.008E-02  0.332  7.027620(+-0.010119)E-02  0.144   0:10:43.60
   7  79  0.00  7.013E-02  0.359  7.025587(+-0.009388)E-02  0.134   0:11:24.72
   8  79  0.00  7.048E-02  0.357  7.028322(+-0.008797)E-02  0.125   0:12: 5.82
   9  79  0.00  7.031E-02  0.340  7.028682(+-0.008256)E-02  0.117   0:12:46.92
  10  79  0.00  7.033E-02  0.347  7.029134(+-0.007820)E-02  0.111   0:13:27.95
 ------------------------------------------------------------------------------



     *********  Contents of the histogram Header *********

 (1) Actual Buffer size     =   1124 Words
 (2) Contents of Histograms 
     Max. No. of Histograms =     50
     Number   of Histograms =      4
    ID     X_min        X_max    X_bin Hash Hst#
     1  -9.2103E+00  -3.5667E-01   40  2  1    1
     2   6.9315E-01   3.6889E+00   40  3  1    2
     3  -1.0000E+00   0.0000E+00   40  4  1    3
     4   1.0000E-06   4.0000E+00   40  5  1    4
 (3) Contents of Scatter Plots
     Max. No. of Scat_Plots =     50
     Number   of Scat_Plots =      0

 Histogram (ID =  1 ) for x                                                               
                              Linear Scale indicated by "*"
     x      d(Sigma)/dx     0.0E+00      2.2E-02     4.5E-02      6.7E-02      
 +-------+------------------+------------+-----------+------------+-----------+
 I  E  0 I 0.000        E  0I                                                 I
 I-9.210 I 0.000+-0.000 E  0I                                                 I
 I-8.989 I 0.000+-0.000 E  0I                                                 I
 I-8.768 I 0.000+-0.000 E  0I                                                 I
 I-8.546 I 0.000+-0.000 E  0I                                                 I
 I-8.325 I 0.000+-0.000 E  0I                                                 I
 I-8.104 I 0.000+-0.000 E  0I                                                 I
 I-7.882 I 0.000+-0.000 E  0I                                                 I
 I-7.661 I 0.000+-0.000 E  0I                                                 I
 I-7.440 I 0.000+-0.000 E  0I                                                 I
 I-7.218 I 0.000+-0.000 E  0I                                                 I
 I-6.997 I 0.000+-0.000 E  0I                                                 I
 I-6.776 I 0.000+-0.000 E  0I                                                 I
 I-6.554 I 0.000+-0.000 E  0I                                                 I
 I-6.333 I 0.000+-0.000 E  0I                                                 I
 I-6.112 I 0.000+-0.000 E  0I                                                 I
 I-5.890 I 0.000+-0.000 E  0I                                                 I
 I-5.669 I 0.000+-0.000 E  0I                                                 I
 I-5.448 I 0.000+-0.000 E  0I                                                 I
 I-5.226 I 0.000+-0.000 E  0I                                                 I
 I-5.005 I 0.000+-0.000 E  0I                                                 I
 I-4.784 I 0.000+-0.000 E  0I                                                 I
 I-4.562 I 0.000+-0.000 E  0I                                                 I
 I-4.341 I 0.000+-0.000 E  0I                                                 I
 I-4.119 I 0.000+-0.000 E  0I                                                 I
 I-3.898 I 0.000+-0.000 E  0I                                                 I
 I-3.677 I 0.000+-0.000 E  0I                                                 I
 I-3.455 I 0.000+-0.000 E  0I                                                 I
 I-3.234 I 0.000+-0.000 E  0I                                                 I
 I-3.013 I 0.000+-0.000 E  0I                                                 I
 I-2.791 I 0.000+-0.000 E  0I                                                 I
 I-2.570 I 0.000+-0.000 E  0I                                                 I
 I-2.349 I 0.000+-0.000 E  0I                                                 I
 I-2.127 I 0.000+-0.000 E  0I                                                 I
 I-1.906 I 0.000+-0.000 E  0I                                                 I
 I-1.685 I 0.000+-0.000 E  0I                                                 I
 I-1.463 I 0.000+-0.000 E  0I                                                 I
 I-1.242 I 0.000+-0.000 E  0I                                                 I
 I-1.021 I 0.000+-0.000 E  0I                                                 I
 I-0.799 I 0.000+-0.000 E  0I                                                 I
 I-0.578 I 0.000+-0.000 E  0I                                                 I
 I  E  0 I 7.030        E -2I****************************************OOOOOOOO I
 +-------+------------------+-------------------------------------------------+
     x      d(Sigma)/dx     1.0E-02                                    7.9E-02 
                              Logarithmic Scale indicated by "O"

 Histogram (ID =  2 ) for q                                                               
                              Linear Scale indicated by "*"
     x      d(Sigma)/dx     0.0E+00      1.6E-02      3.2E-02     4.9E-02      
 +-------+------------------+------------+------------+-----------+-----------+
 I  E  0 I 0.000        E  0I                                                 I
 I 0.693 I 0.000+-0.000 E  0I                                                 I
 I 0.768 I 0.000+-0.000 E  0I                                                 I
 I 0.843 I 0.000+-0.000 E  0I                                                 I
 I 0.918 I 0.000+-0.000 E  0I                                                 I
 I 0.993 I 0.000+-0.000 E  0I                                                 I
 I 1.068 I 0.000+-0.000 E  0I                                                 I
 I 1.143 I 0.000+-0.000 E  0I                                                 I
 I 1.217 I 0.000+-0.000 E  0I                                                 I
 I 1.292 I 0.000+-0.000 E  0I                                                 I
 I 1.367 I 0.000+-0.000 E  0I                                                 I
 I 1.442 I 0.000+-0.000 E  0I                                                 I
 I 1.517 I 0.000+-0.000 E  0I                                                 I
 I 1.592 I 0.000+-0.000 E  0I                                                 I
 I 1.667 I 0.000+-0.000 E  0I                                                 I
 I 1.742 I 0.000+-0.000 E  0I                                                 I
 I 1.817 I 0.000+-0.000 E  0I                                                 I
 I 1.891 I 0.000+-0.000 E  0I                                                 I
 I 1.966 I 3.076+-0.027 E -2I************************OOOOOOO                  I
 I 2.041 I 5.155+-0.031 E -2I****************************************OOOOO    I
 I 2.116 I 4.628+-0.027 E -2I************************************OOOOOO       I
 I 2.191 I 4.276+-0.024 E -2I*********************************OOOOOOO         I
 I 2.266 I 4.027+-0.022 E -2I*******************************OOOOOOO           I
 I 2.341 I 3.686+-0.021 E -2I*****************************OOOOOOO             I
 I 2.416 I 3.354+-0.017 E -2I**************************OOOOOOO                I
 I 2.491 I 3.172+-0.017 E -2I*************************OOOOOOO                 I
 I 2.565 I 2.751+-0.015 E -2I**********************OOOOOO                     I
 I 2.640 I 2.727+-0.013 E -2I*********************OOOOOOO                     I
 I 2.715 I 2.531+-0.014 E -2I********************OOOOOO                       I
 I 2.790 I 2.385+-0.012 E -2I*******************OOOOO                         I
 I 2.865 I 2.214+-0.012 E -2I******************OOOO                           I
 I 2.940 I 2.119+-0.011 E -2I*****************OOOO                            I
 I 3.015 I 2.023+-0.009 E -2I****************OOOO                             I
 I 3.090 I 1.754+-0.008 E -2I**************OO                                 I
 I 3.165 I 1.737+-0.008 E -2I**************O                                  I
 I 3.240 I 1.619+-0.007 E -2I*************O                                   I
 I 3.314 I 1.560+-0.009 E -2IOOOOOOOOOOOOO                                    I
 I 3.389 I 1.400+-0.007 E -2IOOOOOOOOOO*                                      I
 I 3.464 I 1.406+-0.008 E -2IOOOOOOOOOO*                                      I
 I 3.539 I 1.288+-0.006 E -2IOOOOOOO***                                       I
 I 3.614 I 1.236+-0.009 E -2IOOOOOO****                                       I
 I  E  0 I 2.527        E -2I********************OOOOOO                       I
 +-------+------------------+-------------------------------------------------+
     x      d(Sigma)/dx     1.0E-02                                    6.3E-02 
                              Logarithmic Scale indicated by "O"

 Histogram (ID =  3 ) for t                                                               
                              Linear Scale indicated by "*"
     x      d(Sigma)/dx     0.0E+00      9.0E-02     1.8E-01      2.7E-01      
 +-------+------------------+------------+-----------+------------+-----------+
 I  E  0 I 0.000        E  0I                                                 I
 I-1.000 I 2.009+-0.087 E -3I*OOOOOO                                          I
 I-0.975 I 2.312+-0.117 E -3I*OOOOOOO                                         I
 I-0.950 I 3.643+-0.203 E -3I*OOOOOOOOOOO                                     I
 I-0.925 I 3.313+-0.134 E -3I*OOOOOOOOOO                                      I
 I-0.900 I 4.044+-0.191 E -3I*OOOOOOOOOOOO                                    I
 I-0.875 I 4.167+-0.138 E -3I*OOOOOOOOOOOO                                    I
 I-0.850 I 4.560+-0.143 E -3I*OOOOOOOOOOOOO                                   I
 I-0.825 I 5.769+-0.236 E -3I*OOOOOOOOOOOOOOO                                 I
 I-0.800 I 5.316+-0.157 E -3I*OOOOOOOOOOOOOO                                  I
 I-0.775 I 6.325+-0.188 E -3I*OOOOOOOOOOOOOOOO                                I
 I-0.750 I 8.512+-0.288 E -3I**OOOOOOOOOOOOOOOOO                              I
 I-0.725 I 7.602+-0.223 E -3I**OOOOOOOOOOOOOOOO                               I
 I-0.700 I 1.013+-0.032 E -2I**OOOOOOOOOOOOOOOOOOO                            I
 I-0.675 I 1.177+-0.020 E -2I**OOOOOOOOOOOOOOOOOOOO                           I
 I-0.650 I 1.308+-0.020 E -2I**OOOOOOOOOOOOOOOOOOOOO                          I
 I-0.625 I 1.400+-0.020 E -2I**OOOOOOOOOOOOOOOOOOOOO                          I
 I-0.600 I 1.671+-0.023 E -2I***OOOOOOOOOOOOOOOOOOOOOO                        I
 I-0.575 I 2.037+-0.031 E -2I***OOOOOOOOOOOOOOOOOOOOOOOO                      I
 I-0.550 I 2.133+-0.041 E -2I***OOOOOOOOOOOOOOOOOOOOOOOO                      I
 I-0.525 I 2.333+-0.025 E -2I****OOOOOOOOOOOOOOOOOOOOOOOO                     I
 I-0.500 I 3.046+-0.033 E -2I*****OOOOOOOOOOOOOOOOOOOOOOOOO                   I
 I-0.475 I 3.292+-0.032 E -2I*****OOOOOOOOOOOOOOOOOOOOOOOOOO                  I
 I-0.450 I 3.873+-0.033 E -2I******OOOOOOOOOOOOOOOOOOOOOOOOOO                 I
 I-0.425 I 4.507+-0.041 E -2I*******OOOOOOOOOOOOOOOOOOOOOOOOOOO               I
 I-0.400 I 4.783+-0.038 E -2I*******OOOOOOOOOOOOOOOOOOOOOOOOOOO               I
 I-0.375 I 6.030+-0.043 E -2I*********OOOOOOOOOOOOOOOOOOOOOOOOOOO             I
 I-0.350 I 6.482+-0.041 E -2I**********OOOOOOOOOOOOOOOOOOOOOOOOOOO            I
 I-0.325 I 7.579+-0.043 E -2I***********OOOOOOOOOOOOOOOOOOOOOOOOOOO           I
 I-0.300 I 8.616+-0.046 E -2I************OOOOOOOOOOOOOOOOOOOOOOOOOOO          I
 I-0.275 I 9.488+-0.046 E -2I**************OOOOOOOOOOOOOOOOOOOOOOOOOO         I
 I-0.250 I 1.128+-0.005 E -1I****************OOOOOOOOOOOOOOOOOOOOOOOOOO       I
 I-0.225 I 1.279+-0.005 E -1I******************OOOOOOOOOOOOOOOOOOOOOOOOO      I
 I-0.200 I 1.444+-0.006 E -1I*********************OOOOOOOOOOOOOOOOOOOOOOO     I
 I-0.175 I 1.652+-0.006 E -1I***********************OOOOOOOOOOOOOOOOOOOOOO    I
 I-0.150 I 1.863+-0.006 E -1I**************************OOOOOOOOOOOOOOOOOOOO   I
 I-0.125 I 2.128+-0.007 E -1I******************************OOOOOOOOOOOOOOOOO  I
 I-0.100 I 2.378+-0.007 E -1I**********************************OOOOOOOOOOOOOO I
 I-0.075 I 2.674+-0.008 E -1I**************************************OOOOOOOOOOOI
 I-0.050 I 2.986+-0.009 E -1I******************************************OOOOOOOO
 I-0.025 I 2.934+-0.009 E -1I*****************************************OOOOOOOOO
 I  E  0 I 0.000        E  0I                                                 I
 +-------+------------------+--------------------+-------------------+--------+
     x      d(Sigma)/dx     1.0E-03              1.0E-02             1.0E-01   
                              Logarithmic Scale indicated by "O"

 Histogram (ID =  4 ) for Egam radie                                                      
                              Linear Scale indicated by "*"
     x      d(Sigma)/dx     0.0E+00      2.2E-02     4.5E-02      6.7E-02      
 +-------+------------------+------------+-----------+------------+-----------+
 I  E  0 I 7.030        E -2I****************************************OOOOOOOO I
 I 0.000 I 0.000+-0.000 E  0I                                                 I
 I 0.100 I 0.000+-0.000 E  0I                                                 I
 I 0.200 I 0.000+-0.000 E  0I                                                 I
 I 0.300 I 0.000+-0.000 E  0I                                                 I
 I 0.400 I 0.000+-0.000 E  0I                                                 I
 I 0.500 I 0.000+-0.000 E  0I                                                 I
 I 0.600 I 0.000+-0.000 E  0I                                                 I
 I 0.700 I 0.000+-0.000 E  0I                                                 I
 I 0.800 I 0.000+-0.000 E  0I                                                 I
 I 0.900 I 0.000+-0.000 E  0I                                                 I
 I 1.000 I 0.000+-0.000 E  0I                                                 I
 I 1.100 I 0.000+-0.000 E  0I                                                 I
 I 1.200 I 0.000+-0.000 E  0I                                                 I
 I 1.300 I 0.000+-0.000 E  0I                                                 I
 I 1.400 I 0.000+-0.000 E  0I                                                 I
 I 1.500 I 0.000+-0.000 E  0I                                                 I
 I 1.600 I 0.000+-0.000 E  0I                                                 I
 I 1.700 I 0.000+-0.000 E  0I                                                 I
 I 1.800 I 0.000+-0.000 E  0I                                                 I
 I 1.900 I 0.000+-0.000 E  0I                                                 I
 I 2.000 I 0.000+-0.000 E  0I                                                 I
 I 2.100 I 0.000+-0.000 E  0I                                                 I
 I 2.200 I 0.000+-0.000 E  0I                                                 I
 I 2.300 I 0.000+-0.000 E  0I                                                 I
 I 2.400 I 0.000+-0.000 E  0I                                                 I
 I 2.500 I 0.000+-0.000 E  0I                                                 I
 I 2.600 I 0.000+-0.000 E  0I                                                 I
 I 2.700 I 0.000+-0.000 E  0I                                                 I
 I 2.800 I 0.000+-0.000 E  0I                                                 I
 I 2.900 I 0.000+-0.000 E  0I                                                 I
 I 3.000 I 0.000+-0.000 E  0I                                                 I
 I 3.100 I 0.000+-0.000 E  0I                                                 I
 I 3.200 I 0.000+-0.000 E  0I                                                 I
 I 3.300 I 0.000+-0.000 E  0I                                                 I
 I 3.400 I 0.000+-0.000 E  0I                                                 I
 I 3.500 I 0.000+-0.000 E  0I                                                 I
 I 3.600 I 0.000+-0.000 E  0I                                                 I
 I 3.700 I 0.000+-0.000 E  0I                                                 I
 I 3.800 I 0.000+-0.000 E  0I                                                 I
 I 3.900 I 0.000+-0.000 E  0I                                                 I
 I  E  0 I 0.000        E  0I                                                 I
 +-------+------------------+-------------------------------------------------+
     x      d(Sigma)/dx     1.0E-02                                    7.9E-02 
                              Logarithmic Scale indicated by "O"
 *************************************
 *     INTEGRATION TERMINATED        *
 *************************************
 Total cross-section (nb) :   7.02913404E-02
 Error                    :   7.82012285E-05





                                                     Date: 2010/ 4/28  15:35
        **********************************************************
        *                                                        *
        *    SSSSS   PPPPPP   RRRRRR   IIIII  N    NN   GGGGG    *
        *   SS   SS  PP   PP  RR   RR   III   NN   NN  GG   GG   *
        *   SS       PP   PP  RR   RR   III   NNN  NN  GG        *
        *    SSSSS   PPPPPP   RRRRR     III   NNNN NN  GG  GGGG  *
        *        SS  PP       RR  RR    III   NN NNNN  GG   GG   *
        *   SS   SS  PP       RR   RR   III   NN  NNN  GG   GG   *
        *    SSSSS   PP       RR    RR IIIII  NN   NN   GGGGG    *
        *                                                        *
        *                  SPRING Version 5.1                    *
        *           coded by S.Kawabata KEK, March 1994          *
        **********************************************************

     Number of generated events    =        11
     Generation efficiency         =    78.571 Percent
     Computing time for generation =     0.090 Seconds
                    for Overhead   =   807.950 Seconds
                    for Others     =     0.000 Seconds
     GO time for event generation  =   808.040 Seconds
     Max. number of trials MXTRY   =        50 per event
     Number of miss-generation     =         0 times

     ************* Number of trials to get an event *************
 Total =        11 events   "*" : No. of events in Linear scale.
    x      Lg(dN/dx)  dN/dx 0.0E+00      2.5E+00      5.0E+00     7.5E+00      
 +-------+----------+-------+------------+------------+-----------+-----------+
 I 0.100 I 8.000E  0I      8I****************************************OOOOOO   I
 I 0.200 I 3.000E  0I      3I***************OOOOOOOOO                         I
 I 0.300 I 0.000E  0I      0I                                                 I
 I 0.400 I 0.000E  0I      0I                                                 I
 I 0.500 I 0.000E  0I      0I                                                 I
 I 0.600 I 0.000E  0I      0I                                                 I
 I 0.700 I 0.000E  0I      0I                                                 I
 I 0.800 I 0.000E  0I      0I                                                 I
 I 0.900 I 0.000E  0I      0I                                                 I
 I 1.000 I 0.000E  0I      0I                                                 I
 I 1.100 I 0.000E  0I      0I                                                 I
 I 1.200 I 0.000E  0I      0I                                                 I
 I 1.300 I 0.000E  0I      0I                                                 I
 I 1.400 I 0.000E  0I      0I                                                 I
 I 1.500 I 0.000E  0I      0I                                                 I
 I 1.600 I 0.000E  0I      0I                                                 I
 I 1.700 I 0.000E  0I      0I                                                 I
 I 1.800 I 0.000E  0I      0I                                                 I
 I 1.900 I 0.000E  0I      0I                                                 I
 I 2.000 I 0.000E  0I      0I                                                 I
 I 2.100 I 0.000E  0I      0I                                                 I
 I 2.200 I 0.000E  0I      0I                                                 I
 I 2.300 I 0.000E  0I      0I                                                 I
 I 2.400 I 0.000E  0I      0I                                                 I
 I 2.500 I 0.000E  0I      0I                                                 I
 I 2.600 I 0.000E  0I      0I                                                 I
 I 2.700 I 0.000E  0I      0I                                                 I
 I 2.800 I 0.000E  0I      0I                                                 I
 I 2.900 I 0.000E  0I      0I                                                 I
 I 3.000 I 0.000E  0I      0I                                                 I
 I 3.100 I 0.000E  0I      0I                                                 I
 I 3.200 I 0.000E  0I      0I                                                 I
 I 3.300 I 0.000E  0I      0I                                                 I
 I 3.400 I 0.000E  0I      0I                                                 I
 I 3.500 I 0.000E  0I      0I                                                 I
 I 3.600 I 0.000E  0I      0I                                                 I
 I 3.700 I 0.000E  0I      0I                                                 I
 I 3.800 I 0.000E  0I      0I                                                 I
 I 3.900 I 0.000E  0I      0I                                                 I
 I 4.000 I 0.000E  0I      0I                                                 I
 I 4.100 I 0.000E  0I      0I                                                 I
 I 4.200 I 0.000E  0I      0I                                                 I
 I 4.300 I 0.000E  0I      0I                                                 I
 I 4.400 I 0.000E  0I      0I                                                 I
 I 4.500 I 0.000E  0I      0I                                                 I
 I 4.600 I 0.000E  0I      0I                                                 I
 I 4.700 I 0.000E  0I      0I                                                 I
 I 4.800 I 0.000E  0I      0I                                                 I
 I 4.900 I 0.000E  0I      0I                                                 I
 I 5.000 I 0.000E  0I      0I                                                 I
 I  E  1 I 0.000E  0I      0I                                                 I
 +-------+----------+-------+-------------------------------------------------+
    x      Lg(dN/dx)  dN/dx 1.0E+00                                    1.0E+01 
                              "O" : No. of Events in Log. scale.



     *********  Contents of the histogram Header *********

 (1) Actual Buffer size     =   1124 Words
 (2) Contents of Histograms 
     Max. No. of Histograms =     50
     Number   of Histograms =      4
    ID     X_min        X_max    X_bin Hash Hst#
     1  -9.2103E+00  -3.5667E-01   40  2  1    1
     2   6.9315E-01   3.6889E+00   40  3  1    2
     3  -1.0000E+00   0.0000E+00   40  4  1    3
     4   1.0000E-06   4.0000E+00   40  5  1    4
 (3) Contents of Scatter Plots
     Max. No. of Scat_Plots =     50
     Number   of Scat_Plots =      0

 Original Histogram (ID =  1 ) for x                                                           

     ***************************************
     *    SPRING has no entry              *
     *     in the histogram ID(     1 )    *
     ***************************************

 Original Histogram (ID =  2 ) for q                                                           
 Total =        11 events   "*" : Orig. Dist. in Log Scale.
    x      d(Sig/dx)  dN/dx 1.0E-02                                    6.3E-02 
 +-------+----------+-------+-------------------------------------------------+
 I  E  0 I 0.000E  0I      0I                                                 I
 I 0.693 I 0.000E  0I      0I                                                 I
 I 0.768 I 0.000E  0I      0I                                                 I
 I 0.843 I 0.000E  0I      0I                                                 I
 I 0.918 I 0.000E  0I      0I                                                 I
 I 0.993 I 0.000E  0I      0I                                                 I
 I 1.068 I 0.000E  0I      0I                                                 I
 I 1.143 I 0.000E  0I      0I                                                 I
 I 1.217 I 0.000E  0I      0I                                                 I
 I 1.292 I 0.000E  0I      0I                                                 I
 I 1.367 I 0.000E  0I      0I                                                 I
 I 1.442 I 0.000E  0I      0I                                                 I
 I 1.517 I 0.000E  0I      0I                                                 I
 I 1.592 I 0.000E  0I      0I                                                 I
 I 1.667 I 0.000E  0I      0I                                                 I
 I 1.742 I 0.000E  0I      0I                                                 I
 I 1.817 I 0.000E  0I      0I                                                 I
 I 1.891 I 0.000E  0I      0I                                                 I
 I 1.966 I 3.076E -2I      0I*******************************                  I
 I 2.041 I 5.155E -2I      1I*********************************************    O
 I 2.116 I 4.628E -2I      1I******************************************       O
 I 2.191 I 4.276E -2I      0I****************************************         I
 I 2.266 I 4.027E -2I      0I**************************************           I
 I 2.341 I 3.686E -2I      0I************************************             I
 I 2.416 I 3.354E -2I      0I*********************************                I
 I 2.491 I 3.172E -2I      0I********************************                 I
 I 2.565 I 2.751E -2I      0I****************************                     I
 I 2.640 I 2.727E -2I      0I****************************                     I
 I 2.715 I 2.531E -2I      0I**************************                       I
 I 2.790 I 2.385E -2I      0I************************                         I
 I 2.865 I 2.214E -2I      0I**********************                           I
 I 2.940 I 2.119E -2I      0I*********************                            I
 I 3.015 I 2.023E -2I      0I********************                             I
 I 3.090 I 1.754E -2I      0I****************                                 I
 I 3.165 I 1.737E -2I      0I***************                                  I
 I 3.240 I 1.619E -2I      2I**************                                   O
 I 3.314 I 1.560E -2I      1I*************                                    O
 I 3.389 I 1.400E -2I      0I**********                                       I
 I 3.464 I 1.406E -2I      0I**********                                       I
 I 3.539 I 1.288E -2I      0I*******                                          I
 I 3.614 I 1.236E -2I      0I******                                           I
 I  E  0 I 2.527E -2I      6I**************************     <             O   I
 +-------+----------+-------+-------------------------------------------------+
    x      d(Sig/dx)  dN/dx    "O" : Generated Events.( Arbitrary unit in Log )

 Original Histogram (ID =  3 ) for t                                                           
 Total =        11 events   "*" : Orig. Dist. in Log Scale.
    x      d(Sig/dx)  dN/dx 1.0E-03              1.0E-02             1.0E-01   
 +-------+----------+-------+--------------------+-------------------+--------+
 I  E  0 I 0.000E  0I      0I                                                 I
 I-1.000 I 2.009E -3I      0I*******                                          I
 I-0.975 I 2.312E -3I      0I********                                         I
 I-0.950 I 3.643E -3I      0I************                                     I
 I-0.925 I 3.313E -3I      0I***********                                      I
 I-0.900 I 4.044E -3I      0I*************                                    I
 I-0.875 I 4.167E -3I      0I*************                                    I
 I-0.850 I 4.560E -3I      0I**************                                   I
 I-0.825 I 5.769E -3I      0I****************                                 I
 I-0.800 I 5.316E -3I      0I***************                                  I
 I-0.775 I 6.325E -3I      0I*****************                                I
 I-0.750 I 8.512E -3I      0I*******************                              I
 I-0.725 I 7.602E -3I      0I******************                               I
 I-0.700 I 1.013E -2I      0I*********************                            I
 I-0.675 I 1.177E -2I      0I**********************                           I
 I-0.650 I 1.308E -2I      0I***********************                          I
 I-0.625 I 1.400E -2I      0I***********************                          I
 I-0.600 I 1.671E -2I      0I*************************                        I
 I-0.575 I 2.037E -2I      0I***************************                      I
 I-0.550 I 2.133E -2I      1I***************************                     OI
 I-0.525 I 2.333E -2I      1I****************************                    OI
 I-0.500 I 3.046E -2I      0I******************************                   I
 I-0.475 I 3.292E -2I      0I*******************************                  I
 I-0.450 I 3.873E -2I      0I********************************                 I
 I-0.425 I 4.507E -2I      0I**********************************               I
 I-0.400 I 4.783E -2I      0I**********************************               I
 I-0.375 I 6.030E -2I      1I************************************            OI
 I-0.350 I 6.482E -2I      0I*************************************            I
 I-0.325 I 7.579E -2I      0I**************************************           I
 I-0.300 I 8.616E -2I      0I***************************************          I
 I-0.275 I 9.488E -2I      0I****************************************         I
 I-0.250 I 1.128E -1I      0I******************************************       I
 I-0.225 I 1.279E -1I      0I*******************************************      I
 I-0.200 I 1.444E -1I      0I********************************************     I
 I-0.175 I 1.652E -1I      0I*********************************************    I
 I-0.150 I 1.863E -1I      0I**********************************************   I
 I-0.125 I 2.128E -1I      1I*********************************************** OI
 I-0.100 I 2.378E -1I      2I*******************************************<**** O
 I-0.075 I 2.674E -1I      3I*************************************************O
 I-0.050 I 2.986E -1I      2I*******************************************<*****O
 I-0.025 I 2.934E -1I      0I**************************************************
 I  E  0 I 0.000E  0I      0I                                                 I
 +-------+----------+-------+--------------------+-------------------+--------+
    x      d(Sig/dx)  dN/dx    "O" : Generated Events.( Arbitrary unit in Log )

 Original Histogram (ID =  4 ) for Egam radie                                                  

     ***************************************
     *    SPRING has no entry              *
     *     in the histogram ID(     4 )    *
     ***************************************
