
                                                     Date: 2010/ 4/21  10:35
        **********************************************************
        *                                                        *
        *     BBBBBBB     AAAA     SSSSSS   EEEEEE   SSSSSS      *
        *     BB    BB   AA  AA   SS    SS  EE      SS    SS     *
        *     BB    BB  AA    AA  SS        EE      SS           *
        *     BBBBBBB   AAAAAAAA   SSSSSS   EEEEEE   SSSSSS      *
        *     BB    BB  AA    AA        SS  EE            SS     *
        *     BB    BB  AA    AA  SS    SS  EE      SS    SS     *
        *     BBBB BB   AA    AA   SSSSSS   EEEEEE   SSSSSS      *
        *                                                        *
        *                   BASES Version 5.1                    *
        *           coded by S.Kawabata KEK, March 1994          *
        **********************************************************


     <<   Parameters for BASES    >>

      (1) Dimensions of integration etc.
          # of dimensions :    Ndim    =        3   ( 50 at max.)
          # of Wilds      :    Nwild   =        3   ( 15 at max.)
          # of sample points : Ncall   =     9826(real)    10000(given)
          # of subregions    : Ng      =       34 / variable
          # of regions       : Nregion =       17 / variable
          # of Hypercubes    : Ncube   =     4913

      (2) About the integration variables
          ------+---------------+---------------+-------+-------
              i       XL(i)           XU(i)       IG(i)   Wild
          ------+---------------+---------------+-------+-------
              1   -9.210340E+00   -3.566750E-01     1      yes
              2    6.931472E-01    3.688879E+00     1      yes
              3   -1.500000E+00    0.000000E+00     1      yes
          ------+---------------+---------------+-------+-------

      (3) Parameters for the grid optimization step
          Max.# of iterations: ITMX1 =       10
          Expected accuracy  : Acc1  =   0.0500 %

      (4) Parameters for the integration step
          Max.# of iterations: ITMX2 =       10
          Expected accuracy  : Acc2  =   0.0100 %


     <<   Computing Time Information   >>

               (1) For BASES              H: M:  Sec
                   Overhead           :   0: 0: 0.01
                   Grid Optim. Step   :   0: 5:20.54
                   Integration Step   :   0: 5:41.90
                   Go time for all    :   0:11: 2.46

               (2) Expected event generation time
                   Expected time for 1000 events :      4.97 Sec

                                                     Date: 2010/ 4/21  10:35
               Convergency Behavior for the Grid Optimization Step
 ------------------------------------------------------------------------------
 <- Result of  each iteration ->  <-     Cumulative Result     -> < CPU  time >
  IT Eff R_Neg   Estimate  Acc %  Estimate(+- Error )order  Acc % ( H: M: Sec )
 ------------------------------------------------------------------------------
   1  24  0.00  1.441E-02  3.338  1.441066(+-0.048100)E-02  3.338   0: 0:13.34
   2  66  0.00  1.495E-02  1.132  1.489087(+-0.015967)E-02  1.072   0: 0:48.04
   3  63  0.00  1.496E-02  0.629  1.494419(+-0.008111)E-02  0.543   0: 1:20.98
   4  67  0.00  1.488E-02  0.903  1.492729(+-0.006944)E-02  0.465   0: 1:56.16
   5  64  0.00  1.481E-02  0.611  1.488466(+-0.005509)E-02  0.370   0: 2:29.75
   6  68  0.00  1.495E-02  0.884  1.489366(+-0.005085)E-02  0.341   0: 3: 5.55
   7  64  0.00  1.473E-02  0.635  1.485752(+-0.004469)E-02  0.301   0: 3:39.11
   8  66  0.00  1.495E-02  0.902  1.486648(+-0.004242)E-02  0.285   0: 4:13.33
   9  62  0.00  1.487E-02  0.666  1.486640(+-0.003899)E-02  0.262   0: 4:45.89
  10  66  0.00  1.483E-02  0.653  1.486155(+-0.003617)E-02  0.243   0: 5:20.54
 ------------------------------------------------------------------------------

                                                     Date: 2010/ 4/21  10:35
               Convergency Behavior for the Integration Step      
 ------------------------------------------------------------------------------
 <- Result of  each iteration ->  <-     Cumulative Result     -> < CPU  time >
  IT Eff R_Neg   Estimate  Acc %  Estimate(+- Error )order  Acc % ( H: M: Sec )
 ------------------------------------------------------------------------------
   1  65  0.00  1.478E-02  0.715  1.478044(+-0.010564)E-02  0.715   0: 5:54.58
   2  65  0.00  1.471E-02  0.707  1.474448(+-0.007410)E-02  0.503   0: 6:28.50
   3  65  0.00  1.480E-02  0.606  1.476559(+-0.005712)E-02  0.387   0: 7: 2.51
   4  65  0.00  1.482E-02  0.663  1.477824(+-0.004938)E-02  0.334   0: 7:36.57
   5  65  0.00  1.478E-02  0.778  1.477902(+-0.004538)E-02  0.307   0: 8:10.44
   6  66  0.00  1.495E-02  0.718  1.480448(+-0.004179)E-02  0.282   0: 8:44.76
   7  66  0.00  1.484E-02  0.702  1.480878(+-0.003878)E-02  0.262   0: 9:18.96
   8  66  0.00  1.503E-02  0.760  1.483116(+-0.003672)E-02  0.248   0: 9:53.60
   9  65  0.00  1.495E-02  0.757  1.484239(+-0.003493)E-02  0.235   0:10:28.00
  10  66  0.00  1.505E-02  0.669  1.486470(+-0.003300)E-02  0.222   0:11: 2.45
 ------------------------------------------------------------------------------



     *********  Contents of the histogram Header *********

 (1) Actual Buffer size     =    843 Words
 (2) Contents of Histograms 
     Max. No. of Histograms =     50
     Number   of Histograms =      3
    ID     X_min        X_max    X_bin Hash Hst#
     1  -9.2103E+00  -3.5667E-01   40  2  1    1
     2   6.9315E-01   3.6889E+00   40  3  1    2
     3  -1.5000E+00   0.0000E+00   40  4  1    3
 (3) Contents of Scatter Plots
     Max. No. of Scat_Plots =     50
     Number   of Scat_Plots =      0

 Histogram (ID =  1 ) for x                                                               
                              Linear Scale indicated by "*"
     x      d(Sigma)/dx     0.0E+00      4.5E-03      9.0E-03     1.3E-02      
 +-------+------------------+------------+------------+-----------+-----------+
 I  E  0 I 0.000        E  0I                                                 I
 I-9.210 I 0.000+-0.000 E  0I                                                 I
 I-8.989 I 0.000+-0.000 E  0I                                                 I
 I-8.768 I 0.000+-0.000 E  0I                                                 I
 I-8.546 I 0.000+-0.000 E  0I                                                 I
 I-8.325 I 0.000+-0.000 E  0I                                                 I
 I-8.104 I 0.000+-0.000 E  0I                                                 I
 I-7.882 I 0.000+-0.000 E  0I                                                 I
 I-7.661 I 0.000+-0.000 E  0I                                                 I
 I-7.440 I 0.000+-0.000 E  0I                                                 I
 I-7.218 I 0.000+-0.000 E  0I                                                 I
 I-6.997 I 0.000+-0.000 E  0I                                                 I
 I-6.776 I 0.000+-0.000 E  0I                                                 I
 I-6.554 I 0.000+-0.000 E  0I                                                 I
 I-6.333 I 0.000+-0.000 E  0I                                                 I
 I-6.112 I 0.000+-0.000 E  0I                                                 I
 I-5.890 I 0.000+-0.000 E  0I                                                 I
 I-5.669 I 0.000+-0.000 E  0I                                                 I
 I-5.448 I 0.000+-0.000 E  0I                                                 I
 I-5.226 I 0.000+-0.000 E  0I                                                 I
 I-5.005 I 0.000+-0.000 E  0I                                                 I
 I-4.784 I 0.000+-0.000 E  0I                                                 I
 I-4.562 I 0.000+-0.000 E  0I                                                 I
 I-4.341 I 0.000+-0.000 E  0I                                                 I
 I-4.119 I 0.000+-0.000 E  0I                                                 I
 I-3.898 I 0.000+-0.000 E  0I                                                 I
 I-3.677 I 0.000+-0.000 E  0I                                                 I
 I-3.455 I 0.000+-0.000 E  0I                                                 I
 I-3.234 I 0.000+-0.000 E  0I                                                 I
 I-3.013 I 0.000+-0.000 E  0I                                                 I
 I-2.791 I 0.000+-0.000 E  0I                                                 I
 I-2.570 I 0.000+-0.000 E  0I                                                 I
 I-2.349 I 0.000+-0.000 E  0I                                                 I
 I-2.127 I 0.000+-0.000 E  0I                                                 I
 I-1.906 I 0.000+-0.000 E  0I                                                 I
 I-1.685 I 0.000+-0.000 E  0I                                                 I
 I-1.463 I 0.000+-0.000 E  0I                                                 I
 I-1.242 I 0.000+-0.000 E  0I                                                 I
 I-1.021 I 0.000+-0.000 E  0I                                                 I
 I-0.799 I 0.000+-0.000 E  0I                                                 I
 I-0.578 I 0.000+-0.000 E  0I                                                 I
 I  E  0 I 1.487        E -2I******************************************OOOOOO I
 +-------+------------------+-------------------------------------------------+
     x      d(Sigma)/dx     1.0E-02                                    1.5E-02 
                              Logarithmic Scale indicated by "O"

 Histogram (ID =  2 ) for q                                                               
                              Linear Scale indicated by "*"
     x      d(Sigma)/dx     0.0E+00      3.0E-03      6.0E-03     9.0E-03      
 +-------+------------------+------------+------------+-----------+-----------+
 I  E  0 I 0.000        E  0I                                                 I
 I 0.693 I 0.000+-0.000 E  0I                                                 I
 I 0.768 I 0.000+-0.000 E  0I                                                 I
 I 0.843 I 0.000+-0.000 E  0I                                                 I
 I 0.918 I 0.000+-0.000 E  0I                                                 I
 I 0.993 I 0.000+-0.000 E  0I                                                 I
 I 1.068 I 0.000+-0.000 E  0I                                                 I
 I 1.143 I 0.000+-0.000 E  0I                                                 I
 I 1.217 I 0.000+-0.000 E  0I                                                 I
 I 1.292 I 0.000+-0.000 E  0I                                                 I
 I 1.367 I 0.000+-0.000 E  0I                                                 I
 I 1.442 I 0.000+-0.000 E  0I                                                 I
 I 1.517 I 0.000+-0.000 E  0I                                                 I
 I 1.592 I 0.000+-0.000 E  0I                                                 I
 I 1.667 I 0.000+-0.000 E  0I                                                 I
 I 1.742 I 0.000+-0.000 E  0I                                                 I
 I 1.817 I 0.000+-0.000 E  0I                                                 I
 I 1.891 I 0.000+-0.000 E  0I                                                 I
 I 1.966 I 5.456+-0.086 E -3I***********************OOOOOOOOOOOOOO            I
 I 2.041 I 9.272+-0.110 E -3I***************************************OOOOOOOOOOI
 I 2.116 I 8.567+-0.121 E -3I************************************OOOOOOOOOOO  I
 I 2.191 I 7.954+-0.103 E -3I**********************************OOOOOOOOOOOO   I
 I 2.266 I 7.307+-0.087 E -3I*******************************OOOOOOOOOOOOO     I
 I 2.341 I 6.901+-0.087 E -3I*****************************OOOOOOOOOOOOO       I
 I 2.416 I 6.738+-0.104 E -3I*****************************OOOOOOOOOOOOO       I
 I 2.491 I 5.960+-0.075 E -3I*************************OOOOOOOOOOOOOO          I
 I 2.565 I 5.666+-0.070 E -3I************************OOOOOOOOOOOOOO           I
 I 2.640 I 5.139+-0.050 E -3I**********************OOOOOOOOOOOOOO             I
 I 2.715 I 4.885+-0.072 E -3I*********************OOOOOOOOOOOOOO              I
 I 2.790 I 4.739+-0.062 E -3I********************OOOOOOOOOOOOOO               I
 I 2.865 I 4.523+-0.055 E -3I*******************OOOOOOOOOOOOOO                I
 I 2.940 I 4.245+-0.063 E -3I******************OOOOOOOOOOOOOO                 I
 I 3.015 I 3.957+-0.043 E -3I*****************OOOOOOOOOOOOO                   I
 I 3.090 I 3.838+-0.042 E -3I****************OOOOOOOOOOOOOO                   I
 I 3.165 I 3.707+-0.039 E -3I****************OOOOOOOOOOOOO                    I
 I 3.240 I 3.294+-0.035 E -3I**************OOOOOOOOOOOO                       I
 I 3.314 I 3.038+-0.040 E -3I*************OOOOOOOOOOOO                        I
 I 3.389 I 3.122+-0.033 E -3I**************OOOOOOOOOOO                        I
 I 3.464 I 2.858+-0.033 E -3I************OOOOOOOOOOO                          I
 I 3.539 I 2.604+-0.030 E -3I***********OOOOOOOOOO                            I
 I 3.614 I 2.582+-0.041 E -3I***********OOOOOOOOOO                            I
 I  E  0 I 6.155        E -3I**************************OOOOOOOOOOOOOO         I
 +-------+------------------+-------------------------------------------------+
     x      d(Sigma)/dx     1.0E-03                                    1.0E-02 
                              Logarithmic Scale indicated by "O"

 Histogram (ID =  3 ) for t                                                               
                              Linear Scale indicated by "*"
     x      d(Sigma)/dx     0.0E+00      2.0E-02      4.0E-02     6.0E-02      
 +-------+------------------+------------+------------+-----------+-----------+
 I  E  0 I 0.000        E  0I                                                 I
 I-1.500 I 2.370+-0.285 E -4I*OOOOOO                                          I
 I-1.462 I 2.479+-0.322 E -4I*OOOOOO                                          I
 I-1.425 I 3.524+-0.417 E -4I*OOOOOOOOO                                       I
 I-1.388 I 3.640+-0.395 E -4I*OOOOOOOOO                                       I
 I-1.350 I 3.472+-0.425 E -4I*OOOOOOOOO                                       I
 I-1.313 I 3.852+-0.463 E -4I*OOOOOOOOO                                       I
 I-1.275 I 4.041+-0.408 E -4I*OOOOOOOOOO                                      I
 I-1.237 I 3.828+-0.437 E -4I*OOOOOOOOO                                       I
 I-1.200 I 3.837+-0.458 E -4I*OOOOOOOOO                                       I
 I-1.163 I 3.871+-0.453 E -4I*OOOOOOOOO                                       I
 I-1.125 I 4.847+-0.586 E -4I*OOOOOOOOOOO                                     I
 I-1.087 I 6.183+-0.689 E -4I*OOOOOOOOOOOOO                                   I
 I-1.050 I 4.713+-0.502 E -4I*OOOOOOOOOOO                                     I
 I-1.012 I 7.629+-0.790 E -4I*OOOOOOOOOOOOOO                                  I
 I-0.975 I 7.582+-0.649 E -4I*OOOOOOOOOOOOOO                                  I
 I-0.938 I 8.996+-0.611 E -4I*OOOOOOOOOOOOOOO                                 I
 I-0.900 I 9.088+-0.585 E -4I*OOOOOOOOOOOOOOO                                 I
 I-0.862 I 1.089+-0.076 E -3I*OOOOOOOOOOOOOOOOO                               I
 I-0.825 I 1.106+-0.075 E -3I*OOOOOOOOOOOOOOOOO                               I
 I-0.787 I 1.376+-0.080 E -3I*OOOOOOOOOOOOOOOOOO                              I
 I-0.750 I 1.709+-0.092 E -3I**OOOOOOOOOOOOOOOOOOO                            I
 I-0.712 I 2.037+-0.136 E -3I**OOOOOOOOOOOOOOOOOOOO                           I
 I-0.675 I 2.463+-0.116 E -3I**OOOOOOOOOOOOOOOOOOOOOO                         I
 I-0.637 I 2.542+-0.067 E -3I**OOOOOOOOOOOOOOOOOOOOOO                         I
 I-0.600 I 3.670+-0.109 E -3I***OOOOOOOOOOOOOOOOOOOOOOOO                      I
 I-0.562 I 4.123+-0.109 E -3I***OOOOOOOOOOOOOOOOOOOOOOOO                      I
 I-0.525 I 5.331+-0.138 E -3I****OOOOOOOOOOOOOOOOOOOOOOOOO                    I
 I-0.487 I 6.444+-0.151 E -3I*****OOOOOOOOOOOOOOOOOOOOOOOOOO                  I
 I-0.450 I 7.770+-0.144 E -3I*****OOOOOOOOOOOOOOOOOOOOOOOOOOO                 I
 I-0.412 I 9.846+-0.145 E -3I*******OOOOOOOOOOOOOOOOOOOOOOOOOOO               I
 I-0.375 I 1.254+-0.018 E -2I********OOOOOOOOOOOOOOOOOOOOOOOOOOO              I
 I-0.337 I 1.549+-0.017 E -2I**********OOOOOOOOOOOOOOOOOOOOOOOOOOO            I
 I-0.300 I 1.886+-0.015 E -2I************OOOOOOOOOOOOOOOOOOOOOOOOOO           I
 I-0.262 I 2.471+-0.025 E -2I****************OOOOOOOOOOOOOOOOOOOOOOOO         I
 I-0.225 I 2.962+-0.015 E -2I*******************OOOOOOOOOOOOOOOOOOOOOOO       I
 I-0.187 I 3.737+-0.019 E -2I************************OOOOOOOOOOOOOOOOOOO      I
 I-0.150 I 4.601+-0.020 E -2I*****************************OOOOOOOOOOOOOOOO    I
 I-0.112 I 5.389+-0.011 E -2I**********************************OOOOOOOOOOOO   I
 I-0.075 I 5.953+-0.011 E -2I**************************************OOOOOOOOO  I
 I-0.037 I 4.059+-0.017 E -2I**************************OOOOOOOOOOOOOOOOOO     I
 I  E  0 I 0.000        E  0I                                                 I
 +-------+------------------+----------------+----------------+---------------+
     x      d(Sigma)/dx     1.0E-04          1.0E-03          1.0E-02          
                              Logarithmic Scale indicated by "O"
 *************************************
 *     INTEGRATION TERMINATED        *
 *************************************
 Total cross-section (nb) :   1.48646990E-02
 Error                    :   3.29989452E-05





                                                     Date: 2010/ 4/21  10:46
        **********************************************************
        *                                                        *
        *    SSSSS   PPPPPP   RRRRRR   IIIII  N    NN   GGGGG    *
        *   SS   SS  PP   PP  RR   RR   III   NN   NN  GG   GG   *
        *   SS       PP   PP  RR   RR   III   NNN  NN  GG        *
        *    SSSSS   PPPPPP   RRRRR     III   NNNN NN  GG  GGGG  *
        *        SS  PP       RR  RR    III   NN NNNN  GG   GG   *
        *   SS   SS  PP       RR   RR   III   NN  NNN  GG   GG   *
        *    SSSSS   PP       RR    RR IIIII  NN   NN   GGGGG    *
        *                                                        *
        *                  SPRING Version 5.1                    *
        *           coded by S.Kawabata KEK, March 1994          *
        **********************************************************

     Number of generated events    =        10
     Generation efficiency         =    16.129 Percent
     Computing time for generation =     0.060 Seconds
                    for Overhead   =   662.460 Seconds
                    for Others     =     0.000 Seconds
     GO time for event generation  =   662.520 Seconds
     Max. number of trials MXTRY   =        50 per event
     Number of miss-generation     =         1 times

     ************* Number of trials to get an event *************
 Total =        11 events   "*" : No. of events in Linear scale.
    x      Lg(dN/dx)  dN/dx 0.0E+00      2.5E+00      5.0E+00     7.5E+00      
 +-------+----------+-------+------------+------------+-----------+-----------+
 I 0.100 I 8.000E  0I      8I****************************************OOOOOO   I
 I 0.200 I 2.000E  0I      2I**********OOOOOO                                 I
 I 0.300 I 0.000E  0I      0I                                                 I
 I 0.400 I 0.000E  0I      0I                                                 I
 I 0.500 I 0.000E  0I      0I                                                 I
 I 0.600 I 0.000E  0I      0I                                                 I
 I 0.700 I 0.000E  0I      0I                                                 I
 I 0.800 I 0.000E  0I      0I                                                 I
 I 0.900 I 0.000E  0I      0I                                                 I
 I 1.000 I 0.000E  0I      0I                                                 I
 I 1.100 I 0.000E  0I      0I                                                 I
 I 1.200 I 0.000E  0I      0I                                                 I
 I 1.300 I 0.000E  0I      0I                                                 I
 I 1.400 I 0.000E  0I      0I                                                 I
 I 1.500 I 0.000E  0I      0I                                                 I
 I 1.600 I 0.000E  0I      0I                                                 I
 I 1.700 I 0.000E  0I      0I                                                 I
 I 1.800 I 0.000E  0I      0I                                                 I
 I 1.900 I 0.000E  0I      0I                                                 I
 I 2.000 I 0.000E  0I      0I                                                 I
 I 2.100 I 0.000E  0I      0I                                                 I
 I 2.200 I 0.000E  0I      0I                                                 I
 I 2.300 I 0.000E  0I      0I                                                 I
 I 2.400 I 0.000E  0I      0I                                                 I
 I 2.500 I 0.000E  0I      0I                                                 I
 I 2.600 I 0.000E  0I      0I                                                 I
 I 2.700 I 0.000E  0I      0I                                                 I
 I 2.800 I 0.000E  0I      0I                                                 I
 I 2.900 I 0.000E  0I      0I                                                 I
 I 3.000 I 0.000E  0I      0I                                                 I
 I 3.100 I 0.000E  0I      0I                                                 I
 I 3.200 I 0.000E  0I      0I                                                 I
 I 3.300 I 0.000E  0I      0I                                                 I
 I 3.400 I 0.000E  0I      0I                                                 I
 I 3.500 I 0.000E  0I      0I                                                 I
 I 3.600 I 0.000E  0I      0I                                                 I
 I 3.700 I 0.000E  0I      0I                                                 I
 I 3.800 I 0.000E  0I      0I                                                 I
 I 3.900 I 0.000E  0I      0I                                                 I
 I 4.000 I 0.000E  0I      0I                                                 I
 I 4.100 I 0.000E  0I      0I                                                 I
 I 4.200 I 0.000E  0I      0I                                                 I
 I 4.300 I 0.000E  0I      0I                                                 I
 I 4.400 I 0.000E  0I      0I                                                 I
 I 4.500 I 0.000E  0I      0I                                                 I
 I 4.600 I 0.000E  0I      0I                                                 I
 I 4.700 I 0.000E  0I      0I                                                 I
 I 4.800 I 0.000E  0I      0I                                                 I
 I 4.900 I 0.000E  0I      0I                                                 I
 I 5.000 I 0.000E  0I      0I                                                 I
 I  E  1 I 1.000E  0I      1IO****                                            I
 +-------+----------+-------+-------------------------------------------------+
    x      Lg(dN/dx)  dN/dx 1.0E+00                                    1.0E+01 
                              "O" : No. of Events in Log. scale.



     *********  Contents of the histogram Header *********

 (1) Actual Buffer size     =    843 Words
 (2) Contents of Histograms 
     Max. No. of Histograms =     50
     Number   of Histograms =      3
    ID     X_min        X_max    X_bin Hash Hst#
     1  -9.2103E+00  -3.5667E-01   40  2  1    1
     2   6.9315E-01   3.6889E+00   40  3  1    2
     3  -1.5000E+00   0.0000E+00   40  4  1    3
 (3) Contents of Scatter Plots
     Max. No. of Scat_Plots =     50
     Number   of Scat_Plots =      0

 Original Histogram (ID =  1 ) for x                                                           

     ***************************************
     *    SPRING has no entry              *
     *     in the histogram ID(     1 )    *
     ***************************************

 Original Histogram (ID =  2 ) for q                                                           
 Total =        10 events   "*" : Orig. Dist. in Log Scale.
    x      d(Sig/dx)  dN/dx 1.0E-03                                    1.0E-02 
 +-------+----------+-------+-------------------------------------------------+
 I  E  0 I 0.000E  0I      0I                                                 I
 I 0.693 I 0.000E  0I      0I                                                 I
 I 0.768 I 0.000E  0I      0I                                                 I
 I 0.843 I 0.000E  0I      0I                                                 I
 I 0.918 I 0.000E  0I      0I                                                 I
 I 0.993 I 0.000E  0I      0I                                                 I
 I 1.068 I 0.000E  0I      0I                                                 I
 I 1.143 I 0.000E  0I      0I                                                 I
 I 1.217 I 0.000E  0I      0I                                                 I
 I 1.292 I 0.000E  0I      0I                                                 I
 I 1.367 I 0.000E  0I      0I                                                 I
 I 1.442 I 0.000E  0I      0I                                                 I
 I 1.517 I 0.000E  0I      0I                                                 I
 I 1.592 I 0.000E  0I      0I                                                 I
 I 1.667 I 0.000E  0I      0I                                                 I
 I 1.742 I 0.000E  0I      0I                                                 I
 I 1.817 I 0.000E  0I      0I                                                 I
 I 1.891 I 0.000E  0I      0I                                                 I
 I 1.966 I 5.456E -3I      0I*************************************            I
 I 2.041 I 9.272E -3I      1I*************************************************O
 I 2.116 I 8.567E -3I      2I**********************************************<  O
 I 2.191 I 7.954E -3I      0I**********************************************   I
 I 2.266 I 7.307E -3I      0I********************************************     I
 I 2.341 I 6.901E -3I      0I******************************************       I
 I 2.416 I 6.738E -3I      0I******************************************       I
 I 2.491 I 5.960E -3I      0I***************************************          I
 I 2.565 I 5.666E -3I      1I**************************************           O
 I 2.640 I 5.139E -3I      0I************************************             I
 I 2.715 I 4.885E -3I      1I***********************************              O
 I 2.790 I 4.739E -3I      0I**********************************               I
 I 2.865 I 4.523E -3I      0I*********************************                I
 I 2.940 I 4.245E -3I      1I********************************                 O
 I 3.015 I 3.957E -3I      0I******************************                   I
 I 3.090 I 3.838E -3I      0I******************************                   I
 I 3.165 I 3.707E -3I      0I*****************************                    I
 I 3.240 I 3.294E -3I      0I**************************                       I
 I 3.314 I 3.038E -3I      0I*************************                        I
 I 3.389 I 3.122E -3I      0I*************************                        I
 I 3.464 I 2.858E -3I      1I***********************                          O
 I 3.539 I 2.604E -3I      1I*********************                            O
 I 3.614 I 2.582E -3I      0I*********************                            I
 I  E  0 I 6.155E -3I      2I****************O***********>***********         I
 +-------+----------+-------+-------------------------------------------------+
    x      d(Sig/dx)  dN/dx    "O" : Generated Events.( Arbitrary unit in Log )

 Original Histogram (ID =  3 ) for t                                                           
 Total =        10 events   "*" : Orig. Dist. in Log Scale.
    x      d(Sig/dx)  dN/dx 1.0E-04          1.0E-03          1.0E-02          
 +-------+----------+-------+----------------+----------------+---------------+
 I  E  0 I 0.000E  0I      0I                                                 I
 I-1.500 I 2.370E -4I      0I*******                                          I
 I-1.462 I 2.479E -4I      0I*******                                          I
 I-1.425 I 3.524E -4I      0I**********                                       I
 I-1.388 I 3.640E -4I      0I**********                                       I
 I-1.350 I 3.472E -4I      0I**********                                       I
 I-1.313 I 3.852E -4I      0I**********                                       I
 I-1.275 I 4.041E -4I      0I***********                                      I
 I-1.237 I 3.828E -4I      0I**********                                       I
 I-1.200 I 3.837E -4I      0I**********                                       I
 I-1.163 I 3.871E -4I      0I**********                                       I
 I-1.125 I 4.847E -4I      0I************                                     I
 I-1.087 I 6.183E -4I      0I**************                                   I
 I-1.050 I 4.713E -4I      0I************                                     I
 I-1.012 I 7.629E -4I      0I***************                                  I
 I-0.975 I 7.582E -4I      0I***************                                  I
 I-0.938 I 8.996E -4I      0I****************                                 I
 I-0.900 I 9.088E -4I      1I****************                           O    >I
 I-0.862 I 1.089E -3I      0I******************                               I
 I-0.825 I 1.106E -3I      0I******************                               I
 I-0.787 I 1.376E -3I      0I*******************                              I
 I-0.750 I 1.709E -3I      0I*********************                            I
 I-0.712 I 2.037E -3I      0I**********************                           I
 I-0.675 I 2.463E -3I      0I************************                         I
 I-0.637 I 2.542E -3I      0I************************                         I
 I-0.600 I 3.670E -3I      0I***************************                      I
 I-0.562 I 4.123E -3I      0I***************************                      I
 I-0.525 I 5.331E -3I      0I*****************************                    I
 I-0.487 I 6.444E -3I      0I*******************************                  I
 I-0.450 I 7.770E -3I      0I********************************                 I
 I-0.412 I 9.846E -3I      0I**********************************               I
 I-0.375 I 1.254E -2I      0I***********************************              I
 I-0.337 I 1.549E -2I      0I*************************************            I
 I-0.300 I 1.886E -2I      0I**************************************           I
 I-0.262 I 2.471E -2I      0I****************************************         I
 I-0.225 I 2.962E -2I      0I******************************************       I
 I-0.187 I 3.737E -2I      1I*******************************************O    >I
 I-0.150 I 4.601E -2I      1I*******************************************O*   >I
 I-0.112 I 5.389E -2I      3I*********************************************<   O
 I-0.075 I 5.953E -2I      3I*********************************************<*  O
 I-0.037 I 4.059E -2I      1I*******************************************O    >I
 I  E  0 I 0.000E  0I      0I                                                 I
 +-------+----------+-------+----------------+----------------+---------------+
    x      d(Sig/dx)  dN/dx    "O" : Generated Events.( Arbitrary unit in Log )
