
                                                     Date: 2010/ 4/21  09:44
        **********************************************************
        *                                                        *
        *     BBBBBBB     AAAA     SSSSSS   EEEEEE   SSSSSS      *
        *     BB    BB   AA  AA   SS    SS  EE      SS    SS     *
        *     BB    BB  AA    AA  SS        EE      SS           *
        *     BBBBBBB   AAAAAAAA   SSSSSS   EEEEEE   SSSSSS      *
        *     BB    BB  AA    AA        SS  EE            SS     *
        *     BB    BB  AA    AA  SS    SS  EE      SS    SS     *
        *     BBBB BB   AA    AA   SSSSSS   EEEEEE   SSSSSS      *
        *                                                        *
        *                   BASES Version 5.1                    *
        *           coded by S.Kawabata KEK, March 1994          *
        **********************************************************


     <<   Parameters for BASES    >>

      (1) Dimensions of integration etc.
          # of dimensions :    Ndim    =        3   ( 50 at max.)
          # of Wilds      :    Nwild   =        3   ( 15 at max.)
          # of sample points : Ncall   =     9826(real)    10000(given)
          # of subregions    : Ng      =       34 / variable
          # of regions       : Nregion =       17 / variable
          # of Hypercubes    : Ncube   =     4913

      (2) About the integration variables
          ------+---------------+---------------+-------+-------
              i       XL(i)           XU(i)       IG(i)   Wild
          ------+---------------+---------------+-------+-------
              1   -9.210340E+00   -2.302585E+00     1      yes
              2    0.000000E+00    5.703782E+00     1      yes
              3   -2.000000E+00    0.000000E+00     1      yes
          ------+---------------+---------------+-------+-------

      (3) Parameters for the grid optimization step
          Max.# of iterations: ITMX1 =       10
          Expected accuracy  : Acc1  =   0.0500 %

      (4) Parameters for the integration step
          Max.# of iterations: ITMX2 =       10
          Expected accuracy  : Acc2  =   0.0100 %


     <<   Computing Time Information   >>

               (1) For BASES              H: M:  Sec
                   Overhead           :   0: 0: 0.00
                   Grid Optim. Step   :   0: 4: 0.19
                   Integration Step   :   0: 4:27.34
                   Go time for all    :   0: 8:27.54

               (2) Expected event generation time
                   Expected time for 1000 events :      3.89 Sec

                                                     Date: 2010/ 4/21  09:44
               Convergency Behavior for the Grid Optimization Step
 ------------------------------------------------------------------------------
 <- Result of  each iteration ->  <-     Cumulative Result     -> < CPU  time >
  IT Eff R_Neg   Estimate  Acc %  Estimate(+- Error )order  Acc % ( H: M: Sec )
 ------------------------------------------------------------------------------
   1   6  0.00  1.097E-02  9.818  1.097007(+-0.107706)E-02  9.818   0: 0: 3.59
   2  50  0.00  1.023E-02  1.289  1.023697(+-0.013085)E-02  1.278   0: 0:29.81
   3  49  0.00  1.017E-02  1.061  1.019844(+-0.008327)E-02  0.816   0: 0:55.50
   4  50  0.00  1.008E-02  0.978  1.015061(+-0.006362)E-02  0.627   0: 1:21.63
   5  53  0.00  1.013E-02  1.000  1.014363(+-0.005387)E-02  0.531   0: 1:49.01
   6  52  0.00  9.971E-03  0.971  1.010289(+-0.004707)E-02  0.466   0: 2:16.17
   7  54  0.00  1.016E-02  1.061  1.011231(+-0.004314)E-02  0.427   0: 2:44.25
   8  52  0.00  1.019E-02  2.108  1.011514(+-0.004230)E-02  0.418   0: 3:11.13
   9  42  0.00  1.006E-02  1.259  1.010937(+-0.004012)E-02  0.397   0: 3:33.16
  10  52  0.00  1.014E-02  1.066  1.011366(+-0.003761)E-02  0.372   0: 4: 0.19
 ------------------------------------------------------------------------------

                                                     Date: 2010/ 4/21  09:44
               Convergency Behavior for the Integration Step      
 ------------------------------------------------------------------------------
 <- Result of  each iteration ->  <-     Cumulative Result     -> < CPU  time >
  IT Eff R_Neg   Estimate  Acc %  Estimate(+- Error )order  Acc % ( H: M: Sec )
 ------------------------------------------------------------------------------
   1  52  0.00  1.032E-02  1.135  1.032449(+-0.011719)E-02  1.135   0: 4:27.23
   2  51  0.00  1.023E-02  1.020  1.026939(+-0.007789)E-02  0.759   0: 4:53.64
   3  51  0.00  1.029E-02  1.731  1.027240(+-0.007136)E-02  0.695   0: 5:20.25
   4  52  0.00  1.029E-02  1.085  1.027714(+-0.006012)E-02  0.585   0: 5:47.44
   5  51  0.00  1.013E-02  1.174  1.024803(+-0.005366)E-02  0.524   0: 6:14.32
   6  51  0.00  1.031E-02  2.006  1.025199(+-0.005194)E-02  0.507   0: 6:40.70
   7  51  0.00  9.988E-03  1.007  1.019650(+-0.004615)E-02  0.453   0: 7: 7.23
   8  51  0.00  1.022E-02  1.517  1.019821(+-0.004423)E-02  0.434   0: 7:33.82
   9  51  0.00  1.027E-02  1.587  1.020318(+-0.004269)E-02  0.418   0: 8: 0.76
  10  51  0.00  1.029E-02  1.921  1.020694(+-0.004173)E-02  0.409   0: 8:27.54
 ------------------------------------------------------------------------------



     *********  Contents of the histogram Header *********

 (1) Actual Buffer size     =    843 Words
 (2) Contents of Histograms 
     Max. No. of Histograms =     50
     Number   of Histograms =      3
    ID     X_min        X_max    X_bin Hash Hst#
     1  -9.2103E+00  -2.3026E+00   40  2  1    1
     2   0.0000E+00   5.7038E+00   40  3  1    2
     3  -2.0000E+00   0.0000E+00   40  4  1    3
 (3) Contents of Scatter Plots
     Max. No. of Scat_Plots =     50
     Number   of Scat_Plots =      0

 Histogram (ID =  1 ) for x                                                               
                              Linear Scale indicated by "*"
     x      d(Sigma)/dx     0.0E+00      3.2E-03     6.5E-03      9.7E-03      
 +-------+------------------+------------+-----------+------------+-----------+
 I  E  0 I 0.000        E  0I                                                 I
 I-9.210 I 0.000+-0.000 E  0I                                                 I
 I-9.038 I 0.000+-0.000 E  0I                                                 I
 I-8.865 I 0.000+-0.000 E  0I                                                 I
 I-8.692 I 0.000+-0.000 E  0I                                                 I
 I-8.520 I 0.000+-0.000 E  0I                                                 I
 I-8.347 I 0.000+-0.000 E  0I                                                 I
 I-8.174 I 0.000+-0.000 E  0I                                                 I
 I-8.001 I 0.000+-0.000 E  0I                                                 I
 I-7.829 I 0.000+-0.000 E  0I                                                 I
 I-7.656 I 0.000+-0.000 E  0I                                                 I
 I-7.483 I 0.000+-0.000 E  0I                                                 I
 I-7.311 I 0.000+-0.000 E  0I                                                 I
 I-7.138 I 0.000+-0.000 E  0I                                                 I
 I-6.965 I 0.000+-0.000 E  0I                                                 I
 I-6.793 I 0.000+-0.000 E  0I                                                 I
 I-6.620 I 0.000+-0.000 E  0I                                                 I
 I-6.447 I 0.000+-0.000 E  0I                                                 I
 I-6.275 I 0.000+-0.000 E  0I                                                 I
 I-6.102 I 0.000+-0.000 E  0I                                                 I
 I-5.929 I 0.000+-0.000 E  0I                                                 I
 I-5.756 I 0.000+-0.000 E  0I                                                 I
 I-5.584 I 0.000+-0.000 E  0I                                                 I
 I-5.411 I 0.000+-0.000 E  0I                                                 I
 I-5.238 I 0.000+-0.000 E  0I                                                 I
 I-5.066 I 0.000+-0.000 E  0I                                                 I
 I-4.893 I 0.000+-0.000 E  0I                                                 I
 I-4.720 I 0.000+-0.000 E  0I                                                 I
 I-4.548 I 0.000+-0.000 E  0I                                                 I
 I-4.375 I 0.000+-0.000 E  0I                                                 I
 I-4.202 I 0.000+-0.000 E  0I                                                 I
 I-4.030 I 0.000+-0.000 E  0I                                                 I
 I-3.857 I 0.000+-0.000 E  0I                                                 I
 I-3.684 I 0.000+-0.000 E  0I                                                 I
 I-3.511 I 0.000+-0.000 E  0I                                                 I
 I-3.339 I 0.000+-0.000 E  0I                                                 I
 I-3.166 I 0.000+-0.000 E  0I                                                 I
 I-2.993 I 0.000+-0.000 E  0I                                                 I
 I-2.821 I 0.000+-0.000 E  0I                                                 I
 I-2.648 I 0.000+-0.000 E  0I                                                 I
 I-2.475 I 0.000+-0.000 E  0I                                                 I
 I  E  0 I 1.023        E -2I****************************************OOOOOO   I
 +-------+------------------+-------------------------------------------------+
     x      d(Sigma)/dx     1.0E-02                                    1.0E-02 
                              Logarithmic Scale indicated by "O"

 Histogram (ID =  2 ) for q                                                               
                              Linear Scale indicated by "*"
     x      d(Sigma)/dx     0.0E+00      2.5E-03     5.0E-03      7.5E-03      
 +-------+------------------+------------+-----------+------------+-----------+
 I  E  0 I 0.000        E  0I                                                 I
 I 0.000 I 0.000+-0.000 E  0I                                                 I
 I 0.143 I 0.000+-0.000 E  0I                                                 I
 I 0.285 I 0.000+-0.000 E  0I                                                 I
 I 0.428 I 0.000+-0.000 E  0I                                                 I
 I 0.570 I 0.000+-0.000 E  0I                                                 I
 I 0.713 I 0.000+-0.000 E  0I                                                 I
 I 0.856 I 0.000+-0.000 E  0I                                                 I
 I 0.998 I 7.849+-0.151 E -3I****************************************OOOOOOOO I
 I 1.141 I 7.009+-0.128 E -3I************************************OOOOOOOOOOO  I
 I 1.283 I 6.179+-0.087 E -3I*******************************OOOOOOOOOOOOOO    I
 I 1.426 I 4.976+-0.052 E -3I*************************OOOOOOOOOOOOOOOOOO      I
 I 1.569 I 4.504+-0.075 E -3I***********************OOOOOOOOOOOOOOOOOOO       I
 I 1.711 I 3.783+-0.047 E -3I*******************OOOOOOOOOOOOOOOOOOOOO         I
 I 1.854 I 3.231+-0.025 E -3I*****************OOOOOOOOOOOOOOOOOOOOO           I
 I 1.996 I 3.079+-0.115 E -3I****************OOOOOOOOOOOOOOOOOOOOOO           I
 I 2.139 I 2.408+-0.021 E -3I*************OOOOOOOOOOOOOOOOOOOOOO              I
 I 2.282 I 2.070+-0.027 E -3I***********OOOOOOOOOOOOOOOOOOOOOO                I
 I 2.424 I 2.032+-0.080 E -3I***********OOOOOOOOOOOOOOOOOOOOOO                I
 I 2.567 I 1.723+-0.017 E -3I*********OOOOOOOOOOOOOOOOOOOOOO                  I
 I 2.709 I 1.602+-0.029 E -3I*********OOOOOOOOOOOOOOOOOOOOOO                  I
 I 2.852 I 1.380+-0.016 E -3I*******OOOOOOOOOOOOOOOOOOOOOO                    I
 I 2.994 I 1.249+-0.014 E -3I*******OOOOOOOOOOOOOOOOOOOOO                     I
 I 3.137 I 1.047+-0.012 E -3I******OOOOOOOOOOOOOOOOOOOO                       I
 I 3.280 I 1.071+-0.012 E -3I******OOOOOOOOOOOOOOOOOOOO                       I
 I 3.422 I 8.777+-0.104 E -4I*****OOOOOOOOOOOOOOOOOOO                         I
 I 3.565 I 8.486+-0.109 E -4I*****OOOOOOOOOOOOOOOOOOO                         I
 I 3.707 I 8.001+-0.105 E -4I*****OOOOOOOOOOOOOOOOOO                          I
 I 3.850 I 7.355+-0.094 E -4I****OOOOOOOOOOOOOOOOOO                           I
 I 3.993 I 6.321+-0.086 E -4I****OOOOOOOOOOOOOOOOO                            I
 I 4.135 I 5.985+-0.096 E -4I***OOOOOOOOOOOOOOOOO                             I
 I 4.278 I 5.133+-0.082 E -4I***OOOOOOOOOOOOOOO                               I
 I 4.420 I 5.582+-0.079 E -4I***OOOOOOOOOOOOOOOO                              I
 I 4.563 I 4.560+-0.077 E -4I***OOOOOOOOOOOOOO                                I
 I 4.706 I 4.757+-0.082 E -4I***OOOOOOOOOOOOOO                                I
 I 4.848 I 4.674+-0.084 E -4I***OOOOOOOOOOOOOO                                I
 I 4.991 I 3.801+-0.066 E -4I**OOOOOOOOOOOOO                                  I
 I 5.133 I 4.107+-0.070 E -4I***OOOOOOOOOOOOO                                 I
 I 5.276 I 3.393+-0.065 E -4I**OOOOOOOOOOOO                                   I
 I 5.419 I 3.534+-0.063 E -4I**OOOOOOOOOOOO                                   I
 I 5.561 I 2.908+-0.066 E -4I**OOOOOOOOOO                                     I
 I  E  0 I 1.118        E -3I******OOOOOOOOOOOOOOOOOOOOO                      I
 +-------+------------------+-------------------------+-----------------------+
     x      d(Sigma)/dx     1.0E-04                   1.0E-03                  
                              Logarithmic Scale indicated by "O"

 Histogram (ID =  3 ) for t                                                               
                              Linear Scale indicated by "*"
     x      d(Sigma)/dx     0.0E+00      1.5E-02      3.0E-02     4.5E-02      
 +-------+------------------+------------+------------+-----------+-----------+
 I  E  0 I 0.000        E  0I                                                 I
 I-2.000 I 3.846+-0.166 E -6I*OOOOO                                           I
 I-1.950 I 4.404+-0.290 E -6I*OOOOOO                                          I
 I-1.900 I 5.644+-0.358 E -6I*OOOOOOO                                         I
 I-1.850 I 6.477+-0.472 E -6I*OOOOOOOO                                        I
 I-1.800 I 6.527+-0.446 E -6I*OOOOOOOO                                        I
 I-1.750 I 8.453+-0.436 E -6I*OOOOOOOOO                                       I
 I-1.700 I 8.181+-0.412 E -6I*OOOOOOOOO                                       I
 I-1.650 I 1.047+-0.061 E -5I*OOOOOOOOOO                                      I
 I-1.600 I 9.860+-0.578 E -6I*OOOOOOOOO                                       I
 I-1.550 I 1.272+-0.057 E -5I*OOOOOOOOOOO                                     I
 I-1.500 I 1.886+-0.060 E -5I*OOOOOOOOOOOO                                    I
 I-1.450 I 1.994+-0.069 E -5I*OOOOOOOOOOOO                                    I
 I-1.400 I 2.358+-0.093 E -5I*OOOOOOOOOOOOO                                   I
 I-1.350 I 3.672+-1.195 E -5I*OOOOOOOOOOOOOOO                                 I
 I-1.300 I 2.892+-0.114 E -5I*OOOOOOOOOOOOOO                                  I
 I-1.250 I 4.118+-0.129 E -5I*OOOOOOOOOOOOOOOO                                I
 I-1.200 I 5.495+-0.216 E -5I*OOOOOOOOOOOOOOOOO                               I
 I-1.150 I 7.128+-0.275 E -5I*OOOOOOOOOOOOOOOOOO                              I
 I-1.100 I 8.536+-0.279 E -5I*OOOOOOOOOOOOOOOOOOO                             I
 I-1.050 I 2.097+-0.702 E -4I*OOOOOOOOOOOOOOOOOOOOOOO                         I
 I-1.000 I 1.807+-0.078 E -4I*OOOOOOOOOOOOOOOOOOOOOO                          I
 I-0.950 I 2.112+-0.110 E -4I*OOOOOOOOOOOOOOOOOOOOOOO                         I
 I-0.900 I 2.345+-0.105 E -4I*OOOOOOOOOOOOOOOOOOOOOOO                         I
 I-0.850 I 2.749+-0.109 E -4I*OOOOOOOOOOOOOOOOOOOOOOOO                        I
 I-0.800 I 4.761+-0.666 E -4I*OOOOOOOOOOOOOOOOOOOOOOOOOO                      I
 I-0.750 I 6.503+-0.146 E -4I*OOOOOOOOOOOOOOOOOOOOOOOOOOOO                    I
 I-0.700 I 1.106+-0.165 E -3I*OOOOOOOOOOOOOOOOOOOOOOOOOOOOOO                  I
 I-0.650 I 1.326+-0.123 E -3I**OOOOOOOOOOOOOOOOOOOOOOOOOOOOOO                 I
 I-0.600 I 2.324+-0.396 E -3I**OOOOOOOOOOOOOOOOOOOOOOOOOOOOOOOO               I
 I-0.550 I 2.148+-0.046 E -3I**OOOOOOOOOOOOOOOOOOOOOOOOOOOOOOOO               I
 I-0.500 I 3.675+-0.256 E -3I****OOOOOOOOOOOOOOOOOOOOOOOOOOOOOOOO             I
 I-0.450 I 4.719+-0.186 E -3I****OOOOOOOOOOOOOOOOOOOOOOOOOOOOOOOOO            I
 I-0.400 I 7.141+-0.440 E -3I******OOOOOOOOOOOOOOOOOOOOOOOOOOOOOOOOO          I
 I-0.350 I 8.731+-0.190 E -3I********OOOOOOOOOOOOOOOOOOOOOOOOOOOOOOOO         I
 I-0.300 I 1.187+-0.025 E -2I**********OOOOOOOOOOOOOOOOOOOOOOOOOOOOOOO        I
 I-0.250 I 1.612+-0.010 E -2I**************OOOOOOOOOOOOOOOOOOOOOOOOOOOOO      I
 I-0.200 I 2.233+-0.012 E -2I*******************OOOOOOOOOOOOOOOOOOOOOOOOO     I
 I-0.150 I 2.985+-0.012 E -2I*************************OOOOOOOOOOOOOOOOOOOO    I
 I-0.100 I 4.099+-0.012 E -2I***********************************OOOOOOOOOOOO  I
 I-0.050 I 4.964+-0.013 E -2I******************************************OOOOO  I
 I  E  0 I 0.000        E  0I                                                 I
 +-------+------------------+----------+---------+---------+---------+--------+
     x      d(Sigma)/dx     1.0E-06    1.0E-05   1.0E-04   1.0E-03   1.0E-02   
                              Logarithmic Scale indicated by "O"
 *************************************
 *     INTEGRATION TERMINATED        *
 *************************************
 Total cross-section (nb) :   1.02069359E-02
 Error                    :   4.17277770E-05





                                                     Date: 2010/ 4/21  09:53
        **********************************************************
        *                                                        *
        *    SSSSS   PPPPPP   RRRRRR   IIIII  N    NN   GGGGG    *
        *   SS   SS  PP   PP  RR   RR   III   NN   NN  GG   GG   *
        *   SS       PP   PP  RR   RR   III   NNN  NN  GG        *
        *    SSSSS   PPPPPP   RRRRR     III   NNNN NN  GG  GGGG  *
        *        SS  PP       RR  RR    III   NN NNNN  GG   GG   *
        *   SS   SS  PP       RR   RR   III   NN  NNN  GG   GG   *
        *    SSSSS   PP       RR    RR IIIII  NN   NN   GGGGG    *
        *                                                        *
        *                  SPRING Version 5.1                    *
        *           coded by S.Kawabata KEK, March 1994          *
        **********************************************************

     Number of generated events    =        15
     Generation efficiency         =    19.231 Percent
     Computing time for generation =     0.120 Seconds
                    for Overhead   =   507.550 Seconds
                    for Others     =     0.000 Seconds
     GO time for event generation  =   507.670 Seconds
     Max. number of trials MXTRY   =        50 per event
     Number of miss-generation     =         0 times

     ************* Number of trials to get an event *************
 Total =        15 events   "*" : No. of events in Linear scale.
    x      Lg(dN/dx)  dN/dx 0.0E+00      2.3E+00     4.5E+00      6.8E+00      
 +-------+----------+-------+------------+-----------+------------+-----------+
 I 0.100 I 7.000E  0I      7I***************************************OOOOOOOO  I
 I 0.200 I 0.000E  0I      0I                                                 I
 I 0.300 I 2.000E  0I      2I************OOOOO                                I
 I 0.400 I 3.000E  0I      3I*****************OOOOOOOOOO                      I
 I 0.500 I 0.000E  0I      0I                                                 I
 I 0.600 I 0.000E  0I      0I                                                 I
 I 0.700 I 1.000E  0I      1IO*****                                           I
 I 0.800 I 0.000E  0I      0I                                                 I
 I 0.900 I 0.000E  0I      0I                                                 I
 I 1.000 I 0.000E  0I      0I                                                 I
 I 1.100 I 1.000E  0I      1IO*****                                           I
 I 1.200 I 0.000E  0I      0I                                                 I
 I 1.300 I 0.000E  0I      0I                                                 I
 I 1.400 I 0.000E  0I      0I                                                 I
 I 1.500 I 0.000E  0I      0I                                                 I
 I 1.600 I 0.000E  0I      0I                                                 I
 I 1.700 I 0.000E  0I      0I                                                 I
 I 1.800 I 0.000E  0I      0I                                                 I
 I 1.900 I 0.000E  0I      0I                                                 I
 I 2.000 I 0.000E  0I      0I                                                 I
 I 2.100 I 0.000E  0I      0I                                                 I
 I 2.200 I 0.000E  0I      0I                                                 I
 I 2.300 I 0.000E  0I      0I                                                 I
 I 2.400 I 0.000E  0I      0I                                                 I
 I 2.500 I 0.000E  0I      0I                                                 I
 I 2.600 I 0.000E  0I      0I                                                 I
 I 2.700 I 0.000E  0I      0I                                                 I
 I 2.800 I 0.000E  0I      0I                                                 I
 I 2.900 I 0.000E  0I      0I                                                 I
 I 3.000 I 0.000E  0I      0I                                                 I
 I 3.100 I 0.000E  0I      0I                                                 I
 I 3.200 I 0.000E  0I      0I                                                 I
 I 3.300 I 0.000E  0I      0I                                                 I
 I 3.400 I 0.000E  0I      0I                                                 I
 I 3.500 I 1.000E  0I      1IO*****                                           I
 I 3.600 I 0.000E  0I      0I                                                 I
 I 3.700 I 0.000E  0I      0I                                                 I
 I 3.800 I 0.000E  0I      0I                                                 I
 I 3.900 I 0.000E  0I      0I                                                 I
 I 4.000 I 0.000E  0I      0I                                                 I
 I 4.100 I 0.000E  0I      0I                                                 I
 I 4.200 I 0.000E  0I      0I                                                 I
 I 4.300 I 0.000E  0I      0I                                                 I
 I 4.400 I 0.000E  0I      0I                                                 I
 I 4.500 I 0.000E  0I      0I                                                 I
 I 4.600 I 0.000E  0I      0I                                                 I
 I 4.700 I 0.000E  0I      0I                                                 I
 I 4.800 I 0.000E  0I      0I                                                 I
 I 4.900 I 0.000E  0I      0I                                                 I
 I 5.000 I 0.000E  0I      0I                                                 I
 I  E  1 I 0.000E  0I      0I                                                 I
 +-------+----------+-------+-------------------------------------------------+
    x      Lg(dN/dx)  dN/dx 1.0E+00                                    7.9E+00 
                              "O" : No. of Events in Log. scale.



     *********  Contents of the histogram Header *********

 (1) Actual Buffer size     =    843 Words
 (2) Contents of Histograms 
     Max. No. of Histograms =     50
     Number   of Histograms =      3
    ID     X_min        X_max    X_bin Hash Hst#
     1  -9.2103E+00  -2.3026E+00   40  2  1    1
     2   0.0000E+00   5.7038E+00   40  3  1    2
     3  -2.0000E+00   0.0000E+00   40  4  1    3
 (3) Contents of Scatter Plots
     Max. No. of Scat_Plots =     50
     Number   of Scat_Plots =      0

 Original Histogram (ID =  1 ) for x                                                           

     ***************************************
     *    SPRING has no entry              *
     *     in the histogram ID(     1 )    *
     ***************************************

 Original Histogram (ID =  2 ) for q                                                           
 Total =        15 events   "*" : Orig. Dist. in Log Scale.
    x      d(Sig/dx)  dN/dx 1.0E-04                   1.0E-03                  
 +-------+----------+-------+-------------------------+-----------------------+
 I  E  0 I 0.000E  0I      0I                                                 I
 I 0.000 I 0.000E  0I      0I                                                 I
 I 0.143 I 0.000E  0I      0I                                                 I
 I 0.285 I 0.000E  0I      0I                                                 I
 I 0.428 I 0.000E  0I      0I                                                 I
 I 0.570 I 0.000E  0I      0I                                                 I
 I 0.713 I 0.000E  0I      0I                                                 I
 I 0.856 I 0.000E  0I      0I                                                 I
 I 0.998 I 7.849E -3I      0I************************************************ I
 I 1.141 I 7.009E -3I      0I***********************************************  I
 I 1.283 I 6.179E -3I      0I*********************************************    I
 I 1.426 I 4.976E -3I      0I*******************************************      I
 I 1.569 I 4.504E -3I      0I******************************************       I
 I 1.711 I 3.783E -3I      0I****************************************         I
 I 1.854 I 3.231E -3I      0I**************************************           I
 I 1.996 I 3.079E -3I      2I************************************** <         O
 I 2.139 I 2.408E -3I      0I***********************************              I
 I 2.282 I 2.070E -3I      1I*********************************            O   I
 I 2.424 I 2.032E -3I      0I*********************************                I
 I 2.567 I 1.723E -3I      1I*******************************              O   I
 I 2.709 I 1.602E -3I      0I*******************************                  I
 I 2.852 I 1.380E -3I      1I*****************************                O   I
 I 2.994 I 1.249E -3I      0I****************************                     I
 I 3.137 I 1.047E -3I      0I**************************                       I
 I 3.280 I 1.071E -3I      0I**************************                       I
 I 3.422 I 8.777E -4I      0I************************                         I
 I 3.565 I 8.486E -4I      0I************************                         I
 I 3.707 I 8.001E -4I      0I***********************                          I
 I 3.850 I 7.355E -4I      0I**********************                           I
 I 3.993 I 6.321E -4I      0I*********************                            I
 I 4.135 I 5.985E -4I      1I********************                         O   I
 I 4.278 I 5.133E -4I      0I******************                               I
 I 4.420 I 5.582E -4I      1I*******************                          O   I
 I 4.563 I 4.560E -4I      0I*****************                                I
 I 4.706 I 4.757E -4I      1I*****************                            O   I
 I 4.848 I 4.674E -4I      0I*****************                                I
 I 4.991 I 3.801E -4I      1I***************                              O   I
 I 5.133 I 4.107E -4I      0I****************                                 I
 I 5.276 I 3.393E -4I      1I**************                               O   I
 I 5.419 I 3.534E -4I      0I**************                                   I
 I 5.561 I 2.908E -4I      0I************                                     I
 I  E  0 I 1.118E -3I      5I***************************        <     O   >   I
 +-------+----------+-------+-------------------------+-----------------------+
    x      d(Sig/dx)  dN/dx    "O" : Generated Events.( Arbitrary unit in Log )

 Original Histogram (ID =  3 ) for t                                                           
 Total =        15 events   "*" : Orig. Dist. in Log Scale.
    x      d(Sig/dx)  dN/dx 1.0E-06    1.0E-05   1.0E-04   1.0E-03   1.0E-02   
 +-------+----------+-------+----------+---------+---------+---------+--------+
 I  E  0 I 0.000E  0I      0I                                                 I
 I-2.000 I 3.846E -6I      0I******                                           I
 I-1.950 I 4.404E -6I      0I*******                                          I
 I-1.900 I 5.644E -6I      0I********                                         I
 I-1.850 I 6.477E -6I      0I*********                                        I
 I-1.800 I 6.527E -6I      0I*********                                        I
 I-1.750 I 8.453E -6I      0I**********                                       I
 I-1.700 I 8.181E -6I      0I**********                                       I
 I-1.650 I 1.047E -5I      0I***********                                      I
 I-1.600 I 9.860E -6I      0I**********                                       I
 I-1.550 I 1.272E -5I      0I************                                     I
 I-1.500 I 1.886E -5I      0I*************                                    I
 I-1.450 I 1.994E -5I      0I*************                                    I
 I-1.400 I 2.358E -5I      0I**************                                   I
 I-1.350 I 3.672E -5I      0I****************                                 I
 I-1.300 I 2.892E -5I      0I***************                                  I
 I-1.250 I 4.118E -5I      0I*****************                                I
 I-1.200 I 5.495E -5I      0I******************                               I
 I-1.150 I 7.128E -5I      0I*******************                              I
 I-1.100 I 8.536E -5I      0I********************                             I
 I-1.050 I 2.097E -4I      0I************************                         I
 I-1.000 I 1.807E -4I      0I***********************                          I
 I-0.950 I 2.112E -4I      0I************************                         I
 I-0.900 I 2.345E -4I      0I************************                         I
 I-0.850 I 2.749E -4I      0I*************************                        I
 I-0.800 I 4.761E -4I      0I***************************                      I
 I-0.750 I 6.503E -4I      0I*****************************                    I
 I-0.700 I 1.106E -3I      1I*******************************          O  >    I
 I-0.650 I 1.326E -3I      0I********************************                 I
 I-0.600 I 2.324E -3I      0I**********************************               I
 I-0.550 I 2.148E -3I      0I**********************************               I
 I-0.500 I 3.675E -3I      0I************************************             I
 I-0.450 I 4.719E -3I      0I*************************************            I
 I-0.400 I 7.141E -3I      0I***************************************          I
 I-0.350 I 8.731E -3I      1I**************************************** O  >    I
 I-0.300 I 1.187E -2I      2I***************************************<*   O >  I
 I-0.250 I 1.612E -2I      0I*******************************************      I
 I-0.200 I 2.233E -2I      1I*****************************************O**>    I
 I-0.150 I 2.985E -2I      2I***************************************<****O >  I
 I-0.100 I 4.099E -2I      4I********************************************<**O >
 I-0.050 I 4.964E -2I      4I********************************************<**O >
 I  E  0 I 0.000E  0I      0I                                                 I
 +-------+----------+-------+----------+---------+---------+---------+--------+
    x      d(Sig/dx)  dN/dx    "O" : Generated Events.( Arbitrary unit in Log )
