
                                                     Date: 2010/ 4/21  08:58
        **********************************************************
        *                                                        *
        *     BBBBBBB     AAAA     SSSSSS   EEEEEE   SSSSSS      *
        *     BB    BB   AA  AA   SS    SS  EE      SS    SS     *
        *     BB    BB  AA    AA  SS        EE      SS           *
        *     BBBBBBB   AAAAAAAA   SSSSSS   EEEEEE   SSSSSS      *
        *     BB    BB  AA    AA        SS  EE            SS     *
        *     BB    BB  AA    AA  SS    SS  EE      SS    SS     *
        *     BBBB BB   AA    AA   SSSSSS   EEEEEE   SSSSSS      *
        *                                                        *
        *                   BASES Version 5.1                    *
        *           coded by S.Kawabata KEK, March 1994          *
        **********************************************************


     <<   Parameters for BASES    >>

      (1) Dimensions of integration etc.
          # of dimensions :    Ndim    =        3   ( 50 at max.)
          # of Wilds      :    Nwild   =        3   ( 15 at max.)
          # of sample points : Ncall   =     9826(real)    10000(given)
          # of subregions    : Ng      =       34 / variable
          # of regions       : Nregion =       17 / variable
          # of Hypercubes    : Ncube   =     4913

      (2) About the integration variables
          ------+---------------+---------------+-------+-------
              i       XL(i)           XU(i)       IG(i)   Wild
          ------+---------------+---------------+-------+-------
              1   -9.210340E+00   -2.302585E+00     1      yes
              2    1.098612E+00    5.703782E+00     1      yes
              3   -1.500000E+00    0.000000E+00     1      yes
          ------+---------------+---------------+-------+-------

      (3) Parameters for the grid optimization step
          Max.# of iterations: ITMX1 =       10
          Expected accuracy  : Acc1  =   0.0500 %

      (4) Parameters for the integration step
          Max.# of iterations: ITMX2 =       10
          Expected accuracy  : Acc2  =   0.0100 %


     <<   Computing Time Information   >>

               (1) For BASES              H: M:  Sec
                   Overhead           :   0: 0: 0.00
                   Grid Optim. Step   :   0: 4:54.39
                   Integration Step   :   0: 4:53.87
                   Go time for all    :   0: 9:48.28

               (2) Expected event generation time
                   Expected time for 1000 events :      4.27 Sec

                                                     Date: 2010/ 4/21  08:58
               Convergency Behavior for the Grid Optimization Step
 ------------------------------------------------------------------------------
 <- Result of  each iteration ->  <-     Cumulative Result     -> < CPU  time >
  IT Eff R_Neg   Estimate  Acc %  Estimate(+- Error )order  Acc % ( H: M: Sec )
 ------------------------------------------------------------------------------
   1   4  0.00  2.791E-03 11.168  2.790574(+-0.311655)E-03 11.168   0: 0: 2.93
   2  56  0.00  2.866E-03  0.874  2.865945(+-0.024958)E-03  0.871   0: 0:32.86
   3  59  0.00  2.846E-03  0.779  2.854720(+-0.016577)E-03  0.581   0: 1: 4.33
   4  61  0.00  2.826E-03  0.798  2.844555(+-0.013358)E-03  0.470   0: 1:37.80
   5  60  0.00  2.763E-03  0.850  2.824696(+-0.011612)E-03  0.411   0: 2: 9.86
   6  62  0.00  2.847E-03  0.808  2.829248(+-0.010366)E-03  0.366   0: 2:43.50
   7  62  0.00  2.821E-03  0.806  2.827864(+-0.009431)E-03  0.334   0: 3:16.72
   8  62  0.00  2.826E-03  0.823  2.827651(+-0.008740)E-03  0.309   0: 3:50.22
   9  62  0.00  2.824E-03  0.828  2.827257(+-0.008187)E-03  0.290   0: 4:22.79
  10  60  0.00  2.797E-03  1.128  2.825339(+-0.007924)E-03  0.280   0: 4:54.39
 ------------------------------------------------------------------------------

                                                     Date: 2010/ 4/21  08:58
               Convergency Behavior for the Integration Step      
 ------------------------------------------------------------------------------
 <- Result of  each iteration ->  <-     Cumulative Result     -> < CPU  time >
  IT Eff R_Neg   Estimate  Acc %  Estimate(+- Error )order  Acc % ( H: M: Sec )
 ------------------------------------------------------------------------------
   1  57  0.00  2.853E-03  1.022  2.852576(+-0.029162)E-03  1.022   0: 5:23.88
   2  56  0.00  2.805E-03  0.941  2.826444(+-0.019568)E-03  0.692   0: 5:53.05
   3  56  0.00  2.793E-03  0.870  2.813219(+-0.015241)E-03  0.542   0: 6:22.35
   4  56  0.00  2.836E-03  0.960  2.818771(+-0.013300)E-03  0.472   0: 6:51.76
   5  56  0.00  2.823E-03  1.106  2.819409(+-0.012237)E-03  0.434   0: 7:21.57
   6  56  0.00  2.847E-03  0.957  2.824072(+-0.011162)E-03  0.395   0: 7:51.14
   7  56  0.00  2.825E-03  0.931  2.824184(+-0.010275)E-03  0.364   0: 8:20.47
   8  56  0.00  2.858E-03  1.044  2.827748(+-0.009716)E-03  0.344   0: 8:49.79
   9  56  0.00  2.799E-03  0.952  2.824424(+-0.009128)E-03  0.323   0: 9:18.83
  10  57  0.00  2.824E-03  0.860  2.824356(+-0.008545)E-03  0.303   0: 9:48.27
 ------------------------------------------------------------------------------



     *********  Contents of the histogram Header *********

 (1) Actual Buffer size     =    843 Words
 (2) Contents of Histograms 
     Max. No. of Histograms =     50
     Number   of Histograms =      3
    ID     X_min        X_max    X_bin Hash Hst#
     1  -9.2103E+00  -2.3026E+00   40  2  1    1
     2   1.0986E+00   5.7038E+00   40  3  1    2
     3  -1.5000E+00   0.0000E+00   40  4  1    3
 (3) Contents of Scatter Plots
     Max. No. of Scat_Plots =     50
     Number   of Scat_Plots =      0

 Histogram (ID =  1 ) for x                                                               
                              Linear Scale indicated by "*"
     x      d(Sigma)/dx     0.0E+00      9.0E-04      1.8E-03     2.7E-03      
 +-------+------------------+------------+------------+-----------+-----------+
 I  E  0 I 0.000        E  0I                                                 I
 I-9.210 I 0.000+-0.000 E  0I                                                 I
 I-9.038 I 0.000+-0.000 E  0I                                                 I
 I-8.865 I 0.000+-0.000 E  0I                                                 I
 I-8.692 I 0.000+-0.000 E  0I                                                 I
 I-8.520 I 0.000+-0.000 E  0I                                                 I
 I-8.347 I 0.000+-0.000 E  0I                                                 I
 I-8.174 I 0.000+-0.000 E  0I                                                 I
 I-8.001 I 0.000+-0.000 E  0I                                                 I
 I-7.829 I 0.000+-0.000 E  0I                                                 I
 I-7.656 I 0.000+-0.000 E  0I                                                 I
 I-7.483 I 0.000+-0.000 E  0I                                                 I
 I-7.311 I 0.000+-0.000 E  0I                                                 I
 I-7.138 I 0.000+-0.000 E  0I                                                 I
 I-6.965 I 0.000+-0.000 E  0I                                                 I
 I-6.793 I 0.000+-0.000 E  0I                                                 I
 I-6.620 I 0.000+-0.000 E  0I                                                 I
 I-6.447 I 0.000+-0.000 E  0I                                                 I
 I-6.275 I 0.000+-0.000 E  0I                                                 I
 I-6.102 I 0.000+-0.000 E  0I                                                 I
 I-5.929 I 0.000+-0.000 E  0I                                                 I
 I-5.756 I 0.000+-0.000 E  0I                                                 I
 I-5.584 I 0.000+-0.000 E  0I                                                 I
 I-5.411 I 0.000+-0.000 E  0I                                                 I
 I-5.238 I 0.000+-0.000 E  0I                                                 I
 I-5.066 I 0.000+-0.000 E  0I                                                 I
 I-4.893 I 0.000+-0.000 E  0I                                                 I
 I-4.720 I 0.000+-0.000 E  0I                                                 I
 I-4.548 I 0.000+-0.000 E  0I                                                 I
 I-4.375 I 0.000+-0.000 E  0I                                                 I
 I-4.202 I 0.000+-0.000 E  0I                                                 I
 I-4.030 I 0.000+-0.000 E  0I                                                 I
 I-3.857 I 0.000+-0.000 E  0I                                                 I
 I-3.684 I 0.000+-0.000 E  0I                                                 I
 I-3.511 I 0.000+-0.000 E  0I                                                 I
 I-3.339 I 0.000+-0.000 E  0I                                                 I
 I-3.166 I 0.000+-0.000 E  0I                                                 I
 I-2.993 I 0.000+-0.000 E  0I                                                 I
 I-2.821 I 0.000+-0.000 E  0I                                                 I
 I-2.648 I 0.000+-0.000 E  0I                                                 I
 I-2.475 I 0.000+-0.000 E  0I                                                 I
 I  E  0 I 2.826        E -3I****************************************OOOOOO   I
 +-------+------------------+-------------------------------------------------+
     x      d(Sigma)/dx     1.0E-03                                    3.2E-03 
                              Logarithmic Scale indicated by "O"

 Histogram (ID =  2 ) for q                                                               
                              Linear Scale indicated by "*"
     x      d(Sigma)/dx     0.0E+00      3.8E-04      7.5E-04     1.1E-03      
 +-------+------------------+------------+------------+-----------+-----------+
 I  E  0 I 0.000        E  0I                                                 I
 I 1.099 I 0.000+-0.000 E  0I                                                 I
 I 1.214 I 0.000+-0.000 E  0I                                                 I
 I 1.329 I 0.000+-0.000 E  0I                                                 I
 I 1.444 I 0.000+-0.000 E  0I                                                 I
 I 1.559 I 0.000+-0.000 E  0I                                                 I
 I 1.674 I 0.000+-0.000 E  0I                                                 I
 I 1.789 I 0.000+-0.000 E  0I                                                 I
 I 1.905 I 0.000+-0.000 E  0I                                                 I
 I 2.020 I 0.000+-0.000 E  0I                                                 I
 I 2.135 I 0.000+-0.000 E  0I                                                 I
 I 2.250 I 0.000+-0.000 E  0I                                                 I
 I 2.365 I 0.000+-0.000 E  0I                                                 I
 I 2.480 I 0.000+-0.000 E  0I                                                 I
 I 2.595 I 0.000+-0.000 E  0I                                                 I
 I 2.710 I 0.000+-0.000 E  0I                                                 I
 I 2.826 I 0.000+-0.000 E  0I                                                 I
 I 2.941 I 6.382+-0.108 E -4I**********************OOOOOOOOOOOOOOO            I
 I 3.056 I 1.245+-0.017 E -3I******************************************OOOOOOOO
 I 3.171 I 1.087+-0.015 E -3I*************************************OOOOOOOOOOO I
 I 3.286 I 1.027+-0.014 E -3I***********************************OOOOOOOOOOO   I
 I 3.401 I 9.637+-0.113 E -4I*********************************OOOOOOOOOOOO    I
 I 3.516 I 8.945+-0.121 E -4I******************************OOOOOOOOOOOOOO     I
 I 3.631 I 8.230+-0.081 E -4I****************************OOOOOOOOOOOOOO       I
 I 3.747 I 7.708+-0.124 E -4I**************************OOOOOOOOOOOOOOO        I
 I 3.862 I 7.129+-0.078 E -4I************************OOOOOOOOOOOOOOO          I
 I 3.977 I 6.983+-0.112 E -4I************************OOOOOOOOOOOOOOO          I
 I 4.092 I 6.396+-0.073 E -4I**********************OOOOOOOOOOOOOOO            I
 I 4.207 I 5.947+-0.077 E -4I********************OOOOOOOOOOOOOOOO             I
 I 4.322 I 5.751+-0.124 E -4I********************OOOOOOOOOOOOOOO              I
 I 4.437 I 5.439+-0.060 E -4I*******************OOOOOOOOOOOOOOO               I
 I 4.552 I 4.846+-0.109 E -4I*****************OOOOOOOOOOOOOOO                 I
 I 4.668 I 4.729+-0.065 E -4I****************OOOOOOOOOOOOOOO                  I
 I 4.783 I 4.600+-0.106 E -4I****************OOOOOOOOOOOOOOO                  I
 I 4.898 I 4.252+-0.116 E -4I***************OOOOOOOOOOOOOO                    I
 I 5.013 I 3.804+-0.048 E -4I*************OOOOOOOOOOOOOO                      I
 I 5.128 I 3.940+-0.046 E -4I**************OOOOOOOOOOOOOO                     I
 I 5.243 I 3.482+-0.045 E -4I************OOOOOOOOOOOOO                        I
 I 5.358 I 3.299+-0.044 E -4I***********OOOOOOOOOOOOO                         I
 I 5.474 I 3.243+-0.063 E -4I***********OOOOOOOOOOOOO                         I
 I 5.589 I 3.006+-0.041 E -4I***********OOOOOOOOOOO                           I
 I  E  0 I 1.084        E -3I*************************************OOOOOOOOOOO I
 +-------+------------------+---------------------------------------------+---+
     x      d(Sigma)/dx     1.0E-04                                            
                              Logarithmic Scale indicated by "O"

 Histogram (ID =  3 ) for t                                                               
                              Linear Scale indicated by "*"
     x      d(Sigma)/dx     0.0E+00      4.5E-03      9.0E-03     1.3E-02      
 +-------+------------------+------------+------------+-----------+-----------+
 I  E  0 I 0.000        E  0I                                                 I
 I-1.500 I 5.353+-0.286 E -6I*OOOOOOOO                                        I
 I-1.462 I 5.917+-0.600 E -6I*OOOOOOOO                                        I
 I-1.425 I 5.558+-0.591 E -6I*OOOOOOOO                                        I
 I-1.388 I 7.827+-0.584 E -6I*OOOOOOOOO                                       I
 I-1.350 I 7.964+-0.188 E -6I*OOOOOOOOOO                                      I
 I-1.313 I 9.681+-1.039 E -6I*OOOOOOOOOO                                      I
 I-1.275 I 1.140+-0.126 E -5I*OOOOOOOOOOO                                     I
 I-1.237 I 1.092+-0.141 E -5I*OOOOOOOOOOO                                     I
 I-1.200 I 1.243+-0.032 E -5I*OOOOOOOOOOOO                                    I
 I-1.163 I 1.472+-0.047 E -5I*OOOOOOOOOOOO                                    I
 I-1.125 I 2.064+-0.147 E -5I*OOOOOOOOOOOOOO                                  I
 I-1.087 I 2.693+-0.444 E -5I*OOOOOOOOOOOOOOO                                 I
 I-1.050 I 2.760+-0.271 E -5I*OOOOOOOOOOOOOOOO                                I
 I-1.012 I 2.608+-0.077 E -5I*OOOOOOOOOOOOOOO                                 I
 I-0.975 I 4.279+-0.680 E -5I*OOOOOOOOOOOOOOOOOO                              I
 I-0.938 I 5.524+-1.013 E -5I*OOOOOOOOOOOOOOOOOOO                             I
 I-0.900 I 4.742+-0.549 E -5I*OOOOOOOOOOOOOOOOOO                              I
 I-0.862 I 9.287+-1.266 E -5I*OOOOOOOOOOOOOOOOOOOOO                           I
 I-0.825 I 1.311+-0.217 E -4I*OOOOOOOOOOOOOOOOOOOOOOO                         I
 I-0.787 I 1.395+-0.259 E -4I*OOOOOOOOOOOOOOOOOOOOOOO                         I
 I-0.750 I 8.763+-0.481 E -5I*OOOOOOOOOOOOOOOOOOOOO                           I
 I-0.712 I 2.370+-0.400 E -4I*OOOOOOOOOOOOOOOOOOOOOOOOOO                      I
 I-0.675 I 2.364+-0.166 E -4I*OOOOOOOOOOOOOOOOOOOOOOOOOO                      I
 I-0.637 I 3.387+-0.189 E -4I*OOOOOOOOOOOOOOOOOOOOOOOOOOOO                    I
 I-0.600 I 3.668+-0.166 E -4I**OOOOOOOOOOOOOOOOOOOOOOOOOOO                    I
 I-0.562 I 5.305+-0.259 E -4I**OOOOOOOOOOOOOOOOOOOOOOOOOOOOO                  I
 I-0.525 I 7.253+-0.497 E -4I***OOOOOOOOOOOOOOOOOOOOOOOOOOOOO                 I
 I-0.487 I 7.951+-0.221 E -4I***OOOOOOOOOOOOOOOOOOOOOOOOOOOOOO                I
 I-0.450 I 1.074+-0.027 E -3I***OOOOOOOOOOOOOOOOOOOOOOOOOOOOOOO               I
 I-0.412 I 1.398+-0.037 E -3I****OOOOOOOOOOOOOOOOOOOOOOOOOOOOOOO              I
 I-0.375 I 1.754+-0.036 E -3I*****OOOOOOOOOOOOOOOOOOOOOOOOOOOOOOOO            I
 I-0.337 I 2.262+-0.030 E -3I*******OOOOOOOOOOOOOOOOOOOOOOOOOOOOOOO           I
 I-0.300 I 2.967+-0.038 E -3I*********OOOOOOOOOOOOOOOOOOOOOOOOOOOOOO          I
 I-0.262 I 3.780+-0.050 E -3I***********OOOOOOOOOOOOOOOOOOOOOOOOOOOOO         I
 I-0.225 I 5.026+-0.050 E -3I**************OOOOOOOOOOOOOOOOOOOOOOOOOOOO       I
 I-0.187 I 6.310+-0.040 E -3I******************OOOOOOOOOOOOOOOOOOOOOOOOO      I
 I-0.150 I 8.087+-0.034 E -3I***********************OOOOOOOOOOOOOOOOOOOOO     I
 I-0.112 I 1.043+-0.004 E -2I*****************************OOOOOOOOOOOOOOOO    I
 I-0.075 I 1.370+-0.004 E -2I***************************************OOOOOOO   I
 I-0.037 I 1.457+-0.005 E -2I*****************************************OOOOOO  I
 I  E  0 I 0.000        E  0I                                                 I
 +-------+------------------+-----------+----------+----------+----------+----+
     x      d(Sigma)/dx     1.0E-06     1.0E-05    1.0E-04    1.0E-03          
                              Logarithmic Scale indicated by "O"
 *************************************
 *     INTEGRATION TERMINATED        *
 *************************************
 Total cross-section (nb) :   2.82435608E-03
 Error                    :   8.54458631E-06





                                                     Date: 2010/ 4/21  09:08
        **********************************************************
        *                                                        *
        *    SSSSS   PPPPPP   RRRRRR   IIIII  N    NN   GGGGG    *
        *   SS   SS  PP   PP  RR   RR   III   NN   NN  GG   GG   *
        *   SS       PP   PP  RR   RR   III   NNN  NN  GG        *
        *    SSSSS   PPPPPP   RRRRR     III   NNNN NN  GG  GGGG  *
        *        SS  PP       RR  RR    III   NN NNNN  GG   GG   *
        *   SS   SS  PP       RR   RR   III   NN  NNN  GG   GG   *
        *    SSSSS   PP       RR    RR IIIII  NN   NN   GGGGG    *
        *                                                        *
        *                  SPRING Version 5.1                    *
        *           coded by S.Kawabata KEK, March 1994          *
        **********************************************************

     Number of generated events    =        16
     Generation efficiency         =    21.622 Percent
     Computing time for generation =     0.080 Seconds
                    for Overhead   =   588.280 Seconds
                    for Others     =     0.020 Seconds
     GO time for event generation  =   588.380 Seconds
     Max. number of trials MXTRY   =        50 per event
     Number of miss-generation     =         1 times

     ************* Number of trials to get an event *************
 Total =        17 events   "*" : No. of events in Linear scale.
    x      Lg(dN/dx)  dN/dx 0.0E+00      3.0E+00      6.0E+00     9.0E+00      
 +-------+----------+-------+------------+------------+-----------+-----------+
 I 0.100 I 1.000E  1I     10I******************************************OOOO   I
 I 0.200 I 5.000E  0I      5I*********************OOOOOOOOOOO                 I
 I 0.300 I 0.000E  0I      0I                                                 I
 I 0.400 I 1.000E  0I      1IO****                                            I
 I 0.500 I 0.000E  0I      0I                                                 I
 I 0.600 I 0.000E  0I      0I                                                 I
 I 0.700 I 0.000E  0I      0I                                                 I
 I 0.800 I 0.000E  0I      0I                                                 I
 I 0.900 I 0.000E  0I      0I                                                 I
 I 1.000 I 0.000E  0I      0I                                                 I
 I 1.100 I 0.000E  0I      0I                                                 I
 I 1.200 I 0.000E  0I      0I                                                 I
 I 1.300 I 0.000E  0I      0I                                                 I
 I 1.400 I 0.000E  0I      0I                                                 I
 I 1.500 I 0.000E  0I      0I                                                 I
 I 1.600 I 0.000E  0I      0I                                                 I
 I 1.700 I 0.000E  0I      0I                                                 I
 I 1.800 I 0.000E  0I      0I                                                 I
 I 1.900 I 0.000E  0I      0I                                                 I
 I 2.000 I 0.000E  0I      0I                                                 I
 I 2.100 I 0.000E  0I      0I                                                 I
 I 2.200 I 0.000E  0I      0I                                                 I
 I 2.300 I 0.000E  0I      0I                                                 I
 I 2.400 I 0.000E  0I      0I                                                 I
 I 2.500 I 0.000E  0I      0I                                                 I
 I 2.600 I 0.000E  0I      0I                                                 I
 I 2.700 I 0.000E  0I      0I                                                 I
 I 2.800 I 0.000E  0I      0I                                                 I
 I 2.900 I 0.000E  0I      0I                                                 I
 I 3.000 I 0.000E  0I      0I                                                 I
 I 3.100 I 0.000E  0I      0I                                                 I
 I 3.200 I 0.000E  0I      0I                                                 I
 I 3.300 I 0.000E  0I      0I                                                 I
 I 3.400 I 0.000E  0I      0I                                                 I
 I 3.500 I 0.000E  0I      0I                                                 I
 I 3.600 I 0.000E  0I      0I                                                 I
 I 3.700 I 0.000E  0I      0I                                                 I
 I 3.800 I 0.000E  0I      0I                                                 I
 I 3.900 I 0.000E  0I      0I                                                 I
 I 4.000 I 0.000E  0I      0I                                                 I
 I 4.100 I 0.000E  0I      0I                                                 I
 I 4.200 I 0.000E  0I      0I                                                 I
 I 4.300 I 0.000E  0I      0I                                                 I
 I 4.400 I 0.000E  0I      0I                                                 I
 I 4.500 I 0.000E  0I      0I                                                 I
 I 4.600 I 0.000E  0I      0I                                                 I
 I 4.700 I 0.000E  0I      0I                                                 I
 I 4.800 I 0.000E  0I      0I                                                 I
 I 4.900 I 0.000E  0I      0I                                                 I
 I 5.000 I 0.000E  0I      0I                                                 I
 I  E  1 I 1.000E  0I      1IO****                                            I
 +-------+----------+-------+---------------------------------------------+---+
    x      Lg(dN/dx)  dN/dx 1.0E+00                                            
                              "O" : No. of Events in Log. scale.



     *********  Contents of the histogram Header *********

 (1) Actual Buffer size     =    843 Words
 (2) Contents of Histograms 
     Max. No. of Histograms =     50
     Number   of Histograms =      3
    ID     X_min        X_max    X_bin Hash Hst#
     1  -9.2103E+00  -2.3026E+00   40  2  1    1
     2   1.0986E+00   5.7038E+00   40  3  1    2
     3  -1.5000E+00   0.0000E+00   40  4  1    3
 (3) Contents of Scatter Plots
     Max. No. of Scat_Plots =     50
     Number   of Scat_Plots =      0

 Original Histogram (ID =  1 ) for x                                                           

     ***************************************
     *    SPRING has no entry              *
     *     in the histogram ID(     1 )    *
     ***************************************

 Original Histogram (ID =  2 ) for q                                                           
 Total =        16 events   "*" : Orig. Dist. in Log Scale.
    x      d(Sig/dx)  dN/dx 1.0E-04                                            
 +-------+----------+-------+---------------------------------------------+---+
 I  E  0 I 0.000E  0I      0I                                                 I
 I 1.099 I 0.000E  0I      0I                                                 I
 I 1.214 I 0.000E  0I      0I                                                 I
 I 1.329 I 0.000E  0I      0I                                                 I
 I 1.444 I 0.000E  0I      0I                                                 I
 I 1.559 I 0.000E  0I      0I                                                 I
 I 1.674 I 0.000E  0I      0I                                                 I
 I 1.789 I 0.000E  0I      0I                                                 I
 I 1.905 I 0.000E  0I      0I                                                 I
 I 2.020 I 0.000E  0I      0I                                                 I
 I 2.135 I 0.000E  0I      0I                                                 I
 I 2.250 I 0.000E  0I      0I                                                 I
 I 2.365 I 0.000E  0I      0I                                                 I
 I 2.480 I 0.000E  0I      0I                                                 I
 I 2.595 I 0.000E  0I      0I                                                 I
 I 2.710 I 0.000E  0I      0I                                                 I
 I 2.826 I 0.000E  0I      0I                                                 I
 I 2.941 I 6.382E -4I      1I*************************************            O
 I 3.056 I 1.245E -3I      1I*************************************************O
 I 3.171 I 1.087E -3I      1I************************************************ O
 I 3.286 I 1.027E -3I      0I**********************************************   I
 I 3.401 I 9.637E -4I      2I*******************************************<*    O
 I 3.516 I 8.945E -4I      1I********************************************     O
 I 3.631 I 8.230E -4I      1I******************************************       O
 I 3.747 I 7.708E -4I      0I*****************************************        I
 I 3.862 I 7.129E -4I      0I***************************************          I
 I 3.977 I 6.983E -4I      0I***************************************          I
 I 4.092 I 6.396E -4I      0I*************************************            I
 I 4.207 I 5.947E -4I      2I************************************       <     O
 I 4.322 I 5.751E -4I      0I***********************************              I
 I 4.437 I 5.439E -4I      0I**********************************               I
 I 4.552 I 4.846E -4I      1I********************************                 O
 I 4.668 I 4.729E -4I      0I*******************************                  I
 I 4.783 I 4.600E -4I      0I*******************************                  I
 I 4.898 I 4.252E -4I      0I*****************************                    I
 I 5.013 I 3.804E -4I      0I***************************                      I
 I 5.128 I 3.940E -4I      0I****************************                     I
 I 5.243 I 3.482E -4I      0I*************************                        I
 I 5.358 I 3.299E -4I      0I************************                         I
 I 5.474 I 3.243E -4I      0I************************                         I
 I 5.589 I 3.006E -4I      0I**********************                           I
 I  E  0 I 1.084E -3I      6I***********************************<**********O* I
 +-------+----------+-------+---------------------------------------------+---+
    x      d(Sig/dx)  dN/dx    "O" : Generated Events.( Arbitrary unit in Log )

 Original Histogram (ID =  3 ) for t                                                           
 Total =        16 events   "*" : Orig. Dist. in Log Scale.
    x      d(Sig/dx)  dN/dx 1.0E-06     1.0E-05    1.0E-04    1.0E-03          
 +-------+----------+-------+-----------+----------+----------+----------+----+
 I  E  0 I 0.000E  0I      0I                                                 I
 I-1.500 I 5.353E -6I      0I*********                                        I
 I-1.462 I 5.917E -6I      0I*********                                        I
 I-1.425 I 5.558E -6I      0I*********                                        I
 I-1.388 I 7.827E -6I      0I**********                                       I
 I-1.350 I 7.964E -6I      0I***********                                      I
 I-1.313 I 9.681E -6I      0I***********                                      I
 I-1.275 I 1.140E -5I      0I************                                     I
 I-1.237 I 1.092E -5I      0I************                                     I
 I-1.200 I 1.243E -5I      0I*************                                    I
 I-1.163 I 1.472E -5I      0I*************                                    I
 I-1.125 I 2.064E -5I      0I***************                                  I
 I-1.087 I 2.693E -5I      0I****************                                 I
 I-1.050 I 2.760E -5I      0I*****************                                I
 I-1.012 I 2.608E -5I      0I****************                                 I
 I-0.975 I 4.279E -5I      0I*******************                              I
 I-0.938 I 5.524E -5I      0I********************                             I
 I-0.900 I 4.742E -5I      0I*******************                              I
 I-0.862 I 9.287E -5I      0I**********************                           I
 I-0.825 I 1.311E -4I      0I************************                         I
 I-0.787 I 1.395E -4I      0I************************                         I
 I-0.750 I 8.763E -5I      0I**********************                           I
 I-0.712 I 2.370E -4I      0I***************************                      I
 I-0.675 I 2.364E -4I      0I***************************                      I
 I-0.637 I 3.387E -4I      0I*****************************                    I
 I-0.600 I 3.668E -4I      0I*****************************                    I
 I-0.562 I 5.305E -4I      0I*******************************                  I
 I-0.525 I 7.253E -4I      0I********************************                 I
 I-0.487 I 7.951E -4I      0I*********************************                I
 I-0.450 I 1.074E -3I      0I**********************************               I
 I-0.412 I 1.398E -3I      0I***********************************              I
 I-0.375 I 1.754E -3I      0I*************************************            I
 I-0.337 I 2.262E -3I      1I**************************************  O   >    I
 I-0.300 I 2.967E -3I      1I*************************************** O   >    I
 I-0.262 I 3.780E -3I      1I****************************************O   >    I
 I-0.225 I 5.026E -3I      2I**************************************<***  O >  I
 I-0.187 I 6.310E -3I      0I*******************************************      I
 I-0.150 I 8.087E -3I      4I********************************************<  O >
 I-0.112 I 1.043E -2I      3I*****************************************<*** O >I
 I-0.075 I 1.370E -2I      3I*****************************************<****O >I
 I-0.037 I 1.457E -2I      1I****************************************O***>**  I
 I  E  0 I 0.000E  0I      0I                                                 I
 +-------+----------+-------+-----------+----------+----------+----------+----+
    x      d(Sig/dx)  dN/dx    "O" : Generated Events.( Arbitrary unit in Log )
