
                                                     Date: 2010/ 4/28  17:32
        **********************************************************
        *                                                        *
        *     BBBBBBB     AAAA     SSSSSS   EEEEEE   SSSSSS      *
        *     BB    BB   AA  AA   SS    SS  EE      SS    SS     *
        *     BB    BB  AA    AA  SS        EE      SS           *
        *     BBBBBBB   AAAAAAAA   SSSSSS   EEEEEE   SSSSSS      *
        *     BB    BB  AA    AA        SS  EE            SS     *
        *     BB    BB  AA    AA  SS    SS  EE      SS    SS     *
        *     BBBB BB   AA    AA   SSSSSS   EEEEEE   SSSSSS      *
        *                                                        *
        *                   BASES Version 5.1                    *
        *           coded by S.Kawabata KEK, March 1994          *
        **********************************************************


     <<   Parameters for BASES    >>

      (1) Dimensions of integration etc.
          # of dimensions :    Ndim    =        3   ( 50 at max.)
          # of Wilds      :    Nwild   =        3   ( 15 at max.)
          # of sample points : Ncall   =     9826(real)    10000(given)
          # of subregions    : Ng      =       34 / variable
          # of regions       : Nregion =       17 / variable
          # of Hypercubes    : Ncube   =     4913

      (2) About the integration variables
          ------+---------------+---------------+-------+-------
              i       XL(i)           XU(i)       IG(i)   Wild
          ------+---------------+---------------+-------+-------
              1   -9.210340E+00   -2.302585E+00     1      yes
              2    1.871802E+00    4.382027E+00     1      yes
              3   -1.000000E+00    0.000000E+00     1      yes
          ------+---------------+---------------+-------+-------

      (3) Parameters for the grid optimization step
          Max.# of iterations: ITMX1 =       10
          Expected accuracy  : Acc1  =   0.0500 %

      (4) Parameters for the integration step
          Max.# of iterations: ITMX2 =       10
          Expected accuracy  : Acc2  =   0.0100 %


     <<   Computing Time Information   >>

               (1) For BASES              H: M:  Sec
                   Overhead           :   0: 0: 0.00
                   Grid Optim. Step   :   0: 7:58.02
                   Integration Step   :   0: 8: 3.31
                   Go time for all    :   0:16: 1.34

               (2) Expected event generation time
                   Expected time for 1000 events :      7.03 Sec

                                                     Date: 2010/ 4/28  17:32
               Convergency Behavior for the Grid Optimization Step
 ------------------------------------------------------------------------------
 <- Result of  each iteration ->  <-     Cumulative Result     -> < CPU  time >
  IT Eff R_Neg   Estimate  Acc %  Estimate(+- Error )order  Acc % ( H: M: Sec )
 ------------------------------------------------------------------------------
   1  87  0.00  5.427E-02  0.377  5.426562(+-0.020434)E-02  0.377   0: 0:45.15
   2  90  0.00  5.437E-02  0.121  5.436171(+-0.006263)E-02  0.115   0: 1:31.84
   3  92  0.00  5.435E-02  0.133  5.435599(+-0.004731)E-02  0.087   0: 2:19.61
   4  93  0.00  5.426E-02  0.151  5.433122(+-0.004095)E-02  0.075   0: 3: 7.80
   5  93  0.00  5.428E-02  0.163  5.432216(+-0.003716)E-02  0.068   0: 3:56.08
   6  93  0.00  5.427E-02  0.165  5.431461(+-0.003432)E-02  0.063   0: 4:44.50
   7  93  0.00  5.408E-02  0.170  5.428592(+-0.003214)E-02  0.059   0: 5:32.85
   8  93  0.00  5.429E-02  0.175  5.428638(+-0.003045)E-02  0.056   0: 6:21.23
   9  93  0.00  5.430E-02  0.173  5.428722(+-0.002897)E-02  0.053   0: 7: 9.67
  10  93  0.00  5.422E-02  0.174  5.428112(+-0.002770)E-02  0.051   0: 7:58.02
 ------------------------------------------------------------------------------

                                                     Date: 2010/ 4/28  17:32
               Convergency Behavior for the Integration Step      
 ------------------------------------------------------------------------------
 <- Result of  each iteration ->  <-     Cumulative Result     -> < CPU  time >
  IT Eff R_Neg   Estimate  Acc %  Estimate(+- Error )order  Acc % ( H: M: Sec )
 ------------------------------------------------------------------------------
   1  94  0.00  5.442E-02  0.175  5.441810(+-0.009520)E-02  0.175   0: 8:46.44
   2  93  0.00  5.438E-02  0.177  5.439845(+-0.006768)E-02  0.124   0: 9:34.80
   3  93  0.00  5.422E-02  0.166  5.433524(+-0.005412)E-02  0.100   0:10:23.17
   4  93  0.00  5.424E-02  0.171  5.431085(+-0.004672)E-02  0.086   0:11:11.58
   5  93  0.00  5.413E-02  0.168  5.427339(+-0.004157)E-02  0.077   0:11:59.86
   6  93  0.00  5.415E-02  0.171  5.425335(+-0.003794)E-02  0.070   0:12:48.07
   7  93  0.00  5.424E-02  0.179  5.425109(+-0.003532)E-02  0.065   0:13:36.40
   8  93  0.00  5.437E-02  0.168  5.426608(+-0.003295)E-02  0.061   0:14:24.70
   9  94  0.00  5.435E-02  0.172  5.427497(+-0.003106)E-02  0.057   0:15:13.05
  10  93  0.00  5.429E-02  0.168  5.427697(+-0.002941)E-02  0.054   0:16: 1.34
 ------------------------------------------------------------------------------



     *********  Contents of the histogram Header *********

 (1) Actual Buffer size     =   1124 Words
 (2) Contents of Histograms 
     Max. No. of Histograms =     50
     Number   of Histograms =      4
    ID     X_min        X_max    X_bin Hash Hst#
     1  -9.2103E+00  -2.3026E+00   40  2  1    1
     2   1.8718E+00   4.3820E+00   40  3  1    2
     3  -1.0000E+00   0.0000E+00   40  4  1    3
     4   1.0000E-06   2.7600E+01   40  5  1    4
 (3) Contents of Scatter Plots
     Max. No. of Scat_Plots =     50
     Number   of Scat_Plots =      0

 Histogram (ID =  1 ) for x                                                               
                              Linear Scale indicated by "*"
     x      d(Sigma)/dx     0.0E+00      1.8E-02      3.5E-02     5.3E-02      
 +-------+------------------+------------+------------+-----------+-----------+
 I  E  0 I 0.000        E  0I                                                 I
 I-9.210 I 0.000+-0.000 E  0I                                                 I
 I-9.038 I 0.000+-0.000 E  0I                                                 I
 I-8.865 I 0.000+-0.000 E  0I                                                 I
 I-8.692 I 0.000+-0.000 E  0I                                                 I
 I-8.520 I 0.000+-0.000 E  0I                                                 I
 I-8.347 I 0.000+-0.000 E  0I                                                 I
 I-8.174 I 0.000+-0.000 E  0I                                                 I
 I-8.001 I 0.000+-0.000 E  0I                                                 I
 I-7.829 I 0.000+-0.000 E  0I                                                 I
 I-7.656 I 0.000+-0.000 E  0I                                                 I
 I-7.483 I 0.000+-0.000 E  0I                                                 I
 I-7.311 I 0.000+-0.000 E  0I                                                 I
 I-7.138 I 0.000+-0.000 E  0I                                                 I
 I-6.965 I 0.000+-0.000 E  0I                                                 I
 I-6.793 I 0.000+-0.000 E  0I                                                 I
 I-6.620 I 0.000+-0.000 E  0I                                                 I
 I-6.447 I 0.000+-0.000 E  0I                                                 I
 I-6.275 I 0.000+-0.000 E  0I                                                 I
 I-6.102 I 0.000+-0.000 E  0I                                                 I
 I-5.929 I 0.000+-0.000 E  0I                                                 I
 I-5.756 I 0.000+-0.000 E  0I                                                 I
 I-5.584 I 0.000+-0.000 E  0I                                                 I
 I-5.411 I 0.000+-0.000 E  0I                                                 I
 I-5.238 I 0.000+-0.000 E  0I                                                 I
 I-5.066 I 0.000+-0.000 E  0I                                                 I
 I-4.893 I 0.000+-0.000 E  0I                                                 I
 I-4.720 I 0.000+-0.000 E  0I                                                 I
 I-4.548 I 0.000+-0.000 E  0I                                                 I
 I-4.375 I 0.000+-0.000 E  0I                                                 I
 I-4.202 I 0.000+-0.000 E  0I                                                 I
 I-4.030 I 0.000+-0.000 E  0I                                                 I
 I-3.857 I 0.000+-0.000 E  0I                                                 I
 I-3.684 I 0.000+-0.000 E  0I                                                 I
 I-3.511 I 0.000+-0.000 E  0I                                                 I
 I-3.339 I 0.000+-0.000 E  0I                                                 I
 I-3.166 I 0.000+-0.000 E  0I                                                 I
 I-2.993 I 0.000+-0.000 E  0I                                                 I
 I-2.821 I 0.000+-0.000 E  0I                                                 I
 I-2.648 I 0.000+-0.000 E  0I                                                 I
 I-2.475 I 0.000+-0.000 E  0I                                                 I
 I  E  0 I 5.428        E -2I***************************************OOOOOOO   I
 +-------+------------------+-------------------------------------------------+
     x      d(Sigma)/dx     1.0E-02                                    6.3E-02 
                              Logarithmic Scale indicated by "O"

 Histogram (ID =  2 ) for q                                                               
                              Linear Scale indicated by "*"
     x      d(Sigma)/dx     0.0E+00      1.8E-02      3.5E-02     5.3E-02      
 +-------+------------------+------------+------------+-----------+-----------+
 I  E  0 I 0.000        E  0I                                                 I
 I 1.872 I 0.000+-0.000 E  0I                                                 I
 I 1.935 I 0.000+-0.000 E  0I                                                 I
 I 1.997 I 0.000+-0.000 E  0I                                                 I
 I 2.060 I 0.000+-0.000 E  0I                                                 I
 I 2.123 I 0.000+-0.000 E  0I                                                 I
 I 2.186 I 0.000+-0.000 E  0I                                                 I
 I 2.248 I 0.000+-0.000 E  0I                                                 I
 I 2.311 I 0.000+-0.000 E  0I                                                 I
 I 2.374 I 0.000+-0.000 E  0I                                                 I
 I 2.437 I 0.000+-0.000 E  0I                                                 I
 I 2.499 I 0.000+-0.000 E  0I                                                 I
 I 2.562 I 0.000+-0.000 E  0I                                                 I
 I 2.625 I 0.000+-0.000 E  0I                                                 I
 I 2.688 I 0.000+-0.000 E  0I                                                 I
 I 2.750 I 0.000+-0.000 E  0I                                                 I
 I 2.813 I 0.000+-0.000 E  0I                                                 I
 I 2.876 I 0.000+-0.000 E  0I                                                 I
 I 2.939 I 0.000+-0.000 E  0I                                                 I
 I 3.001 I 0.000+-0.000 E  0I                                                 I
 I 3.064 I 0.000+-0.000 E  0I                                                 I
 I 3.127 I 0.000+-0.000 E  0I                                                 I
 I 3.190 I 0.000+-0.000 E  0I                                                 I
 I 3.252 I 0.000+-0.000 E  0I                                                 I
 I 3.315 I 0.000+-0.000 E  0I                                                 I
 I 3.378 I 0.000+-0.000 E  0I                                                 I
 I 3.441 I 0.000+-0.000 E  0I                                                 I
 I 3.503 I 0.000+-0.000 E  0I                                                 I
 I 3.566 I 0.000+-0.000 E  0I                                                 I
 I 3.629 I 0.000+-0.000 E  0I                                                 I
 I 3.692 I 0.000+-0.000 E  0I                                                 I
 I 3.754 I 0.000+-0.000 E  0I                                                 I
 I 3.817 I 0.000+-0.000 E  0I                                                 I
 I 3.880 I 0.000+-0.000 E  0I                                                 I
 I 3.943 I 0.000+-0.000 E  0I                                                 I
 I 4.005 I 0.000+-0.000 E  0I                                                 I
 I 4.068 I 0.000+-0.000 E  0I                                                 I
 I 4.131 I 0.000+-0.000 E  0I                                                 I
 I 4.194 I 0.000+-0.000 E  0I                                                 I
 I 4.257 I 0.000+-0.000 E  0I                                                 I
 I 4.319 I 0.000+-0.000 E  0I                                                 I
 I  E  0 I 5.428        E -2I***************************************OOOOOOO   I
 +-------+------------------+-------------------------------------------------+
     x      d(Sigma)/dx     1.0E-02                                    6.3E-02 
                              Logarithmic Scale indicated by "O"

 Histogram (ID =  3 ) for t                                                               
                              Linear Scale indicated by "*"
     x      d(Sigma)/dx     0.0E+00      9.0E-02     1.8E-01      2.7E-01      
 +-------+------------------+------------+-----------+------------+-----------+
 I  E  0 I 0.000        E  0I                                                 I
 I-1.000 I 1.339+-0.012 E -3I*OO                                              I
 I-0.975 I 1.405+-0.012 E -3I*OO                                              I
 I-0.950 I 1.862+-0.016 E -3I*OOOOO                                           I
 I-0.925 I 2.054+-0.018 E -3I*OOOOOO                                          I
 I-0.900 I 2.373+-0.020 E -3I*OOOOOOO                                         I
 I-0.875 I 2.899+-0.024 E -3I*OOOOOOOOO                                       I
 I-0.850 I 3.076+-0.029 E -3I*OOOOOOOOO                                       I
 I-0.825 I 3.819+-0.038 E -3I*OOOOOOOOOOO                                     I
 I-0.800 I 3.726+-0.033 E -3I*OOOOOOOOOOO                                     I
 I-0.775 I 4.454+-0.043 E -3I*OOOOOOOOOOOO                                    I
 I-0.750 I 5.493+-0.046 E -3I*OOOOOOOOOOOOOO                                  I
 I-0.725 I 6.173+-0.056 E -3I*OOOOOOOOOOOOOOO                                 I
 I-0.700 I 5.921+-0.064 E -3I*OOOOOOOOOOOOOOO                                 I
 I-0.675 I 7.776+-0.191 E -3I**OOOOOOOOOOOOOOOO                               I
 I-0.650 I 9.277+-0.057 E -3I**OOOOOOOOOOOOOOOOOO                             I
 I-0.625 I 1.138+-0.007 E -2I**OOOOOOOOOOOOOOOOOOOO                           I
 I-0.600 I 1.145+-0.008 E -2I**OOOOOOOOOOOOOOOOOOOO                           I
 I-0.575 I 1.461+-0.008 E -2I***OOOOOOOOOOOOOOOOOOOOO                         I
 I-0.550 I 1.615+-0.010 E -2I***OOOOOOOOOOOOOOOOOOOOOO                        I
 I-0.525 I 1.706+-0.021 E -2I***OOOOOOOOOOOOOOOOOOOOOO                        I
 I-0.500 I 2.050+-0.009 E -2I***OOOOOOOOOOOOOOOOOOOOOOOO                      I
 I-0.475 I 2.483+-0.009 E -2I****OOOOOOOOOOOOOOOOOOOOOOOO                     I
 I-0.450 I 2.744+-0.010 E -2I****OOOOOOOOOOOOOOOOOOOOOOOOO                    I
 I-0.425 I 3.170+-0.011 E -2I*****OOOOOOOOOOOOOOOOOOOOOOOOOO                  I
 I-0.400 I 3.446+-0.015 E -2I*****OOOOOOOOOOOOOOOOOOOOOOOOOO                  I
 I-0.375 I 4.233+-0.014 E -2I******OOOOOOOOOOOOOOOOOOOOOOOOOOO                I
 I-0.350 I 4.820+-0.014 E -2I*******OOOOOOOOOOOOOOOOOOOOOOOOOOO               I
 I-0.325 I 5.456+-0.015 E -2I********OOOOOOOOOOOOOOOOOOOOOOOOOOO              I
 I-0.300 I 6.283+-0.015 E -2I*********OOOOOOOOOOOOOOOOOOOOOOOOOOO             I
 I-0.275 I 6.929+-0.016 E -2I**********OOOOOOOOOOOOOOOOOOOOOOOOOOO            I
 I-0.250 I 8.163+-0.018 E -2I************OOOOOOOOOOOOOOOOOOOOOOOOOOO          I
 I-0.225 I 9.457+-0.019 E -2I**************OOOOOOOOOOOOOOOOOOOOOOOOOO         I
 I-0.200 I 1.068+-0.002 E -1I***************OOOOOOOOOOOOOOOOOOOOOOOOOO        I
 I-0.175 I 1.232+-0.002 E -1I******************OOOOOOOOOOOOOOOOOOOOOOOO       I
 I-0.150 I 1.401+-0.002 E -1I********************OOOOOOOOOOOOOOOOOOOOOOO      I
 I-0.125 I 1.612+-0.002 E -1I***********************OOOOOOOOOOOOOOOOOOOOOO    I
 I-0.100 I 1.861+-0.003 E -1I**************************OOOOOOOOOOOOOOOOOOOO   I
 I-0.075 I 2.111+-0.003 E -1I******************************OOOOOOOOOOOOOOOOO  I
 I-0.050 I 2.425+-0.003 E -1I**********************************OOOOOOOOOOOOOO I
 I-0.025 I 2.755+-0.003 E -1I***************************************OOOOOOOOOOI
 I  E  0 I 0.000        E  0I                                                 I
 +-------+------------------+--------------------+-------------------+--------+
     x      d(Sigma)/dx     1.0E-03              1.0E-02             1.0E-01   
                              Logarithmic Scale indicated by "O"

 Histogram (ID =  4 ) for Egam radie                                                      
                              Linear Scale indicated by "*"
     x      d(Sigma)/dx     0.0E+00      1.8E-02      3.5E-02     5.3E-02      
 +-------+------------------+------------+------------+-----------+-----------+
 I  E  1 I 5.428        E -2I***************************************OOOOOOO   I
 I 0.000 I 0.000+-0.000 E  0I                                                 I
 I 0.069 I 0.000+-0.000 E  0I                                                 I
 I 0.138 I 0.000+-0.000 E  0I                                                 I
 I 0.207 I 0.000+-0.000 E  0I                                                 I
 I 0.276 I 0.000+-0.000 E  0I                                                 I
 I 0.345 I 0.000+-0.000 E  0I                                                 I
 I 0.414 I 0.000+-0.000 E  0I                                                 I
 I 0.483 I 0.000+-0.000 E  0I                                                 I
 I 0.552 I 0.000+-0.000 E  0I                                                 I
 I 0.621 I 0.000+-0.000 E  0I                                                 I
 I 0.690 I 0.000+-0.000 E  0I                                                 I
 I 0.759 I 0.000+-0.000 E  0I                                                 I
 I 0.828 I 0.000+-0.000 E  0I                                                 I
 I 0.897 I 0.000+-0.000 E  0I                                                 I
 I 0.966 I 0.000+-0.000 E  0I                                                 I
 I 1.035 I 0.000+-0.000 E  0I                                                 I
 I 1.104 I 0.000+-0.000 E  0I                                                 I
 I 1.173 I 0.000+-0.000 E  0I                                                 I
 I 1.242 I 0.000+-0.000 E  0I                                                 I
 I 1.311 I 0.000+-0.000 E  0I                                                 I
 I 1.380 I 0.000+-0.000 E  0I                                                 I
 I 1.449 I 0.000+-0.000 E  0I                                                 I
 I 1.518 I 0.000+-0.000 E  0I                                                 I
 I 1.587 I 0.000+-0.000 E  0I                                                 I
 I 1.656 I 0.000+-0.000 E  0I                                                 I
 I 1.725 I 0.000+-0.000 E  0I                                                 I
 I 1.794 I 0.000+-0.000 E  0I                                                 I
 I 1.863 I 0.000+-0.000 E  0I                                                 I
 I 1.932 I 0.000+-0.000 E  0I                                                 I
 I 2.001 I 0.000+-0.000 E  0I                                                 I
 I 2.070 I 0.000+-0.000 E  0I                                                 I
 I 2.139 I 0.000+-0.000 E  0I                                                 I
 I 2.208 I 0.000+-0.000 E  0I                                                 I
 I 2.277 I 0.000+-0.000 E  0I                                                 I
 I 2.346 I 0.000+-0.000 E  0I                                                 I
 I 2.415 I 0.000+-0.000 E  0I                                                 I
 I 2.484 I 0.000+-0.000 E  0I                                                 I
 I 2.553 I 0.000+-0.000 E  0I                                                 I
 I 2.622 I 0.000+-0.000 E  0I                                                 I
 I 2.691 I 0.000+-0.000 E  0I                                                 I
 I  E  1 I 0.000        E  0I                                                 I
 +-------+------------------+-------------------------------------------------+
     x      d(Sigma)/dx     1.0E-02                                    6.3E-02 
                              Logarithmic Scale indicated by "O"
 *************************************
 *     INTEGRATION TERMINATED        *
 *************************************
 Total cross-section (nb) :   5.42769693E-02
 Error                    :   2.94089896E-05





                                                     Date: 2010/ 4/28  17:48
        **********************************************************
        *                                                        *
        *    SSSSS   PPPPPP   RRRRRR   IIIII  N    NN   GGGGG    *
        *   SS   SS  PP   PP  RR   RR   III   NN   NN  GG   GG   *
        *   SS       PP   PP  RR   RR   III   NNN  NN  GG        *
        *    SSSSS   PPPPPP   RRRRR     III   NNNN NN  GG  GGGG  *
        *        SS  PP       RR  RR    III   NN NNNN  GG   GG   *
        *   SS   SS  PP       RR   RR   III   NN  NNN  GG   GG   *
        *    SSSSS   PP       RR    RR IIIII  NN   NN   GGGGG    *
        *                                                        *
        *                  SPRING Version 5.1                    *
        *           coded by S.Kawabata KEK, March 1994          *
        **********************************************************

     Number of generated events    =        11
     Generation efficiency         =    78.571 Percent
     Computing time for generation =     0.070 Seconds
                    for Overhead   =   961.350 Seconds
                    for Others     =     0.000 Seconds
     GO time for event generation  =   961.430 Seconds
     Max. number of trials MXTRY   =        50 per event
     Number of miss-generation     =         0 times

     ************* Number of trials to get an event *************
 Total =        11 events   "*" : No. of events in Linear scale.
    x      Lg(dN/dx)  dN/dx 0.0E+00      2.5E+00      5.0E+00     7.5E+00      
 +-------+----------+-------+------------+------------+-----------+-----------+
 I 0.100 I 8.000E  0I      8I****************************************OOOOOO   I
 I 0.200 I 3.000E  0I      3I***************OOOOOOOOO                         I
 I 0.300 I 0.000E  0I      0I                                                 I
 I 0.400 I 0.000E  0I      0I                                                 I
 I 0.500 I 0.000E  0I      0I                                                 I
 I 0.600 I 0.000E  0I      0I                                                 I
 I 0.700 I 0.000E  0I      0I                                                 I
 I 0.800 I 0.000E  0I      0I                                                 I
 I 0.900 I 0.000E  0I      0I                                                 I
 I 1.000 I 0.000E  0I      0I                                                 I
 I 1.100 I 0.000E  0I      0I                                                 I
 I 1.200 I 0.000E  0I      0I                                                 I
 I 1.300 I 0.000E  0I      0I                                                 I
 I 1.400 I 0.000E  0I      0I                                                 I
 I 1.500 I 0.000E  0I      0I                                                 I
 I 1.600 I 0.000E  0I      0I                                                 I
 I 1.700 I 0.000E  0I      0I                                                 I
 I 1.800 I 0.000E  0I      0I                                                 I
 I 1.900 I 0.000E  0I      0I                                                 I
 I 2.000 I 0.000E  0I      0I                                                 I
 I 2.100 I 0.000E  0I      0I                                                 I
 I 2.200 I 0.000E  0I      0I                                                 I
 I 2.300 I 0.000E  0I      0I                                                 I
 I 2.400 I 0.000E  0I      0I                                                 I
 I 2.500 I 0.000E  0I      0I                                                 I
 I 2.600 I 0.000E  0I      0I                                                 I
 I 2.700 I 0.000E  0I      0I                                                 I
 I 2.800 I 0.000E  0I      0I                                                 I
 I 2.900 I 0.000E  0I      0I                                                 I
 I 3.000 I 0.000E  0I      0I                                                 I
 I 3.100 I 0.000E  0I      0I                                                 I
 I 3.200 I 0.000E  0I      0I                                                 I
 I 3.300 I 0.000E  0I      0I                                                 I
 I 3.400 I 0.000E  0I      0I                                                 I
 I 3.500 I 0.000E  0I      0I                                                 I
 I 3.600 I 0.000E  0I      0I                                                 I
 I 3.700 I 0.000E  0I      0I                                                 I
 I 3.800 I 0.000E  0I      0I                                                 I
 I 3.900 I 0.000E  0I      0I                                                 I
 I 4.000 I 0.000E  0I      0I                                                 I
 I 4.100 I 0.000E  0I      0I                                                 I
 I 4.200 I 0.000E  0I      0I                                                 I
 I 4.300 I 0.000E  0I      0I                                                 I
 I 4.400 I 0.000E  0I      0I                                                 I
 I 4.500 I 0.000E  0I      0I                                                 I
 I 4.600 I 0.000E  0I      0I                                                 I
 I 4.700 I 0.000E  0I      0I                                                 I
 I 4.800 I 0.000E  0I      0I                                                 I
 I 4.900 I 0.000E  0I      0I                                                 I
 I 5.000 I 0.000E  0I      0I                                                 I
 I  E  1 I 0.000E  0I      0I                                                 I
 +-------+----------+-------+-------------------------------------------------+
    x      Lg(dN/dx)  dN/dx 1.0E+00                                    1.0E+01 
                              "O" : No. of Events in Log. scale.



     *********  Contents of the histogram Header *********

 (1) Actual Buffer size     =   1124 Words
 (2) Contents of Histograms 
     Max. No. of Histograms =     50
     Number   of Histograms =      4
    ID     X_min        X_max    X_bin Hash Hst#
     1  -9.2103E+00  -2.3026E+00   40  2  1    1
     2   1.8718E+00   4.3820E+00   40  3  1    2
     3  -1.0000E+00   0.0000E+00   40  4  1    3
     4   1.0000E-06   2.7600E+01   40  5  1    4
 (3) Contents of Scatter Plots
     Max. No. of Scat_Plots =     50
     Number   of Scat_Plots =      0

 Original Histogram (ID =  1 ) for x                                                           

     ***************************************
     *    SPRING has no entry              *
     *     in the histogram ID(     1 )    *
     ***************************************

 Original Histogram (ID =  2 ) for q                                                           

     ***************************************
     *    SPRING has no entry              *
     *     in the histogram ID(     2 )    *
     ***************************************

 Original Histogram (ID =  3 ) for t                                                           
 Total =        11 events   "*" : Orig. Dist. in Log Scale.
    x      d(Sig/dx)  dN/dx 1.0E-03              1.0E-02             1.0E-01   
 +-------+----------+-------+--------------------+-------------------+--------+
 I  E  0 I 0.000E  0I      0I                                                 I
 I-1.000 I 1.339E -3I      0I***                                              I
 I-0.975 I 1.405E -3I      0I***                                              I
 I-0.950 I 1.862E -3I      0I******                                           I
 I-0.925 I 2.054E -3I      0I*******                                          I
 I-0.900 I 2.373E -3I      0I********                                         I
 I-0.875 I 2.899E -3I      0I**********                                       I
 I-0.850 I 3.076E -3I      0I**********                                       I
 I-0.825 I 3.819E -3I      0I************                                     I
 I-0.800 I 3.726E -3I      0I************                                     I
 I-0.775 I 4.454E -3I      0I*************                                    I
 I-0.750 I 5.493E -3I      0I***************                                  I
 I-0.725 I 6.173E -3I      0I****************                                 I
 I-0.700 I 5.921E -3I      0I****************                                 I
 I-0.675 I 7.776E -3I      0I******************                               I
 I-0.650 I 9.277E -3I      0I********************                             I
 I-0.625 I 1.138E -2I      0I**********************                           I
 I-0.600 I 1.145E -2I      0I**********************                           I
 I-0.575 I 1.461E -2I      0I************************                         I
 I-0.550 I 1.615E -2I      0I*************************                        I
 I-0.525 I 1.706E -2I      0I*************************                        I
 I-0.500 I 2.050E -2I      0I***************************                      I
 I-0.475 I 2.483E -2I      0I****************************                     I
 I-0.450 I 2.744E -2I      0I*****************************                    I
 I-0.425 I 3.170E -2I      0I*******************************                  I
 I-0.400 I 3.446E -2I      0I*******************************                  I
 I-0.375 I 4.233E -2I      0I*********************************                I
 I-0.350 I 4.820E -2I      0I**********************************               I
 I-0.325 I 5.456E -2I      0I***********************************              I
 I-0.300 I 6.283E -2I      1I************************************         O   I
 I-0.275 I 6.929E -2I      0I*************************************            I
 I-0.250 I 8.163E -2I      1I***************************************      O   I
 I-0.225 I 9.457E -2I      1I****************************************     O   I
 I-0.200 I 1.068E -1I      0I*****************************************        I
 I-0.175 I 1.232E -1I      1I******************************************   O   I
 I-0.150 I 1.401E -1I      0I*******************************************      I
 I-0.125 I 1.612E -1I      0I*********************************************    I
 I-0.100 I 1.861E -1I      1I*********************************************O   I
 I-0.075 I 2.111E -1I      2I*****************************************<*****  O
 I-0.050 I 2.425E -1I      2I*****************************************<****** O
 I-0.025 I 2.755E -1I      2I*****************************************<*******O
 I  E  0 I 0.000E  0I      0I                                                 I
 +-------+----------+-------+--------------------+-------------------+--------+
    x      d(Sig/dx)  dN/dx    "O" : Generated Events.( Arbitrary unit in Log )

 Original Histogram (ID =  4 ) for Egam radie                                                  

     ***************************************
     *    SPRING has no entry              *
     *     in the histogram ID(     4 )    *
     ***************************************
