
                                                     Date: 2010/ 4/20  16:07
        **********************************************************
        *                                                        *
        *     BBBBBBB     AAAA     SSSSSS   EEEEEE   SSSSSS      *
        *     BB    BB   AA  AA   SS    SS  EE      SS    SS     *
        *     BB    BB  AA    AA  SS        EE      SS           *
        *     BBBBBBB   AAAAAAAA   SSSSSS   EEEEEE   SSSSSS      *
        *     BB    BB  AA    AA        SS  EE            SS     *
        *     BB    BB  AA    AA  SS    SS  EE      SS    SS     *
        *     BBBB BB   AA    AA   SSSSSS   EEEEEE   SSSSSS      *
        *                                                        *
        *                   BASES Version 5.1                    *
        *           coded by S.Kawabata KEK, March 1994          *
        **********************************************************


     <<   Parameters for BASES    >>

      (1) Dimensions of integration etc.
          # of dimensions :    Ndim    =        3   ( 50 at max.)
          # of Wilds      :    Nwild   =        3   ( 15 at max.)
          # of sample points : Ncall   =     9826(real)    10000(given)
          # of subregions    : Ng      =       34 / variable
          # of regions       : Nregion =       17 / variable
          # of Hypercubes    : Ncube   =     4913

      (2) About the integration variables
          ------+---------------+---------------+-------+-------
              i       XL(i)           XU(i)       IG(i)   Wild
          ------+---------------+---------------+-------+-------
              1   -9.210340E+00   -2.302585E+00     1      yes
              2    1.386294E+00    4.605170E+00     1      yes
              3   -1.000000E+00    0.000000E+00     1      yes
          ------+---------------+---------------+-------+-------

      (3) Parameters for the grid optimization step
          Max.# of iterations: ITMX1 =       10
          Expected accuracy  : Acc1  =   0.0500 %

      (4) Parameters for the integration step
          Max.# of iterations: ITMX2 =       10
          Expected accuracy  : Acc2  =   0.0100 %


     <<   Computing Time Information   >>

               (1) For BASES              H: M:  Sec
                   Overhead           :   0: 0: 0.00
                   Grid Optim. Step   :   0:10: 7.48
                   Integration Step   :   0: 8:58.51
                   Go time for all    :   0:19: 6.00

               (2) Expected event generation time
                   Expected time for 1000 events :      7.83 Sec

                                                     Date: 2010/ 4/20  16:07
               Convergency Behavior for the Grid Optimization Step
 ------------------------------------------------------------------------------
 <- Result of  each iteration ->  <-     Cumulative Result     -> < CPU  time >
  IT Eff R_Neg   Estimate  Acc %  Estimate(+- Error )order  Acc % ( H: M: Sec )
 ------------------------------------------------------------------------------
   1  71  0.00  3.379E-02 13.059  3.379173(+-0.441270)E-02 13.059   0: 1:10.83
   2  68  0.00  5.419E-02  7.536  4.477820(+-0.299705)E-02  6.693   0: 2:18.77
   3  69  0.00  1.237E-01 44.034  4.501639(+-0.299253)E-02  6.648   0: 3:26.72
   4  70  0.00  7.561E-02  6.596  5.311514(+-0.256607)E-02  4.831   0: 4:35.48
   5  61  0.00  7.063E-02  2.930  6.373050(+-0.161085)E-02  2.528   0: 5:35.32
   6  57  0.00  7.244E-02  1.188  7.050482(+-0.075881)E-02  1.076   0: 6:31.27
   7  55  0.00  7.074E-02  0.944  7.063953(+-0.050130)E-02  0.710   0: 7:25.85
   8  54  0.00  7.051E-02  0.943  7.059408(+-0.040024)E-02  0.567   0: 8:19.70
   9  54  0.00  7.069E-02  0.892  7.062133(+-0.033791)E-02  0.478   0: 9:13.40
  10  55  0.00  7.155E-02  0.908  7.081934(+-0.029976)E-02  0.423   0:10: 7.48
 ------------------------------------------------------------------------------

                                                     Date: 2010/ 4/20  16:07
               Convergency Behavior for the Integration Step      
 ------------------------------------------------------------------------------
 <- Result of  each iteration ->  <-     Cumulative Result     -> < CPU  time >
  IT Eff R_Neg   Estimate  Acc %  Estimate(+- Error )order  Acc % ( H: M: Sec )
 ------------------------------------------------------------------------------
   1  54  0.00  7.081E-02  0.807  7.081490(+-0.057170)E-02  0.807   0:11: 0.88
   2  54  0.00  7.097E-02  0.796  7.089417(+-0.040183)E-02  0.567   0:11:54.48
   3  54  0.00  7.022E-02  0.834  7.067721(+-0.033127)E-02  0.469   0:12:48.60
   4  54  0.00  7.099E-02  0.817  7.075476(+-0.028768)E-02  0.407   0:13:42.40
   5  54  0.00  7.074E-02  0.798  7.075238(+-0.025630)E-02  0.362   0:14:36.03
   6  54  0.00  7.054E-02  0.845  7.071995(+-0.023544)E-02  0.333   0:15:30.22
   7  54  0.00  7.208E-02  0.840  7.089792(+-0.021944)E-02  0.310   0:16:24.20
   8  54  0.00  7.103E-02  0.880  7.091262(+-0.020705)E-02  0.292   0:17:17.90
   9  54  0.00  7.138E-02  0.839  7.096267(+-0.019570)E-02  0.276   0:18:11.84
  10  54  0.00  7.195E-02  0.977  7.103388(+-0.018853)E-02  0.265   0:19: 6.00
 ------------------------------------------------------------------------------



     *********  Contents of the histogram Header *********

 (1) Actual Buffer size     =   1124 Words
 (2) Contents of Histograms 
     Max. No. of Histograms =     50
     Number   of Histograms =      4
    ID     X_min        X_max    X_bin Hash Hst#
     1  -9.2103E+00  -2.3026E+00   40  2  1    1
     2   1.3863E+00   4.6052E+00   40  3  1    2
     3  -1.0000E+00   0.0000E+00   40  4  1    3
     4   1.0000E-06   2.2500E+01   40  5  1    4
 (3) Contents of Scatter Plots
     Max. No. of Scat_Plots =     50
     Number   of Scat_Plots =      0

 Histogram (ID =  1 ) for x                                                               
                              Linear Scale indicated by "*"
     x      d(Sigma)/dx     0.0E+00      2.2E-02     4.5E-02      6.7E-02      
 +-------+------------------+------------+-----------+------------+-----------+
 I  E  0 I 0.000        E  0I                                                 I
 I-9.210 I 0.000+-0.000 E  0I                                                 I
 I-9.038 I 0.000+-0.000 E  0I                                                 I
 I-8.865 I 0.000+-0.000 E  0I                                                 I
 I-8.692 I 0.000+-0.000 E  0I                                                 I
 I-8.520 I 0.000+-0.000 E  0I                                                 I
 I-8.347 I 0.000+-0.000 E  0I                                                 I
 I-8.174 I 0.000+-0.000 E  0I                                                 I
 I-8.001 I 0.000+-0.000 E  0I                                                 I
 I-7.829 I 0.000+-0.000 E  0I                                                 I
 I-7.656 I 0.000+-0.000 E  0I                                                 I
 I-7.483 I 0.000+-0.000 E  0I                                                 I
 I-7.311 I 0.000+-0.000 E  0I                                                 I
 I-7.138 I 0.000+-0.000 E  0I                                                 I
 I-6.965 I 0.000+-0.000 E  0I                                                 I
 I-6.793 I 0.000+-0.000 E  0I                                                 I
 I-6.620 I 0.000+-0.000 E  0I                                                 I
 I-6.447 I 0.000+-0.000 E  0I                                                 I
 I-6.275 I 0.000+-0.000 E  0I                                                 I
 I-6.102 I 0.000+-0.000 E  0I                                                 I
 I-5.929 I 0.000+-0.000 E  0I                                                 I
 I-5.756 I 0.000+-0.000 E  0I                                                 I
 I-5.584 I 0.000+-0.000 E  0I                                                 I
 I-5.411 I 0.000+-0.000 E  0I                                                 I
 I-5.238 I 0.000+-0.000 E  0I                                                 I
 I-5.066 I 0.000+-0.000 E  0I                                                 I
 I-4.893 I 0.000+-0.000 E  0I                                                 I
 I-4.720 I 0.000+-0.000 E  0I                                                 I
 I-4.548 I 0.000+-0.000 E  0I                                                 I
 I-4.375 I 0.000+-0.000 E  0I                                                 I
 I-4.202 I 0.000+-0.000 E  0I                                                 I
 I-4.030 I 0.000+-0.000 E  0I                                                 I
 I-3.857 I 0.000+-0.000 E  0I                                                 I
 I-3.684 I 0.000+-0.000 E  0I                                                 I
 I-3.511 I 0.000+-0.000 E  0I                                                 I
 I-3.339 I 0.000+-0.000 E  0I                                                 I
 I-3.166 I 0.000+-0.000 E  0I                                                 I
 I-2.993 I 0.000+-0.000 E  0I                                                 I
 I-2.821 I 0.000+-0.000 E  0I                                                 I
 I-2.648 I 0.000+-0.000 E  0I                                                 I
 I-2.475 I 0.000+-0.000 E  0I                                                 I
 I  E  0 I 7.107        E -2I****************************************OOOOOOOO I
 +-------+------------------+-------------------------------------------------+
     x      d(Sigma)/dx     1.0E-02                                    7.9E-02 
                              Logarithmic Scale indicated by "O"

 Histogram (ID =  2 ) for q                                                               
                              Linear Scale indicated by "*"
     x      d(Sigma)/dx     0.0E+00      3.0E-03      6.0E-03     9.0E-03      
 +-------+------------------+------------+------------+-----------+-----------+
 I  E  0 I 0.000        E  0I                                                 I
 I 1.386 I 0.000+-0.000 E  0I                                                 I
 I 1.467 I 0.000+-0.000 E  0I                                                 I
 I 1.547 I 0.000+-0.000 E  0I                                                 I
 I 1.628 I 0.000+-0.000 E  0I                                                 I
 I 1.708 I 0.000+-0.000 E  0I                                                 I
 I 1.789 I 0.000+-0.000 E  0I                                                 I
 I 1.869 I 0.000+-0.000 E  0I                                                 I
 I 1.950 I 0.000+-0.000 E  0I                                                 I
 I 2.030 I 0.000+-0.000 E  0I                                                 I
 I 2.111 I 0.000+-0.000 E  0I                                                 I
 I 2.191 I 0.000+-0.000 E  0I                                                 I
 I 2.271 I 0.000+-0.000 E  0I                                                 I
 I 2.352 I 0.000+-0.000 E  0I                                                 I
 I 2.432 I 0.000+-0.000 E  0I                                                 I
 I 2.513 I 0.000+-0.000 E  0I                                                 I
 I 2.593 I 0.000+-0.000 E  0I                                                 I
 I 2.674 I 0.000+-0.000 E  0I                                                 I
 I 2.754 I 0.000+-0.000 E  0I                                                 I
 I 2.835 I 0.000+-0.000 E  0I                                                 I
 I 2.915 I 0.000+-0.000 E  0I                                                 I
 I 2.996 I 0.000+-0.000 E  0I                                                 I
 I 3.076 I 0.000+-0.000 E  0I                                                 I
 I 3.157 I 0.000+-0.000 E  0I                                                 I
 I 3.237 I 0.000+-0.000 E  0I                                                 I
 I 3.318 I 0.000+-0.000 E  0I                                                 I
 I 3.398 I 0.000+-0.000 E  0I                                                 I
 I 3.479 I 0.000+-0.000 E  0I                                                 I
 I 3.559 I 0.000+-0.000 E  0I                                                 I
 I 3.640 I 0.000+-0.000 E  0I                                                 I
 I 3.720 I 0.000+-0.000 E  0I                                                 I
 I 3.800 I 0.000+-0.000 E  0I                                                 I
 I 3.881 I 0.000+-0.000 E  0I                                                 I
 I 3.961 I 4.861+-0.299 E -3I*********************OOOOOOOOOOOOOO              I
 I 4.042 I 8.701+-0.408 E -3I*************************************OOOOOOOOOO  I
 I 4.122 I 9.339+-0.502 E -3I***************************************OOOOOOOOOOI
 I 4.203 I 8.640+-0.425 E -3I************************************OOOOOOOOOOO  I
 I 4.283 I 7.671+-0.350 E -3I********************************OOOOOOOOOOOOO    I
 I 4.364 I 8.748+-0.348 E -3I*************************************OOOOOOOOOOO I
 I 4.444 I 7.808+-0.380 E -3I*********************************OOOOOOOOOOOO    I
 I 4.525 I 7.729+-0.304 E -3I*********************************OOOOOOOOOOOO    I
 I  E  0 I 6.596        E -2IOOOOOOOOOOOOOOOOOOOOOOOOOOOOOOOOOOOOOOOOOOOOOOOOOO
 +-------+------------------+-------------------------------------------------+
     x      d(Sigma)/dx     1.0E-03                                    1.0E-02 
                              Logarithmic Scale indicated by "O"

 Histogram (ID =  3 ) for t                                                               
                              Linear Scale indicated by "*"
     x      d(Sigma)/dx     0.0E+00      7.5E-01      1.5E+00     2.3E+00      
 +-------+------------------+------------+------------+-----------+-----------+
 I  E  0 I 0.000        E  0I                                                 I
 I-1.000 I 7.094+-0.685 E -4I*OOOOOOOOO                                       I
 I-0.975 I 7.877+-0.956 E -4I*OOOOOOOOO                                       I
 I-0.950 I 7.796+-0.962 E -4I*OOOOOOOOO                                       I
 I-0.925 I 6.985+-0.816 E -4I*OOOOOOOOO                                       I
 I-0.900 I 8.126+-0.877 E -4I*OOOOOOOOOO                                      I
 I-0.875 I 1.333+-0.188 E -3I*OOOOOOOOOOOO                                    I
 I-0.850 I 9.664+-2.975 E -4I*OOOOOOOOOO                                      I
 I-0.825 I 1.082+-0.107 E -3I*OOOOOOOOOOO                                     I
 I-0.800 I 1.029+-0.092 E -3I*OOOOOOOOOOO                                     I
 I-0.775 I 1.335+-0.120 E -3I*OOOOOOOOOOOO                                    I
 I-0.750 I 1.632+-0.381 E -3I*OOOOOOOOOOOOO                                   I
 I-0.725 I 1.761+-0.193 E -3I*OOOOOOOOOOOOO                                   I
 I-0.700 I 1.648+-0.140 E -3I*OOOOOOOOOOOOO                                   I
 I-0.675 I 1.672+-0.224 E -3I*OOOOOOOOOOOOO                                   I
 I-0.650 I 2.521+-0.248 E -3I*OOOOOOOOOOOOOOO                                 I
 I-0.625 I 2.330+-0.218 E -3I*OOOOOOOOOOOOOOO                                 I
 I-0.600 I 2.717+-0.380 E -3I*OOOOOOOOOOOOOOO                                 I
 I-0.575 I 1.993+-0.191 E -3I*OOOOOOOOOOOOOO                                  I
 I-0.550 I 2.575+-0.303 E -3I*OOOOOOOOOOOOOOO                                 I
 I-0.525 I 3.108+-0.497 E -3I*OOOOOOOOOOOOOOOO                                I
 I-0.500 I 3.555+-0.347 E -3I*OOOOOOOOOOOOOOOOO                               I
 I-0.475 I 4.148+-0.480 E -3I*OOOOOOOOOOOOOOOOO                               I
 I-0.450 I 3.473+-0.406 E -3I*OOOOOOOOOOOOOOOOO                               I
 I-0.425 I 3.317+-0.369 E -3I*OOOOOOOOOOOOOOOO                                I
 I-0.400 I 5.028+-1.037 E -3I*OOOOOOOOOOOOOOOOOO                              I
 I-0.375 I 4.130+-0.449 E -3I*OOOOOOOOOOOOOOOOO                               I
 I-0.350 I 7.053+-0.365 E -3I*OOOOOOOOOOOOOOOOOOOO                            I
 I-0.325 I 8.572+-0.508 E -3I*OOOOOOOOOOOOOOOOOOOOO                           I
 I-0.300 I 8.370+-0.465 E -3I*OOOOOOOOOOOOOOOOOOOOO                           I
 I-0.275 I 9.275+-0.534 E -3I*OOOOOOOOOOOOOOOOOOOOO                           I
 I-0.250 I 1.190+-0.068 E -2I*OOOOOOOOOOOOOOOOOOOOOOO                         I
 I-0.225 I 1.580+-0.085 E -2I*OOOOOOOOOOOOOOOOOOOOOOOO                        I
 I-0.200 I 1.723+-0.103 E -2I*OOOOOOOOOOOOOOOOOOOOOOOO                        I
 I-0.175 I 2.123+-0.114 E -2I*OOOOOOOOOOOOOOOOOOOOOOOOO                       I
 I-0.150 I 2.743+-0.100 E -2I*OOOOOOOOOOOOOOOOOOOOOOOOOOO                     I
 I-0.125 I 3.891+-0.134 E -2I*OOOOOOOOOOOOOOOOOOOOOOOOOOOO                    I
 I-0.100 I 5.431+-0.156 E -2I*OOOOOOOOOOOOOOOOOOOOOOOOOOOOOO                  I
 I-0.075 I 8.170+-0.193 E -2I**OOOOOOOOOOOOOOOOOOOOOOOOOOOOOOO                I
 I-0.050 I 1.470+-0.024 E -1I***OOOOOOOOOOOOOOOOOOOOOOOOOOOOOOOOO             I
 I-0.025 I 2.339+-0.010 E  0I***************************************OOOOOOOOOOI
 I  E  0 I 0.000        E  0I                                                 I
 +-------+------------------+-----------+----------+----------+----------+----+
     x      d(Sigma)/dx     1.0E-04     1.0E-03    1.0E-02    1.0E-01          
                              Logarithmic Scale indicated by "O"

 Histogram (ID =  4 ) for Egam radie                                                      
                              Linear Scale indicated by "*"
     x      d(Sigma)/dx     0.0E+00      2.2E-02     4.5E-02      6.7E-02      
 +-------+------------------+------------+-----------+------------+-----------+
 I  E  1 I 7.107        E -2I****************************************OOOOOOOO I
 I 0.000 I 0.000+-0.000 E  0I                                                 I
 I 0.056 I 0.000+-0.000 E  0I                                                 I
 I 0.113 I 0.000+-0.000 E  0I                                                 I
 I 0.169 I 0.000+-0.000 E  0I                                                 I
 I 0.225 I 0.000+-0.000 E  0I                                                 I
 I 0.281 I 0.000+-0.000 E  0I                                                 I
 I 0.338 I 0.000+-0.000 E  0I                                                 I
 I 0.394 I 0.000+-0.000 E  0I                                                 I
 I 0.450 I 0.000+-0.000 E  0I                                                 I
 I 0.506 I 0.000+-0.000 E  0I                                                 I
 I 0.563 I 0.000+-0.000 E  0I                                                 I
 I 0.619 I 0.000+-0.000 E  0I                                                 I
 I 0.675 I 0.000+-0.000 E  0I                                                 I
 I 0.731 I 0.000+-0.000 E  0I                                                 I
 I 0.788 I 0.000+-0.000 E  0I                                                 I
 I 0.844 I 0.000+-0.000 E  0I                                                 I
 I 0.900 I 0.000+-0.000 E  0I                                                 I
 I 0.956 I 0.000+-0.000 E  0I                                                 I
 I 1.013 I 0.000+-0.000 E  0I                                                 I
 I 1.069 I 0.000+-0.000 E  0I                                                 I
 I 1.125 I 0.000+-0.000 E  0I                                                 I
 I 1.181 I 0.000+-0.000 E  0I                                                 I
 I 1.237 I 0.000+-0.000 E  0I                                                 I
 I 1.294 I 0.000+-0.000 E  0I                                                 I
 I 1.350 I 0.000+-0.000 E  0I                                                 I
 I 1.406 I 0.000+-0.000 E  0I                                                 I
 I 1.462 I 0.000+-0.000 E  0I                                                 I
 I 1.519 I 0.000+-0.000 E  0I                                                 I
 I 1.575 I 0.000+-0.000 E  0I                                                 I
 I 1.631 I 0.000+-0.000 E  0I                                                 I
 I 1.687 I 0.000+-0.000 E  0I                                                 I
 I 1.744 I 0.000+-0.000 E  0I                                                 I
 I 1.800 I 0.000+-0.000 E  0I                                                 I
 I 1.856 I 0.000+-0.000 E  0I                                                 I
 I 1.912 I 0.000+-0.000 E  0I                                                 I
 I 1.969 I 0.000+-0.000 E  0I                                                 I
 I 2.025 I 0.000+-0.000 E  0I                                                 I
 I 2.081 I 0.000+-0.000 E  0I                                                 I
 I 2.137 I 0.000+-0.000 E  0I                                                 I
 I 2.194 I 0.000+-0.000 E  0I                                                 I
 I  E  1 I 0.000        E  0I                                                 I
 +-------+------------------+-------------------------------------------------+
     x      d(Sigma)/dx     1.0E-02                                    7.9E-02 
                              Logarithmic Scale indicated by "O"
 *************************************
 *     INTEGRATION TERMINATED        *
 *************************************
 Total cross-section (nb) :   7.10338876E-02
 Error                    :   1.88526610E-04





                                                     Date: 2010/ 4/20  16:26
        **********************************************************
        *                                                        *
        *    SSSSS   PPPPPP   RRRRRR   IIIII  N    NN   GGGGG    *
        *   SS   SS  PP   PP  RR   RR   III   NN   NN  GG   GG   *
        *   SS       PP   PP  RR   RR   III   NNN  NN  GG        *
        *    SSSSS   PPPPPP   RRRRR     III   NNNN NN  GG  GGGG  *
        *        SS  PP       RR  RR    III   NN NNNN  GG   GG   *
        *   SS   SS  PP       RR   RR   III   NN  NNN  GG   GG   *
        *    SSSSS   PP       RR    RR IIIII  NN   NN   GGGGG    *
        *                                                        *
        *                  SPRING Version 5.1                    *
        *           coded by S.Kawabata KEK, March 1994          *
        **********************************************************

     Number of generated events    =    102080
     Generation efficiency         =    52.296 Percent
     Computing time for generation =  1489.643 Seconds
                    for Overhead   =  1146.190 Seconds
                    for Others     =    21.017 Seconds
     GO time for event generation  =  2657.200 Seconds
     Max. number of trials MXTRY   =        50 per event
     Number of miss-generation     =       183 times

     ************* Number of trials to get an event *************
 Total =    102263 events   "*" : No. of events in Linear scale.
    x      Lg(dN/dx)  dN/dx 0.0E+00      2.3E+04      4.5E+04     6.8E+04      
 +-------+----------+-------+------------+------------+-----------+-----------+
 I 0.100 I 6.751E  4I  67508I**************************************OOOOOOOOOOOI
 I 0.200 I 1.980E  4I  19804I************OOOOOOOOOOOOOOOOOOOOOOOOOOOOOOO      I
 I 0.300 I 6.945E  3I   6945I****OOOOOOOOOOOOOOOOOOOOOOOOOOOOOOOOOOO          I
 I 0.400 I 2.971E  3I   2971I**OOOOOOOOOOOOOOOOOOOOOOOOOOOOOOOOO              I
 I 0.500 I 1.492E  3I   1492I*OOOOOOOOOOOOOOOOOOOOOOOOOOOOOOO                 I
 I 0.600 I 8.560E  2I    856I*OOOOOOOOOOOOOOOOOOOOOOOOOOOOO                   I
 I 0.700 I 5.370E  2I    537I*OOOOOOOOOOOOOOOOOOOOOOOOOOO                     I
 I 0.800 I 3.740E  2I    374I*OOOOOOOOOOOOOOOOOOOOOOOOO                       I
 I 0.900 I 2.700E  2I    270I*OOOOOOOOOOOOOOOOOOOOOOOO                        I
 I 1.000 I 1.850E  2I    185I*OOOOOOOOOOOOOOOOOOOOOO                          I
 I 1.100 I 1.490E  2I    149I*OOOOOOOOOOOOOOOOOOOOO                           I
 I 1.200 I 1.080E  2I    108I*OOOOOOOOOOOOOOOOOOOO                            I
 I 1.300 I 1.090E  2I    109I*OOOOOOOOOOOOOOOOOOOO                            I
 I 1.400 I 7.600E  1I     76I*OOOOOOOOOOOOOOOOOO                              I
 I 1.500 I 6.400E  1I     64I*OOOOOOOOOOOOOOOOOO                              I
 I 1.600 I 4.900E  1I     49I*OOOOOOOOOOOOOOOO                                I
 I 1.700 I 5.500E  1I     55I*OOOOOOOOOOOOOOOOO                               I
 I 1.800 I 5.100E  1I     51I*OOOOOOOOOOOOOOOOO                               I
 I 1.900 I 4.400E  1I     44I*OOOOOOOOOOOOOOOO                                I
 I 2.000 I 2.800E  1I     28I*OOOOOOOOOOOOOO                                  I
 I 2.100 I 3.300E  1I     33I*OOOOOOOOOOOOOOO                                 I
 I 2.200 I 3.200E  1I     32I*OOOOOOOOOOOOOOO                                 I
 I 2.300 I 2.900E  1I     29I*OOOOOOOOOOOOOO                                  I
 I 2.400 I 3.400E  1I     34I*OOOOOOOOOOOOOOO                                 I
 I 2.500 I 2.200E  1I     22I*OOOOOOOOOOOOO                                   I
 I 2.600 I 2.600E  1I     26I*OOOOOOOOOOOOOO                                  I
 I 2.700 I 2.000E  1I     20I*OOOOOOOOOOOOO                                   I
 I 2.800 I 1.700E  1I     17I*OOOOOOOOOOOO                                    I
 I 2.900 I 1.500E  1I     15I*OOOOOOOOOOO                                     I
 I 3.000 I 1.700E  1I     17I*OOOOOOOOOOOO                                    I
 I 3.100 I 1.100E  1I     11I*OOOOOOOOOO                                      I
 I 3.200 I 1.900E  1I     19I*OOOOOOOOOOOO                                    I
 I 3.300 I 1.000E  1I     10I*OOOOOOOOO                                       I
 I 3.400 I 1.100E  1I     11I*OOOOOOOOOO                                      I
 I 3.500 I 1.100E  1I     11I*OOOOOOOOOO                                      I
 I 3.600 I 1.600E  1I     16I*OOOOOOOOOOOO                                    I
 I 3.700 I 9.000E  0I      9I*OOOOOOOOO                                       I
 I 3.800 I 7.000E  0I      7I*OOOOOOOO                                        I
 I 3.900 I 8.000E  0I      8I*OOOOOOOOO                                       I
 I 4.000 I 5.000E  0I      5I*OOOOOO                                          I
 I 4.100 I 5.000E  0I      5I*OOOOOO                                          I
 I 4.200 I 1.000E  1I     10I*OOOOOOOOO                                       I
 I 4.300 I 6.000E  0I      6I*OOOOOOO                                         I
 I 4.400 I 5.000E  0I      5I*OOOOOO                                          I
 I 4.500 I 6.000E  0I      6I*OOOOOOO                                         I
 I 4.600 I 5.000E  0I      5I*OOOOOO                                          I
 I 4.700 I 1.000E  0I      1IO                                                I
 I 4.800 I 7.000E  0I      7I*OOOOOOOO                                        I
 I 4.900 I 3.000E  0I      3I*OOOO                                            I
 I 5.000 I 5.000E  0I      5I*OOOOOO                                          I
 I  E  1 I 1.830E  2I    183I*OOOOOOOOOOOOOOOOOOOOOO                          I
 +-------+----------+-------+---------+---------+----------+---------+--------+
    x      Lg(dN/dx)  dN/dx 1.0E+00   1.0E+01   1.0E+02    1.0E+03   1.0E+04   
                              "O" : No. of Events in Log. scale.



     *********  Contents of the histogram Header *********

 (1) Actual Buffer size     =   1124 Words
 (2) Contents of Histograms 
     Max. No. of Histograms =     50
     Number   of Histograms =      4
    ID     X_min        X_max    X_bin Hash Hst#
     1  -9.2103E+00  -2.3026E+00   40  2  1    1
     2   1.3863E+00   4.6052E+00   40  3  1    2
     3  -1.0000E+00   0.0000E+00   40  4  1    3
     4   1.0000E-06   2.2500E+01   40  5  1    4
 (3) Contents of Scatter Plots
     Max. No. of Scat_Plots =     50
     Number   of Scat_Plots =      0

 Original Histogram (ID =  1 ) for x                                                           

     ***************************************
     *    SPRING has no entry              *
     *     in the histogram ID(     1 )    *
     ***************************************

 Original Histogram (ID =  2 ) for q                                                           
 Total =    102080 events   "*" : Orig. Dist. in Log Scale.
    x      d(Sig/dx)  dN/dx 1.0E-03                                    1.0E-02 
 +-------+----------+-------+-------------------------------------------------+
 I  E  0 I 0.000E  0I      0I                                                 I
 I 1.386 I 0.000E  0I      0I                                                 I
 I 1.467 I 0.000E  0I      0I                                                 I
 I 1.547 I 0.000E  0I      0I                                                 I
 I 1.628 I 0.000E  0I      0I                                                 I
 I 1.708 I 0.000E  0I      0I                                                 I
 I 1.789 I 0.000E  0I      0I                                                 I
 I 1.869 I 0.000E  0I      0I                                                 I
 I 1.950 I 0.000E  0I      0I                                                 I
 I 2.030 I 0.000E  0I      0I                                                 I
 I 2.111 I 0.000E  0I      0I                                                 I
 I 2.191 I 0.000E  0I      0I                                                 I
 I 2.271 I 0.000E  0I      0I                                                 I
 I 2.352 I 0.000E  0I      0I                                                 I
 I 2.432 I 0.000E  0I      0I                                                 I
 I 2.513 I 0.000E  0I      0I                                                 I
 I 2.593 I 0.000E  0I      0I                                                 I
 I 2.674 I 0.000E  0I      0I                                                 I
 I 2.754 I 0.000E  0I      0I                                                 I
 I 2.835 I 0.000E  0I      0I                                                 I
 I 2.915 I 0.000E  0I      0I                                                 I
 I 2.996 I 0.000E  0I      0I                                                 I
 I 3.076 I 0.000E  0I      0I                                                 I
 I 3.157 I 0.000E  0I      0I                                                 I
 I 3.237 I 0.000E  0I      0I                                                 I
 I 3.318 I 0.000E  0I      0I                                                 I
 I 3.398 I 0.000E  0I      0I                                                 I
 I 3.479 I 0.000E  0I      0I                                                 I
 I 3.559 I 0.000E  0I      0I                                                 I
 I 3.640 I 0.000E  0I      0I                                                 I
 I 3.720 I 0.000E  0I      0I                                                 I
 I 3.800 I 0.000E  0I      0I                                                 I
 I 3.881 I 0.000E  0I      0I                                                 I
 I 3.961 I 4.861E -3I    557I*********************************<O>             I
 I 4.042 I 8.701E -3I   1030I**********************************************<O>I
 I 4.122 I 9.339E -3I   1024I**********************************************<O>I
 I 4.203 I 8.640E -3I    924I********************************************<>*  I
 I 4.283 I 7.671E -3I   1004I********************************************* <> I
 I 4.364 I 8.748E -3I    917I********************************************<>** I
 I 4.444 I 7.808E -3I    935I********************************************<O>  I
 I 4.525 I 7.729E -3I    898I*******************************************<O>   I
 I  E  0 I 6.596E -2I  94791I*************************************************O
 +-------+----------+-------+-------------------------------------------------+
    x      d(Sig/dx)  dN/dx    "O" : Generated Events.( Arbitrary unit in Log )

 Original Histogram (ID =  3 ) for t                                                           
 Total =    102080 events   "*" : Orig. Dist. in Log Scale.
    x      d(Sig/dx)  dN/dx 1.0E-04     1.0E-03    1.0E-02    1.0E-01          
 +-------+----------+-------+-----------+----------+----------+----------+----+
 I  E  0 I 0.000E  0I      0I                                                 I
 I-1.000 I 7.094E -4I     23I*******<O>                                       I
 I-0.975 I 7.877E -4I     29I*********<>                                      I
 I-0.950 I 7.796E -4I     42I********** <>                                    I
 I-0.925 I 6.985E -4I     24I********<O>                                      I
 I-0.900 I 8.126E -4I     31I*********<O>                                     I
 I-0.875 I 1.333E -3I     39I**********<O>                                    I
 I-0.850 I 9.664E -4I     47I***********<O>                                   I
 I-0.825 I 1.082E -3I     30I*********<O>                                     I
 I-0.800 I 1.029E -3I     37I**********<>                                     I
 I-0.775 I 1.335E -3I     53I************<>                                   I
 I-0.750 I 1.632E -3I     42I***********<>*                                   I
 I-0.725 I 1.761E -3I     40I**********<O>*                                   I
 I-0.700 I 1.648E -3I     65I*************<>                                  I
 I-0.675 I 1.672E -3I     48I***********<O>                                   I
 I-0.650 I 2.521E -3I     67I*************<>*                                 I
 I-0.625 I 2.330E -3I     80I**************<>                                 I
 I-0.600 I 2.717E -3I     77I**************<>                                 I
 I-0.575 I 1.993E -3I     72I*************<O>                                 I
 I-0.550 I 2.575E -3I    122I****************<>                               I
 I-0.525 I 3.108E -3I    112I****************<>                               I
 I-0.500 I 3.555E -3I    109I***************<>*                               I
 I-0.475 I 4.148E -3I    136I*****************O                               I
 I-0.450 I 3.473E -3I    121I****************<>                               I
 I-0.425 I 3.317E -3I    177I***************** <>                             I
 I-0.400 I 5.028E -3I    172I******************<>                             I
 I-0.375 I 4.130E -3I    201I****************** O                             I
 I-0.350 I 7.053E -3I    235I*******************<>                            I
 I-0.325 I 8.572E -3I    286I********************<>                           I
 I-0.300 I 8.370E -3I    311I*********************O                           I
 I-0.275 I 9.275E -3I    348I*********************<>                          I
 I-0.250 I 1.190E -2I    458I***********************O                         I
 I-0.225 I 1.580E -2I    536I***********************<>                        I
 I-0.200 I 1.723E -2I    599I************************O                        I
 I-0.175 I 2.123E -2I    709I*************************O                       I
 I-0.150 I 2.743E -2I   1048I***************************O                     I
 I-0.125 I 3.891E -2I   1406I****************************O                    I
 I-0.100 I 5.431E -2I   1943I******************************O                  I
 I-0.075 I 8.170E -2I   2884I********************************O                I
 I-0.050 I 1.470E -1I   5281I***********************************O             I
 I-0.025 I 2.339E  0I  84040I************************************************OI
 I  E  0 I 0.000E  0I      0I                                                 I
 +-------+----------+-------+-----------+----------+----------+----------+----+
    x      d(Sig/dx)  dN/dx    "O" : Generated Events.( Arbitrary unit in Log )

 Original Histogram (ID =  4 ) for Egam radie                                                  

     ***************************************
     *    SPRING has no entry              *
     *     in the histogram ID(     4 )    *
     ***************************************
