
                                                     Date: 2010/ 4/21  14:33
        **********************************************************
        *                                                        *
        *     BBBBBBB     AAAA     SSSSSS   EEEEEE   SSSSSS      *
        *     BB    BB   AA  AA   SS    SS  EE      SS    SS     *
        *     BB    BB  AA    AA  SS        EE      SS           *
        *     BBBBBBB   AAAAAAAA   SSSSSS   EEEEEE   SSSSSS      *
        *     BB    BB  AA    AA        SS  EE            SS     *
        *     BB    BB  AA    AA  SS    SS  EE      SS    SS     *
        *     BBBB BB   AA    AA   SSSSSS   EEEEEE   SSSSSS      *
        *                                                        *
        *                   BASES Version 5.1                    *
        *           coded by S.Kawabata KEK, March 1994          *
        **********************************************************


     <<   Parameters for BASES    >>

      (1) Dimensions of integration etc.
          # of dimensions :    Ndim    =        3   ( 50 at max.)
          # of Wilds      :    Nwild   =        3   ( 15 at max.)
          # of sample points : Ncall   =     9826(real)    10000(given)
          # of subregions    : Ng      =       34 / variable
          # of regions       : Nregion =       17 / variable
          # of Hypercubes    : Ncube   =     4913

      (2) About the integration variables
          ------+---------------+---------------+-------+-------
              i       XL(i)           XU(i)       IG(i)   Wild
          ------+---------------+---------------+-------+-------
              1   -9.210340E+00   -2.302585E+00     1      yes
              2    1.386294E+00    4.605170E+00     1      yes
              3   -1.000000E+00    0.000000E+00     1      yes
          ------+---------------+---------------+-------+-------

      (3) Parameters for the grid optimization step
          Max.# of iterations: ITMX1 =       10
          Expected accuracy  : Acc1  =   0.0500 %

      (4) Parameters for the integration step
          Max.# of iterations: ITMX2 =       10
          Expected accuracy  : Acc2  =   0.0100 %


     <<   Computing Time Information   >>

               (1) For BASES              H: M:  Sec
                   Overhead           :   0: 0: 0.00
                   Grid Optim. Step   :   0: 8:12.60
                   Integration Step   :   0: 8:19.27
                   Go time for all    :   0:16:31.88

               (2) Expected event generation time
                   Expected time for 1000 events :      7.26 Sec

                                                     Date: 2010/ 4/21  14:33
               Convergency Behavior for the Grid Optimization Step
 ------------------------------------------------------------------------------
 <- Result of  each iteration ->  <-     Cumulative Result     -> < CPU  time >
  IT Eff R_Neg   Estimate  Acc %  Estimate(+- Error )order  Acc % ( H: M: Sec )
 ------------------------------------------------------------------------------
   1  86  0.00  8.616E-02  0.497  8.616124(+-0.042815)E-02  0.497   0: 0:45.70
   2  91  0.00  8.638E-02  0.116  8.637239(+-0.009728)E-02  0.113   0: 1:33.83
   3  94  0.00  8.647E-02  0.136  8.641367(+-0.007490)E-02  0.087   0: 2:23.38
   4  95  0.00  8.643E-02  0.164  8.641817(+-0.006619)E-02  0.077   0: 3:13.03
   5  95  0.00  8.649E-02  0.187  8.642896(+-0.006124)E-02  0.071   0: 4: 2.88
   6  95  0.00  8.636E-02  0.184  8.641954(+-0.005713)E-02  0.066   0: 4:52.63
   7  95  0.00  8.617E-02  0.193  8.639338(+-0.005402)E-02  0.063   0: 5:42.60
   8  95  0.00  8.640E-02  0.196  8.639378(+-0.005147)E-02  0.060   0: 6:32.50
   9  95  0.00  8.627E-02  0.189  8.638255(+-0.004907)E-02  0.057   0: 7:22.63
  10  95  0.00  8.632E-02  0.196  8.637801(+-0.004713)E-02  0.055   0: 8:12.60
 ------------------------------------------------------------------------------

                                                     Date: 2010/ 4/21  14:33
               Convergency Behavior for the Integration Step      
 ------------------------------------------------------------------------------
 <- Result of  each iteration ->  <-     Cumulative Result     -> < CPU  time >
  IT Eff R_Neg   Estimate  Acc %  Estimate(+- Error )order  Acc % ( H: M: Sec )
 ------------------------------------------------------------------------------
   1  95  0.00  8.653E-02  0.195  8.653104(+-0.016877)E-02  0.195   0: 9: 2.52
   2  95  0.00  8.654E-02  0.203  8.653637(+-0.012167)E-02  0.141   0: 9:52.33
   3  95  0.00  8.611E-02  0.192  8.638640(+-0.009794)E-02  0.113   0:10:42.11
   4  95  0.00  8.625E-02  0.197  8.635181(+-0.008485)E-02  0.098   0:11:31.88
   5  95  0.00  8.598E-02  0.194  8.627542(+-0.007561)E-02  0.088   0:12:21.78
   6  95  0.00  8.613E-02  0.195  8.625102(+-0.006892)E-02  0.080   0:13:11.78
   7  95  0.00  8.608E-02  0.200  8.622816(+-0.006400)E-02  0.074   0:14: 1.71
   8  95  0.00  8.648E-02  0.192  8.626064(+-0.005970)E-02  0.069   0:14:51.90
   9  95  0.00  8.631E-02  0.195  8.626633(+-0.005627)E-02  0.065   0:15:41.84
  10  95  0.00  8.638E-02  0.189  8.627863(+-0.005321)E-02  0.062   0:16:31.88
 ------------------------------------------------------------------------------



     *********  Contents of the histogram Header *********

 (1) Actual Buffer size     =   1124 Words
 (2) Contents of Histograms 
     Max. No. of Histograms =     50
     Number   of Histograms =      4
    ID     X_min        X_max    X_bin Hash Hst#
     1  -9.2103E+00  -2.3026E+00   40  2  1    1
     2   1.3863E+00   4.6052E+00   40  3  1    2
     3  -1.0000E+00   0.0000E+00   40  4  1    3
     4   1.0000E-06   2.2550E+01   40  5  1    4
 (3) Contents of Scatter Plots
     Max. No. of Scat_Plots =     50
     Number   of Scat_Plots =      0

 Histogram (ID =  1 ) for x                                                               
                              Linear Scale indicated by "*"
     x      d(Sigma)/dx     0.0E+00      2.8E-02      5.5E-02     8.3E-02      
 +-------+------------------+------------+------------+-----------+-----------+
 I  E  0 I 0.000        E  0I                                                 I
 I-9.210 I 0.000+-0.000 E  0I                                                 I
 I-9.038 I 0.000+-0.000 E  0I                                                 I
 I-8.865 I 0.000+-0.000 E  0I                                                 I
 I-8.692 I 0.000+-0.000 E  0I                                                 I
 I-8.520 I 0.000+-0.000 E  0I                                                 I
 I-8.347 I 0.000+-0.000 E  0I                                                 I
 I-8.174 I 0.000+-0.000 E  0I                                                 I
 I-8.001 I 0.000+-0.000 E  0I                                                 I
 I-7.829 I 0.000+-0.000 E  0I                                                 I
 I-7.656 I 0.000+-0.000 E  0I                                                 I
 I-7.483 I 0.000+-0.000 E  0I                                                 I
 I-7.311 I 0.000+-0.000 E  0I                                                 I
 I-7.138 I 0.000+-0.000 E  0I                                                 I
 I-6.965 I 0.000+-0.000 E  0I                                                 I
 I-6.793 I 0.000+-0.000 E  0I                                                 I
 I-6.620 I 0.000+-0.000 E  0I                                                 I
 I-6.447 I 0.000+-0.000 E  0I                                                 I
 I-6.275 I 0.000+-0.000 E  0I                                                 I
 I-6.102 I 0.000+-0.000 E  0I                                                 I
 I-5.929 I 0.000+-0.000 E  0I                                                 I
 I-5.756 I 0.000+-0.000 E  0I                                                 I
 I-5.584 I 0.000+-0.000 E  0I                                                 I
 I-5.411 I 0.000+-0.000 E  0I                                                 I
 I-5.238 I 0.000+-0.000 E  0I                                                 I
 I-5.066 I 0.000+-0.000 E  0I                                                 I
 I-4.893 I 0.000+-0.000 E  0I                                                 I
 I-4.720 I 0.000+-0.000 E  0I                                                 I
 I-4.548 I 0.000+-0.000 E  0I                                                 I
 I-4.375 I 0.000+-0.000 E  0I                                                 I
 I-4.202 I 0.000+-0.000 E  0I                                                 I
 I-4.030 I 0.000+-0.000 E  0I                                                 I
 I-3.857 I 0.000+-0.000 E  0I                                                 I
 I-3.684 I 0.000+-0.000 E  0I                                                 I
 I-3.511 I 0.000+-0.000 E  0I                                                 I
 I-3.339 I 0.000+-0.000 E  0I                                                 I
 I-3.166 I 0.000+-0.000 E  0I                                                 I
 I-2.993 I 0.000+-0.000 E  0I                                                 I
 I-2.821 I 0.000+-0.000 E  0I                                                 I
 I-2.648 I 0.000+-0.000 E  0I                                                 I
 I-2.475 I 0.000+-0.000 E  0I                                                 I
 I  E  0 I 8.628        E -2I****************************************OOOOOOO  I
 +-------+------------------+-------------------------------------------------+
     x      d(Sigma)/dx     1.0E-02                                    1.0E-01 
                              Logarithmic Scale indicated by "O"

 Histogram (ID =  2 ) for q                                                               
                              Linear Scale indicated by "*"
     x      d(Sigma)/dx     0.0E+00      9.0E-03      1.8E-02     2.7E-02      
 +-------+------------------+------------+------------+-----------+-----------+
 I  E  0 I 0.000        E  0I                                                 I
 I 1.386 I 0.000+-0.000 E  0I                                                 I
 I 1.467 I 0.000+-0.000 E  0I                                                 I
 I 1.547 I 0.000+-0.000 E  0I                                                 I
 I 1.628 I 0.000+-0.000 E  0I                                                 I
 I 1.708 I 0.000+-0.000 E  0I                                                 I
 I 1.789 I 0.000+-0.000 E  0I                                                 I
 I 1.869 I 0.000+-0.000 E  0I                                                 I
 I 1.950 I 0.000+-0.000 E  0I                                                 I
 I 2.030 I 0.000+-0.000 E  0I                                                 I
 I 2.111 I 0.000+-0.000 E  0I                                                 I
 I 2.191 I 0.000+-0.000 E  0I                                                 I
 I 2.271 I 0.000+-0.000 E  0I                                                 I
 I 2.352 I 0.000+-0.000 E  0I                                                 I
 I 2.432 I 0.000+-0.000 E  0I                                                 I
 I 2.513 I 0.000+-0.000 E  0I                                                 I
 I 2.593 I 0.000+-0.000 E  0I                                                 I
 I 2.674 I 0.000+-0.000 E  0I                                                 I
 I 2.754 I 0.000+-0.000 E  0I                                                 I
 I 2.835 I 0.000+-0.000 E  0I                                                 I
 I 2.915 I 0.000+-0.000 E  0I                                                 I
 I 2.996 I 0.000+-0.000 E  0I                                                 I
 I 3.076 I 0.000+-0.000 E  0I                                                 I
 I 3.157 I 0.000+-0.000 E  0I                                                 I
 I 3.237 I 0.000+-0.000 E  0I                                                 I
 I 3.318 I 0.000+-0.000 E  0I                                                 I
 I 3.398 I 0.000+-0.000 E  0I                                                 I
 I 3.479 I 0.000+-0.000 E  0I                                                 I
 I 3.559 I 0.000+-0.000 E  0I                                                 I
 I 3.640 I 0.000+-0.000 E  0I                                                 I
 I 3.720 I 0.000+-0.000 E  0I                                                 I
 I 3.800 I 0.000+-0.000 E  0I                                                 I
 I 3.881 I 0.000+-0.000 E  0I                                                 I
 I 3.961 I 1.596+-0.008 E -2IOOOOOOOOOOOOOOOOOOOOO**                          I
 I 4.042 I 2.972+-0.010 E -2I******************************************OOOOOO I
 I 4.122 I 2.815+-0.010 E -2I****************************************OOOOO    I
 I 4.203 I 2.713+-0.010 E -2I**************************************OOOOOO     I
 I 4.283 I 2.524+-0.009 E -2I************************************OOOOO        I
 I 4.364 I 2.430+-0.009 E -2I**********************************OOOOO          I
 I 4.444 I 2.326+-0.009 E -2I*********************************OOOO            I
 I 4.525 I 2.306+-0.009 E -2I*********************************OOOO            I
 I  E  0 I 7.044        E -2IOOOOOOOOOOOOOOOOOOOOOOOOOOOOOOOOOOOOOOOOOOOOOOOOOO
 +-------+------------------+-------------------------------------------------+
     x      d(Sigma)/dx     1.0E-02                                    3.2E-02 
                              Logarithmic Scale indicated by "O"

 Histogram (ID =  3 ) for t                                                               
                              Linear Scale indicated by "*"
     x      d(Sigma)/dx     0.0E+00      1.7E-01      3.5E-01     5.2E-01      
 +-------+------------------+------------+------------+-----------+-----------+
 I  E  0 I 0.000        E  0I                                                 I
 I-1.000 I 6.226+-0.074 E -4I*OOOOOOOOO                                       I
 I-0.975 I 6.541+-0.091 E -4I*OOOOOOOOOO                                      I
 I-0.950 I 8.972+-0.116 E -4I*OOOOOOOOOOO                                     I
 I-0.925 I 1.082+-0.014 E -3I*OOOOOOOOOOOO                                    I
 I-0.900 I 1.174+-0.014 E -3I*OOOOOOOOOOOOO                                   I
 I-0.875 I 1.429+-0.016 E -3I*OOOOOOOOOOOOOO                                  I
 I-0.850 I 1.791+-0.017 E -3I*OOOOOOOOOOOOOOO                                 I
 I-0.825 I 2.169+-0.025 E -3I*OOOOOOOOOOOOOOOO                                I
 I-0.800 I 2.401+-0.025 E -3I*OOOOOOOOOOOOOOOOO                               I
 I-0.775 I 3.491+-0.040 E -3I*OOOOOOOOOOOOOOOOOOO                             I
 I-0.750 I 3.133+-0.034 E -3I*OOOOOOOOOOOOOOOOOO                              I
 I-0.725 I 4.086+-0.043 E -3I*OOOOOOOOOOOOOOOOOOOO                            I
 I-0.700 I 4.239+-0.057 E -3I*OOOOOOOOOOOOOOOOOOOO                            I
 I-0.675 I 6.712+-0.064 E -3I*OOOOOOOOOOOOOOOOOOOOOO                          I
 I-0.650 I 6.862+-0.064 E -3I*OOOOOOOOOOOOOOOOOOOOOO                          I
 I-0.625 I 7.957+-0.101 E -3I*OOOOOOOOOOOOOOOOOOOOOOO                         I
 I-0.600 I 8.144+-0.104 E -3I*OOOOOOOOOOOOOOOOOOOOOOO                         I
 I-0.575 I 1.174+-0.041 E -2I*OOOOOOOOOOOOOOOOOOOOOOOOO                       I
 I-0.550 I 1.427+-0.010 E -2I**OOOOOOOOOOOOOOOOOOOOOOOOO                      I
 I-0.525 I 1.809+-0.011 E -2I**OOOOOOOOOOOOOOOOOOOOOOOOOOO                    I
 I-0.500 I 1.892+-0.014 E -2I**OOOOOOOOOOOOOOOOOOOOOOOOOOO                    I
 I-0.475 I 2.481+-0.013 E -2I**OOOOOOOOOOOOOOOOOOOOOOOOOOOO                   I
 I-0.450 I 2.851+-0.018 E -2I***OOOOOOOOOOOOOOOOOOOOOOOOOOOO                  I
 I-0.425 I 3.230+-0.033 E -2I***OOOOOOOOOOOOOOOOOOOOOOOOOOOOO                 I
 I-0.400 I 4.179+-0.017 E -2I***OOOOOOOOOOOOOOOOOOOOOOOOOOOOOO                I
 I-0.375 I 4.777+-0.018 E -2I****OOOOOOOOOOOOOOOOOOOOOOOOOOOOOO               I
 I-0.350 I 5.863+-0.021 E -2I*****OOOOOOOOOOOOOOOOOOOOOOOOOOOOOO              I
 I-0.325 I 6.492+-0.027 E -2I*****OOOOOOOOOOOOOOOOOOOOOOOOOOOOOOO             I
 I-0.300 I 8.367+-0.024 E -2I******OOOOOOOOOOOOOOOOOOOOOOOOOOOOOOO            I
 I-0.275 I 9.728+-0.027 E -2I*******OOOOOOOOOOOOOOOOOOOOOOOOOOOOOOO           I
 I-0.250 I 1.176+-0.003 E -1I*********OOOOOOOOOOOOOOOOOOOOOOOOOOOOOO          I
 I-0.225 I 1.338+-0.003 E -1I**********OOOOOOOOOOOOOOOOOOOOOOOOOOOOOO         I
 I-0.200 I 1.630+-0.003 E -1I************OOOOOOOOOOOOOOOOOOOOOOOOOOOOO        I
 I-0.175 I 1.946+-0.004 E -1I**************OOOOOOOOOOOOOOOOOOOOOOOOOOOO       I
 I-0.150 I 2.318+-0.004 E -1I*****************OOOOOOOOOOOOOOOOOOOOOOOOOO      I
 I-0.125 I 2.750+-0.004 E -1I********************OOOOOOOOOOOOOOOOOOOOOOO      I
 I-0.100 I 3.288+-0.004 E -1I************************OOOOOOOOOOOOOOOOOOOO     I
 I-0.075 I 3.911+-0.005 E -1I****************************OOOOOOOOOOOOOOOOO    I
 I-0.050 I 4.687+-0.005 E -1I**********************************OOOOOOOOOOOO   I
 I-0.025 I 5.472+-0.006 E -1I****************************************OOOOOOO  I
 I  E  0 I 0.000        E  0I                                                 I
 +-------+------------------+------------+------------+-----------+-----------+
     x      d(Sigma)/dx     1.0E-04      1.0E-03      1.0E-02     1.0E-01      
                              Logarithmic Scale indicated by "O"

 Histogram (ID =  4 ) for Egam radie                                                      
                              Linear Scale indicated by "*"
     x      d(Sigma)/dx     0.0E+00      2.8E-02      5.5E-02     8.3E-02      
 +-------+------------------+------------+------------+-----------+-----------+
 I  E  1 I 8.628        E -2I****************************************OOOOOOO  I
 I 0.000 I 0.000+-0.000 E  0I                                                 I
 I 0.056 I 0.000+-0.000 E  0I                                                 I
 I 0.113 I 0.000+-0.000 E  0I                                                 I
 I 0.169 I 0.000+-0.000 E  0I                                                 I
 I 0.226 I 0.000+-0.000 E  0I                                                 I
 I 0.282 I 0.000+-0.000 E  0I                                                 I
 I 0.338 I 0.000+-0.000 E  0I                                                 I
 I 0.395 I 0.000+-0.000 E  0I                                                 I
 I 0.451 I 0.000+-0.000 E  0I                                                 I
 I 0.507 I 0.000+-0.000 E  0I                                                 I
 I 0.564 I 0.000+-0.000 E  0I                                                 I
 I 0.620 I 0.000+-0.000 E  0I                                                 I
 I 0.676 I 0.000+-0.000 E  0I                                                 I
 I 0.733 I 0.000+-0.000 E  0I                                                 I
 I 0.789 I 0.000+-0.000 E  0I                                                 I
 I 0.846 I 0.000+-0.000 E  0I                                                 I
 I 0.902 I 0.000+-0.000 E  0I                                                 I
 I 0.958 I 0.000+-0.000 E  0I                                                 I
 I 1.015 I 0.000+-0.000 E  0I                                                 I
 I 1.071 I 0.000+-0.000 E  0I                                                 I
 I 1.127 I 0.000+-0.000 E  0I                                                 I
 I 1.184 I 0.000+-0.000 E  0I                                                 I
 I 1.240 I 0.000+-0.000 E  0I                                                 I
 I 1.297 I 0.000+-0.000 E  0I                                                 I
 I 1.353 I 0.000+-0.000 E  0I                                                 I
 I 1.409 I 0.000+-0.000 E  0I                                                 I
 I 1.466 I 0.000+-0.000 E  0I                                                 I
 I 1.522 I 0.000+-0.000 E  0I                                                 I
 I 1.578 I 0.000+-0.000 E  0I                                                 I
 I 1.635 I 0.000+-0.000 E  0I                                                 I
 I 1.691 I 0.000+-0.000 E  0I                                                 I
 I 1.748 I 0.000+-0.000 E  0I                                                 I
 I 1.804 I 0.000+-0.000 E  0I                                                 I
 I 1.860 I 0.000+-0.000 E  0I                                                 I
 I 1.917 I 0.000+-0.000 E  0I                                                 I
 I 1.973 I 0.000+-0.000 E  0I                                                 I
 I 2.029 I 0.000+-0.000 E  0I                                                 I
 I 2.086 I 0.000+-0.000 E  0I                                                 I
 I 2.142 I 0.000+-0.000 E  0I                                                 I
 I 2.199 I 0.000+-0.000 E  0I                                                 I
 I  E  1 I 0.000        E  0I                                                 I
 +-------+------------------+-------------------------------------------------+
     x      d(Sigma)/dx     1.0E-02                                    1.0E-01 
                              Logarithmic Scale indicated by "O"
 *************************************
 *     INTEGRATION TERMINATED        *
 *************************************
 Total cross-section (nb) :   8.62786323E-02
 Error                    :   5.32101403E-05





                                                     Date: 2010/ 4/21  14:50
        **********************************************************
        *                                                        *
        *    SSSSS   PPPPPP   RRRRRR   IIIII  N    NN   GGGGG    *
        *   SS   SS  PP   PP  RR   RR   III   NN   NN  GG   GG   *
        *   SS       PP   PP  RR   RR   III   NNN  NN  GG        *
        *    SSSSS   PPPPPP   RRRRR     III   NNNN NN  GG  GGGG  *
        *        SS  PP       RR  RR    III   NN NNNN  GG   GG   *
        *   SS   SS  PP       RR   RR   III   NN  NNN  GG   GG   *
        *    SSSSS   PP       RR    RR IIIII  NN   NN   GGGGG    *
        *                                                        *
        *                  SPRING Version 5.1                    *
        *           coded by S.Kawabata KEK, March 1994          *
        **********************************************************

     Number of generated events    =        10
     Generation efficiency         =    76.923 Percent
     Computing time for generation =     0.050 Seconds
                    for Overhead   =   991.880 Seconds
                    for Others     =     0.000 Seconds
     GO time for event generation  =   991.930 Seconds
     Max. number of trials MXTRY   =        50 per event
     Number of miss-generation     =         0 times

     ************* Number of trials to get an event *************
 Total =        10 events   "*" : No. of events in Linear scale.
    x      Lg(dN/dx)  dN/dx 0.0E+00      2.3E+00     4.5E+00      6.8E+00      
 +-------+----------+-------+------------+-----------+------------+-----------+
 I 0.100 I 7.000E  0I      7I***************************************OOOOOOOO  I
 I 0.200 I 3.000E  0I      3I*****************OOOOOOOOOO                      I
 I 0.300 I 0.000E  0I      0I                                                 I
 I 0.400 I 0.000E  0I      0I                                                 I
 I 0.500 I 0.000E  0I      0I                                                 I
 I 0.600 I 0.000E  0I      0I                                                 I
 I 0.700 I 0.000E  0I      0I                                                 I
 I 0.800 I 0.000E  0I      0I                                                 I
 I 0.900 I 0.000E  0I      0I                                                 I
 I 1.000 I 0.000E  0I      0I                                                 I
 I 1.100 I 0.000E  0I      0I                                                 I
 I 1.200 I 0.000E  0I      0I                                                 I
 I 1.300 I 0.000E  0I      0I                                                 I
 I 1.400 I 0.000E  0I      0I                                                 I
 I 1.500 I 0.000E  0I      0I                                                 I
 I 1.600 I 0.000E  0I      0I                                                 I
 I 1.700 I 0.000E  0I      0I                                                 I
 I 1.800 I 0.000E  0I      0I                                                 I
 I 1.900 I 0.000E  0I      0I                                                 I
 I 2.000 I 0.000E  0I      0I                                                 I
 I 2.100 I 0.000E  0I      0I                                                 I
 I 2.200 I 0.000E  0I      0I                                                 I
 I 2.300 I 0.000E  0I      0I                                                 I
 I 2.400 I 0.000E  0I      0I                                                 I
 I 2.500 I 0.000E  0I      0I                                                 I
 I 2.600 I 0.000E  0I      0I                                                 I
 I 2.700 I 0.000E  0I      0I                                                 I
 I 2.800 I 0.000E  0I      0I                                                 I
 I 2.900 I 0.000E  0I      0I                                                 I
 I 3.000 I 0.000E  0I      0I                                                 I
 I 3.100 I 0.000E  0I      0I                                                 I
 I 3.200 I 0.000E  0I      0I                                                 I
 I 3.300 I 0.000E  0I      0I                                                 I
 I 3.400 I 0.000E  0I      0I                                                 I
 I 3.500 I 0.000E  0I      0I                                                 I
 I 3.600 I 0.000E  0I      0I                                                 I
 I 3.700 I 0.000E  0I      0I                                                 I
 I 3.800 I 0.000E  0I      0I                                                 I
 I 3.900 I 0.000E  0I      0I                                                 I
 I 4.000 I 0.000E  0I      0I                                                 I
 I 4.100 I 0.000E  0I      0I                                                 I
 I 4.200 I 0.000E  0I      0I                                                 I
 I 4.300 I 0.000E  0I      0I                                                 I
 I 4.400 I 0.000E  0I      0I                                                 I
 I 4.500 I 0.000E  0I      0I                                                 I
 I 4.600 I 0.000E  0I      0I                                                 I
 I 4.700 I 0.000E  0I      0I                                                 I
 I 4.800 I 0.000E  0I      0I                                                 I
 I 4.900 I 0.000E  0I      0I                                                 I
 I 5.000 I 0.000E  0I      0I                                                 I
 I  E  1 I 0.000E  0I      0I                                                 I
 +-------+----------+-------+-------------------------------------------------+
    x      Lg(dN/dx)  dN/dx 1.0E+00                                    7.9E+00 
                              "O" : No. of Events in Log. scale.



     *********  Contents of the histogram Header *********

 (1) Actual Buffer size     =   1124 Words
 (2) Contents of Histograms 
     Max. No. of Histograms =     50
     Number   of Histograms =      4
    ID     X_min        X_max    X_bin Hash Hst#
     1  -9.2103E+00  -2.3026E+00   40  2  1    1
     2   1.3863E+00   4.6052E+00   40  3  1    2
     3  -1.0000E+00   0.0000E+00   40  4  1    3
     4   1.0000E-06   2.2550E+01   40  5  1    4
 (3) Contents of Scatter Plots
     Max. No. of Scat_Plots =     50
     Number   of Scat_Plots =      0

 Original Histogram (ID =  1 ) for x                                                           

     ***************************************
     *    SPRING has no entry              *
     *     in the histogram ID(     1 )    *
     ***************************************

 Original Histogram (ID =  2 ) for q                                                           
 Total =        10 events   "*" : Orig. Dist. in Log Scale.
    x      d(Sig/dx)  dN/dx 1.0E-02                                    3.2E-02 
 +-------+----------+-------+-------------------------------------------------+
 I  E  0 I 0.000E  0I      0I                                                 I
 I 1.386 I 0.000E  0I      0I                                                 I
 I 1.467 I 0.000E  0I      0I                                                 I
 I 1.547 I 0.000E  0I      0I                                                 I
 I 1.628 I 0.000E  0I      0I                                                 I
 I 1.708 I 0.000E  0I      0I                                                 I
 I 1.789 I 0.000E  0I      0I                                                 I
 I 1.869 I 0.000E  0I      0I                                                 I
 I 1.950 I 0.000E  0I      0I                                                 I
 I 2.030 I 0.000E  0I      0I                                                 I
 I 2.111 I 0.000E  0I      0I                                                 I
 I 2.191 I 0.000E  0I      0I                                                 I
 I 2.271 I 0.000E  0I      0I                                                 I
 I 2.352 I 0.000E  0I      0I                                                 I
 I 2.432 I 0.000E  0I      0I                                                 I
 I 2.513 I 0.000E  0I      0I                                                 I
 I 2.593 I 0.000E  0I      0I                                                 I
 I 2.674 I 0.000E  0I      0I                                                 I
 I 2.754 I 0.000E  0I      0I                                                 I
 I 2.835 I 0.000E  0I      0I                                                 I
 I 2.915 I 0.000E  0I      0I                                                 I
 I 2.996 I 0.000E  0I      0I                                                 I
 I 3.076 I 0.000E  0I      0I                                                 I
 I 3.157 I 0.000E  0I      0I                                                 I
 I 3.237 I 0.000E  0I      0I                                                 I
 I 3.318 I 0.000E  0I      0I                                                 I
 I 3.398 I 0.000E  0I      0I                                                 I
 I 3.479 I 0.000E  0I      0I                                                 I
 I 3.559 I 0.000E  0I      0I                                                 I
 I 3.640 I 0.000E  0I      0I                                                 I
 I 3.720 I 0.000E  0I      0I                                                 I
 I 3.800 I 0.000E  0I      0I                                                 I
 I 3.881 I 0.000E  0I      0I                                                 I
 I 3.961 I 1.596E -2I      0I*********************                            I
 I 4.042 I 2.972E -2I      1I************************************************ O
 I 4.122 I 2.815E -2I      0I*********************************************    I
 I 4.203 I 2.713E -2I      1I********************************************     O
 I 4.283 I 2.524E -2I      0I*****************************************        I
 I 4.364 I 2.430E -2I      0I***************************************          I
 I 4.444 I 2.326E -2I      1I*************************************            O
 I 4.525 I 2.306E -2I      0I*************************************            I
 I  E  0 I 7.044E -2I      7I************************************<************O
 +-------+----------+-------+-------------------------------------------------+
    x      d(Sig/dx)  dN/dx    "O" : Generated Events.( Arbitrary unit in Log )

 Original Histogram (ID =  3 ) for t                                                           
 Total =        10 events   "*" : Orig. Dist. in Log Scale.
    x      d(Sig/dx)  dN/dx 1.0E-04      1.0E-03      1.0E-02     1.0E-01      
 +-------+----------+-------+------------+------------+-----------+-----------+
 I  E  0 I 0.000E  0I      0I                                                 I
 I-1.000 I 6.226E -4I      0I**********                                       I
 I-0.975 I 6.541E -4I      0I***********                                      I
 I-0.950 I 8.972E -4I      0I************                                     I
 I-0.925 I 1.082E -3I      0I*************                                    I
 I-0.900 I 1.174E -3I      0I**************                                   I
 I-0.875 I 1.429E -3I      0I***************                                  I
 I-0.850 I 1.791E -3I      0I****************                                 I
 I-0.825 I 2.169E -3I      0I*****************                                I
 I-0.800 I 2.401E -3I      0I******************                               I
 I-0.775 I 3.491E -3I      0I********************                             I
 I-0.750 I 3.133E -3I      0I*******************                              I
 I-0.725 I 4.086E -3I      0I*********************                            I
 I-0.700 I 4.239E -3I      0I*********************                            I
 I-0.675 I 6.712E -3I      0I***********************                          I
 I-0.650 I 6.862E -3I      0I***********************                          I
 I-0.625 I 7.957E -3I      0I************************                         I
 I-0.600 I 8.144E -3I      0I************************                         I
 I-0.575 I 1.174E -2I      0I**************************                       I
 I-0.550 I 1.427E -2I      0I***************************                      I
 I-0.525 I 1.809E -2I      0I*****************************                    I
 I-0.500 I 1.892E -2I      0I*****************************                    I
 I-0.475 I 2.481E -2I      0I******************************                   I
 I-0.450 I 2.851E -2I      0I*******************************                  I
 I-0.425 I 3.230E -2I      0I********************************                 I
 I-0.400 I 4.179E -2I      0I*********************************                I
 I-0.375 I 4.777E -2I      0I**********************************               I
 I-0.350 I 5.863E -2I      1I***********************************         O  > I
 I-0.325 I 6.492E -2I      0I************************************             I
 I-0.300 I 8.367E -2I      0I*************************************            I
 I-0.275 I 9.728E -2I      0I**************************************           I
 I-0.250 I 1.176E -1I      0I***************************************          I
 I-0.225 I 1.338E -1I      0I****************************************         I
 I-0.200 I 1.630E -1I      2I*****************************************<     O I
 I-0.175 I 1.946E -1I      0I******************************************       I
 I-0.150 I 2.318E -1I      0I*******************************************      I
 I-0.125 I 2.750E -1I      0I*******************************************      I
 I-0.100 I 3.288E -1I      1I********************************************O  > I
 I-0.075 I 3.911E -1I      2I*****************************************<***  O I
 I-0.050 I 4.687E -1I      3I*********************************************<   O
 I-0.025 I 5.472E -1I      1I********************************************O**> I
 I  E  0 I 0.000E  0I      0I                                                 I
 +-------+----------+-------+------------+------------+-----------+-----------+
    x      d(Sig/dx)  dN/dx    "O" : Generated Events.( Arbitrary unit in Log )

 Original Histogram (ID =  4 ) for Egam radie                                                  

     ***************************************
     *    SPRING has no entry              *
     *     in the histogram ID(     4 )    *
     ***************************************
